
****** Vivado v2019.2 (64-bit)
  **** SW Build 2708876 on Wed Nov  6 21:40:23 MST 2019
  **** IP Build 2700528 on Thu Nov  7 00:09:20 MST 2019
    ** Copyright 1986-2019 Xilinx, Inc. All Rights Reserved.

source run_ippack.tcl -notrace
INFO: [ProjectBase 1-489] The host OS only allows 260 characters in a normal path. The project is stored in a path with more than 80 characters. If you experience issues with IP, Block Designs, or files not being found, please consider moving the project to a location with a shorter path. Alternately consider using the OS subst command to map part of the path to a drive letter.
Current project path is 'E:/pgprogram/tcd_pgprogram/5m01IntegratedSystemDesign/lab04_HLS/solution1/impl/ip'
INFO: [IP_Flow 19-234] Refreshing IP repositories
INFO: [IP_Flow 19-1704] No user IP repositories specified
INFO: [IP_Flow 19-2313] Loaded Vivado IP repository 'D:/Xilinx_Vivado_2019.2_1106_2127/Vivado/2019.2/data/ip'.
WARNING: [IP_Flow 19-4832] The IP name 'sobel_accel_ap_dadd_3_full_dsp_64' you have specified is long. The Windows operating system has path length limitations. It is recommended you use shorter names to reduce the likelihood of issues.
INFO: [IP_Flow 19-1686] Generating 'Synthesis' target for IP 'sobel_accel_ap_dadd_3_full_dsp_64'...
INFO: [IP_Flow 19-1686] Generating 'Simulation' target for IP 'sobel_accel_ap_dadd_3_full_dsp_64'...
WARNING: [IP_Flow 19-4832] The IP name 'sobel_accel_ap_dmul_4_max_dsp_64' you have specified is long. The Windows operating system has path length limitations. It is recommended you use shorter names to reduce the likelihood of issues.
INFO: [IP_Flow 19-1686] Generating 'Synthesis' target for IP 'sobel_accel_ap_dmul_4_max_dsp_64'...
INFO: [IP_Flow 19-1686] Generating 'Simulation' target for IP 'sobel_accel_ap_dmul_4_max_dsp_64'...
WARNING: [IP_Flow 19-4832] The IP name 'sobel_accel_ap_sitodp_4_no_dsp_32' you have specified is long. The Windows operating system has path length limitations. It is recommended you use shorter names to reduce the likelihood of issues.
INFO: [IP_Flow 19-1686] Generating 'Synthesis' target for IP 'sobel_accel_ap_sitodp_4_no_dsp_32'...
INFO: [IP_Flow 19-1686] Generating 'Simulation' target for IP 'sobel_accel_ap_sitodp_4_no_dsp_32'...
WARNING: [IP_Flow 19-4832] The IP name 'sobel_accel_ap_uitodp_4_no_dsp_32' you have specified is long. The Windows operating system has path length limitations. It is recommended you use shorter names to reduce the likelihood of issues.
INFO: [IP_Flow 19-1686] Generating 'Synthesis' target for IP 'sobel_accel_ap_uitodp_4_no_dsp_32'...
INFO: [IP_Flow 19-1686] Generating 'Simulation' target for IP 'sobel_accel_ap_uitodp_4_no_dsp_32'...
INFO: [IP_Flow 19-234] Refreshing IP repositories
INFO: [IP_Flow 19-1704] No user IP repositories specified
INFO: [IP_Flow 19-2313] Loaded Vivado IP repository 'D:/Xilinx_Vivado_2019.2_1106_2127/Vivado/2019.2/data/ip'.
INFO: [Common 17-206] Exiting Vivado at Thu Nov 23 00:17:39 2023...
