

================================================================
== Vivado HLS Report for 'Block_proc'
================================================================
* Date:           Wed Nov 22 22:28:18 2023

* Version:        2019.2 (Build 2704478 on Wed Nov 06 22:10:23 MST 2019)
* Project:        lab04_HLS
* Solution:       solution1
* Product family: zynq
* Target device:  xc7z020-clg400-1


================================================================
== Performance Estimates
================================================================
+ Timing: 
    * Summary: 
    +--------+----------+----------+------------+
    |  Clock |  Target  | Estimated| Uncertainty|
    +--------+----------+----------+------------+
    |ap_clk  | 10.00 ns | 3.634 ns |   1.25 ns  |
    +--------+----------+----------+------------+

+ Latency: 
    * Summary: 
    +---------+---------+----------+----------+-----+-----+---------+
    |  Latency (cycles) |  Latency (absolute) |  Interval | Pipeline|
    |   min   |   max   |    min   |    max   | min | max |   Type  |
    +---------+---------+----------+----------+-----+-----+---------+
    |        0|        0|   0 ns   |   0 ns   |    0|    0|   none  |
    +---------+---------+----------+----------+-----+-----+---------+

    + Detail: 
        * Instance: 
        N/A

        * Loop: 
        N/A

============================================================
+ Verbose Summary: Synthesis Manager
============================================================
InlineROM: 1
ExposeGlobal: 0
============================================================
+ Verbose Summary: CDFG Model
============================================================
IsTopModel: 0
ResetActiveHigh: 1
IsCombinational: 2
IsDatapathOnly: 0
HasWiredReturn: 1
HasMFsm: 0
HasVarLatency: 0
IsPipeline: 0
IsRtlPipelined: 0
IsInstanceOverlapped: 0
IsDontTouch: 0
HasImplIP: 0
IsGatedGlobalClock: 0


============================================================
+ Verbose Summary: Schedule
============================================================
* Number of FSM states : 1
* Pipeline : 0
* Dataflow Pipeline: 0

* FSM state transitions: 
1 --> 

* FSM state operations: 

State 1 <SV = 0> <Delay = 3.63>
ST_1 : Operation 2 [1/1] (0.00ns)   --->   "call void (...)* @_ssdm_op_SpecInterface(i12* %sobel_g_cols_V_out, [8 x i8]* @ap_fifo_str, i32 0, i32 0, [1 x i8]* @p_str448, i32 0, i32 0, [1 x i8]* @p_str449, [1 x i8]* @p_str450, [1 x i8]* @p_str451, i32 2, i32 2, i32 16, i32 16, [1 x i8]* @p_str452, [1 x i8]* @p_str453)"   --->   Operation 2 'specinterface' <Predicate = true> <Delay = 0.00>
ST_1 : Operation 3 [1/1] (0.00ns)   --->   "call void (...)* @_ssdm_op_SpecInterface(i11* %sobel_g_rows_V_out, [8 x i8]* @ap_fifo_str, i32 0, i32 0, [1 x i8]* @p_str442, i32 0, i32 0, [1 x i8]* @p_str443, [1 x i8]* @p_str444, [1 x i8]* @p_str445, i32 2, i32 2, i32 16, i32 16, [1 x i8]* @p_str446, [1 x i8]* @p_str447)"   --->   Operation 3 'specinterface' <Predicate = true> <Delay = 0.00>
ST_1 : Operation 4 [1/1] (0.00ns)   --->   "call void (...)* @_ssdm_op_SpecInterface(i12* %src_cols_V_out, [8 x i8]* @ap_fifo_str, i32 0, i32 0, [1 x i8]* @p_str436, i32 0, i32 0, [1 x i8]* @p_str437, [1 x i8]* @p_str438, [1 x i8]* @p_str439, i32 2, i32 2, i32 16, i32 16, [1 x i8]* @p_str440, [1 x i8]* @p_str441)"   --->   Operation 4 'specinterface' <Predicate = true> <Delay = 0.00>
ST_1 : Operation 5 [1/1] (0.00ns)   --->   "call void (...)* @_ssdm_op_SpecInterface(i11* %src_rows_V_out, [8 x i8]* @ap_fifo_str, i32 0, i32 0, [1 x i8]* @p_str430, i32 0, i32 0, [1 x i8]* @p_str431, [1 x i8]* @p_str432, [1 x i8]* @p_str433, i32 2, i32 2, i32 16, i32 16, [1 x i8]* @p_str434, [1 x i8]* @p_str435)"   --->   Operation 5 'specinterface' <Predicate = true> <Delay = 0.00>
ST_1 : Operation 6 [1/1] (3.63ns)   --->   "call void @_ssdm_op_Write.ap_fifo.i11P(i11* %src_rows_V_out, i11 720)" [D:/Xilinx_Vivado_2019.2_1106_2127/Vivado/2019.2/common/technology/autopilot/hls/hls_video_core.h:656->D:/Xilinx_Vivado_2019.2_1106_2127/Vivado/2019.2/common/technology/autopilot/hls/hls_video_core.h:642->D:/Xilinx_Vivado_2019.2_1106_2127/Vivado/2019.2/common/technology/autopilot/hls/hls_video_core.h:643->C:/Users/Gonglingyu/Desktop/sobel.cpp:10->C:/Users/Gonglingyu/Desktop/sobel.cpp:22]   --->   Operation 6 'write' <Predicate = true> <Delay = 3.63> <Core = "FIFO">   --->   Core 32 'FIFO' <Latency = 0> <II = 1> <Delay = 3.63> <Storage> <Opcode : 'read' 'write' 'nbread' 'nbwrite'> <Ports = 0> <Width = 12> <Depth = 2> <FIFO>
ST_1 : Operation 7 [1/1] (3.63ns)   --->   "call void @_ssdm_op_Write.ap_fifo.i12P(i12* %src_cols_V_out, i12 1280)" [D:/Xilinx_Vivado_2019.2_1106_2127/Vivado/2019.2/common/technology/autopilot/hls/hls_video_core.h:657->D:/Xilinx_Vivado_2019.2_1106_2127/Vivado/2019.2/common/technology/autopilot/hls/hls_video_core.h:642->D:/Xilinx_Vivado_2019.2_1106_2127/Vivado/2019.2/common/technology/autopilot/hls/hls_video_core.h:643->C:/Users/Gonglingyu/Desktop/sobel.cpp:10->C:/Users/Gonglingyu/Desktop/sobel.cpp:22]   --->   Operation 7 'write' <Predicate = true> <Delay = 3.63> <Core = "FIFO">   --->   Core 32 'FIFO' <Latency = 0> <II = 1> <Delay = 3.63> <Storage> <Opcode : 'read' 'write' 'nbread' 'nbwrite'> <Ports = 0> <Width = 12> <Depth = 2> <FIFO>
ST_1 : Operation 8 [1/1] (3.63ns)   --->   "call void @_ssdm_op_Write.ap_fifo.i11P(i11* %sobel_g_rows_V_out, i11 720)" [D:/Xilinx_Vivado_2019.2_1106_2127/Vivado/2019.2/common/technology/autopilot/hls/hls_video_core.h:656->D:/Xilinx_Vivado_2019.2_1106_2127/Vivado/2019.2/common/technology/autopilot/hls/hls_video_core.h:642->D:/Xilinx_Vivado_2019.2_1106_2127/Vivado/2019.2/common/technology/autopilot/hls/hls_video_core.h:643->C:/Users/Gonglingyu/Desktop/sobel.cpp:19->C:/Users/Gonglingyu/Desktop/sobel.cpp:22]   --->   Operation 8 'write' <Predicate = true> <Delay = 3.63> <Core = "FIFO">   --->   Core 32 'FIFO' <Latency = 0> <II = 1> <Delay = 3.63> <Storage> <Opcode : 'read' 'write' 'nbread' 'nbwrite'> <Ports = 0> <Width = 12> <Depth = 2> <FIFO>
ST_1 : Operation 9 [1/1] (3.63ns)   --->   "call void @_ssdm_op_Write.ap_fifo.i12P(i12* %sobel_g_cols_V_out, i12 1280)" [D:/Xilinx_Vivado_2019.2_1106_2127/Vivado/2019.2/common/technology/autopilot/hls/hls_video_core.h:657->D:/Xilinx_Vivado_2019.2_1106_2127/Vivado/2019.2/common/technology/autopilot/hls/hls_video_core.h:642->D:/Xilinx_Vivado_2019.2_1106_2127/Vivado/2019.2/common/technology/autopilot/hls/hls_video_core.h:643->C:/Users/Gonglingyu/Desktop/sobel.cpp:19->C:/Users/Gonglingyu/Desktop/sobel.cpp:22]   --->   Operation 9 'write' <Predicate = true> <Delay = 3.63> <Core = "FIFO">   --->   Core 32 'FIFO' <Latency = 0> <II = 1> <Delay = 3.63> <Storage> <Opcode : 'read' 'write' 'nbread' 'nbwrite'> <Ports = 0> <Width = 12> <Depth = 2> <FIFO>
ST_1 : Operation 10 [1/1] (0.00ns)   --->   "ret void" [C:/Users/Gonglingyu/Desktop/sobel.cpp:22]   --->   Operation 10 'ret' <Predicate = true> <Delay = 0.00>


============================================================
+ Verbose Summary: Timing violations
============================================================
Target clock period: 10ns, clock uncertainty: 1.25ns.

 <State 1>: 3.63ns
The critical path consists of the following:
	fifo write on port 'src_rows_V_out' (D:/Xilinx_Vivado_2019.2_1106_2127/Vivado/2019.2/common/technology/autopilot/hls/hls_video_core.h:656->D:/Xilinx_Vivado_2019.2_1106_2127/Vivado/2019.2/common/technology/autopilot/hls/hls_video_core.h:642->D:/Xilinx_Vivado_2019.2_1106_2127/Vivado/2019.2/common/technology/autopilot/hls/hls_video_core.h:643->C:/Users/Gonglingyu/Desktop/sobel.cpp:10->C:/Users/Gonglingyu/Desktop/sobel.cpp:22) [9]  (3.63 ns)


============================================================
+ Verbose Summary: Binding
============================================================
N/A
* FSMD analyzer results:
  - Output states:
 - Input state : 
  - Chain level:
	State 1


============================================================
+ Verbose Summary: Datapath Resource usage 
============================================================
N/A
