

================================================================
== Vivado HLS Report for 'ConvertScaleAbs273'
================================================================
* Date:           Wed Nov 22 22:28:23 2023

* Version:        2019.2 (Build 2704478 on Wed Nov 06 22:10:23 MST 2019)
* Project:        lab04_HLS
* Solution:       solution1
* Product family: zynq
* Target device:  xc7z020-clg400-1


================================================================
== Performance Estimates
================================================================
+ Timing: 
    * Summary: 
    +--------+----------+----------+------------+
    |  Clock |  Target  | Estimated| Uncertainty|
    +--------+----------+----------+------------+
    |ap_clk  | 10.00 ns | 8.151 ns |   1.25 ns  |
    +--------+----------+----------+------------+

+ Latency: 
    * Summary: 
    +---------+---------+----------+----------+--------+--------+---------+
    |  Latency (cycles) |  Latency (absolute) |     Interval    | Pipeline|
    |   min   |   max   |    min   |    max   |   min  |   max  |   Type  |
    +---------+---------+----------+----------+--------+--------+---------+
    |   930961|   930961| 9.310 ms | 9.310 ms |  930961|  930961|   none  |
    +---------+---------+----------+----------+--------+--------+---------+

    + Detail: 
        * Instance: 
        N/A

        * Loop: 
        +---------------+---------+---------+----------+-----------+-----------+------+----------+
        |               |  Latency (cycles) | Iteration|  Initiation Interval  | Trip |          |
        |   Loop Name   |   min   |   max   |  Latency |  achieved |   target  | Count| Pipelined|
        +---------------+---------+---------+----------+-----------+-----------+------+----------+
        |- loop_height  |   930960|   930960|      1293|          -|          -|   720|    no    |
        | + loop_width  |     1290|     1290|        12|          1|          1|  1280|    yes   |
        +---------------+---------+---------+----------+-----------+-----------+------+----------+

============================================================
+ Verbose Summary: Synthesis Manager
============================================================
InlineROM: 1
ExposeGlobal: 0
============================================================
+ Verbose Summary: CDFG Model
============================================================
IsTopModel: 0
ResetActiveHigh: 1
IsCombinational: 2
IsDatapathOnly: 0
HasWiredReturn: 1
HasMFsm: 0
HasVarLatency: 1
IsPipeline: 0
IsRtlPipelined: 0
IsInstanceOverlapped: 0
IsDontTouch: 0
HasImplIP: 0
IsGatedGlobalClock: 0

+ Individual pipeline summary: 
  * Pipeline-0: initiation interval (II) = 1, depth = 12


============================================================
+ Verbose Summary: Schedule
============================================================
* Number of FSM states : 15
* Pipeline : 1
  Pipeline-0 : II = 1, D = 12, States = { 3 4 5 6 7 8 9 10 11 12 13 14 }
* Dataflow Pipeline: 0

* FSM state transitions: 
1 --> 2 
2 --> 3 
3 --> 15 4 
4 --> 5 
5 --> 6 
6 --> 7 
7 --> 8 
8 --> 9 
9 --> 10 
10 --> 11 
11 --> 12 
12 --> 13 
13 --> 14 
14 --> 3 
15 --> 2 

* FSM state operations: 

State 1 <SV = 0> <Delay = 1.76>
ST_1 : Operation 16 [1/1] (0.00ns)   --->   "call void (...)* @_ssdm_op_SpecInterface(i8* %p_dst_data_stream_V, [8 x i8]* @ap_fifo_str, i32 0, i32 0, [1 x i8]* @p_str388, i32 0, i32 0, [1 x i8]* @p_str389, [1 x i8]* @p_str390, [1 x i8]* @p_str391, i32 2, i32 2, i32 16, i32 16, [1 x i8]* @p_str392, [1 x i8]* @p_str393)"   --->   Operation 16 'specinterface' <Predicate = true> <Delay = 0.00>
ST_1 : Operation 17 [1/1] (0.00ns)   --->   "call void (...)* @_ssdm_op_SpecInterface(i16* %p_src_data_stream_V, [8 x i8]* @ap_fifo_str, i32 0, i32 0, [1 x i8]* @p_str374, i32 0, i32 0, [1 x i8]* @p_str375, [1 x i8]* @p_str376, [1 x i8]* @p_str377, i32 2, i32 2, i32 16, i32 16, [1 x i8]* @p_str378, [1 x i8]* @p_str379)"   --->   Operation 17 'specinterface' <Predicate = true> <Delay = 0.00>
ST_1 : Operation 18 [1/1] (1.76ns)   --->   "br label %0" [D:/Xilinx_Vivado_2019.2_1106_2127/Vivado/2019.2/common/technology/autopilot/hls/hls_video_imgproc.h:2526]   --->   Operation 18 'br' <Predicate = true> <Delay = 1.76>

State 2 <SV = 1> <Delay = 2.74>
ST_2 : Operation 19 [1/1] (0.00ns)   --->   "%i_0 = phi i10 [ 0, %._crit_edge ], [ %i, %loop_height_end ]"   --->   Operation 19 'phi' 'i_0' <Predicate = true> <Delay = 0.00>
ST_2 : Operation 20 [1/1] (0.00ns)   --->   "call void (...)* @_ssdm_op_SpecLoopTripCount(i64 720, i64 720, i64 720)"   --->   Operation 20 'speclooptripcount' <Predicate = true> <Delay = 0.00>
ST_2 : Operation 21 [1/1] (1.77ns)   --->   "%icmp_ln2526 = icmp eq i10 %i_0, -304" [D:/Xilinx_Vivado_2019.2_1106_2127/Vivado/2019.2/common/technology/autopilot/hls/hls_video_imgproc.h:2526]   --->   Operation 21 'icmp' 'icmp_ln2526' <Predicate = true> <Delay = 1.77> <Core = "Cmp">   --->   Core 25 'Cmp' <Latency = 0> <II = 1> <Delay = 1.77> <FuncUnit> <Opcode : 'icmp'> <InPorts = 2> <OutPorts = 1>
ST_2 : Operation 22 [1/1] (1.73ns)   --->   "%i = add i10 %i_0, 1" [D:/Xilinx_Vivado_2019.2_1106_2127/Vivado/2019.2/common/technology/autopilot/hls/hls_video_imgproc.h:2526]   --->   Operation 22 'add' 'i' <Predicate = true> <Delay = 1.73> <Core = "AddSub">   --->   Core 14 'AddSub' <Latency = 0> <II = 1> <Delay = 1.73> <FuncUnit> <Opcode : 'add' 'sub'> <InPorts = 2> <OutPorts = 1>
ST_2 : Operation 23 [1/1] (0.00ns)   --->   "br i1 %icmp_ln2526, label %2, label %loop_height_begin" [D:/Xilinx_Vivado_2019.2_1106_2127/Vivado/2019.2/common/technology/autopilot/hls/hls_video_imgproc.h:2526]   --->   Operation 23 'br' <Predicate = true> <Delay = 0.00>
ST_2 : Operation 24 [1/1] (0.00ns)   --->   "call void (...)* @_ssdm_op_SpecLoopName([12 x i8]* @p_str9) nounwind" [D:/Xilinx_Vivado_2019.2_1106_2127/Vivado/2019.2/common/technology/autopilot/hls/hls_video_imgproc.h:2526]   --->   Operation 24 'specloopname' <Predicate = (!icmp_ln2526)> <Delay = 0.00>
ST_2 : Operation 25 [1/1] (0.00ns)   --->   "%tmp_6 = call i32 (...)* @_ssdm_op_SpecRegionBegin([12 x i8]* @p_str9)" [D:/Xilinx_Vivado_2019.2_1106_2127/Vivado/2019.2/common/technology/autopilot/hls/hls_video_imgproc.h:2526]   --->   Operation 25 'specregionbegin' 'tmp_6' <Predicate = (!icmp_ln2526)> <Delay = 0.00>
ST_2 : Operation 26 [1/1] (1.76ns)   --->   "br label %1" [D:/Xilinx_Vivado_2019.2_1106_2127/Vivado/2019.2/common/technology/autopilot/hls/hls_video_imgproc.h:2527]   --->   Operation 26 'br' <Predicate = (!icmp_ln2526)> <Delay = 1.76>
ST_2 : Operation 27 [1/1] (0.00ns)   --->   "ret void" [D:/Xilinx_Vivado_2019.2_1106_2127/Vivado/2019.2/common/technology/autopilot/hls/hls_video_imgproc.h:2538]   --->   Operation 27 'ret' <Predicate = (icmp_ln2526)> <Delay = 0.00>

State 3 <SV = 2> <Delay = 1.88>
ST_3 : Operation 28 [1/1] (0.00ns)   --->   "%j_0 = phi i11 [ 0, %loop_height_begin ], [ %j, %loop_width_begin ]"   --->   Operation 28 'phi' 'j_0' <Predicate = true> <Delay = 0.00>
ST_3 : Operation 29 [1/1] (0.00ns)   --->   "call void (...)* @_ssdm_op_SpecLoopTripCount(i64 1280, i64 1280, i64 1280)"   --->   Operation 29 'speclooptripcount' <Predicate = true> <Delay = 0.00>
ST_3 : Operation 30 [1/1] (1.88ns)   --->   "%icmp_ln2527 = icmp eq i11 %j_0, -768" [D:/Xilinx_Vivado_2019.2_1106_2127/Vivado/2019.2/common/technology/autopilot/hls/hls_video_imgproc.h:2527]   --->   Operation 30 'icmp' 'icmp_ln2527' <Predicate = true> <Delay = 1.88> <Core = "Cmp">   --->   Core 25 'Cmp' <Latency = 0> <II = 1> <Delay = 1.77> <FuncUnit> <Opcode : 'icmp'> <InPorts = 2> <OutPorts = 1>
ST_3 : Operation 31 [1/1] (1.63ns)   --->   "%j = add i11 %j_0, 1" [D:/Xilinx_Vivado_2019.2_1106_2127/Vivado/2019.2/common/technology/autopilot/hls/hls_video_imgproc.h:2527]   --->   Operation 31 'add' 'j' <Predicate = true> <Delay = 1.63> <Core = "AddSub">   --->   Core 14 'AddSub' <Latency = 0> <II = 1> <Delay = 1.73> <FuncUnit> <Opcode : 'add' 'sub'> <InPorts = 2> <OutPorts = 1>
ST_3 : Operation 32 [1/1] (0.00ns)   --->   "br i1 %icmp_ln2527, label %loop_height_end, label %loop_width_begin" [D:/Xilinx_Vivado_2019.2_1106_2127/Vivado/2019.2/common/technology/autopilot/hls/hls_video_imgproc.h:2527]   --->   Operation 32 'br' <Predicate = true> <Delay = 0.00>

State 4 <SV = 3> <Delay = 3.63>
ST_4 : Operation 33 [1/1] (0.00ns)   --->   "%tmp_8 = call i32 (...)* @_ssdm_op_SpecRegionBegin([13 x i8]* @p_str25)" [D:/Xilinx_Vivado_2019.2_1106_2127/Vivado/2019.2/common/technology/autopilot/hls/hls_video_core.h:672->D:/Xilinx_Vivado_2019.2_1106_2127/Vivado/2019.2/common/technology/autopilot/hls/hls_video_core.h:711->D:/Xilinx_Vivado_2019.2_1106_2127/Vivado/2019.2/common/technology/autopilot/hls/hls_video_imgproc.h:2530]   --->   Operation 33 'specregionbegin' 'tmp_8' <Predicate = (!icmp_ln2527)> <Delay = 0.00>
ST_4 : Operation 34 [1/1] (0.00ns)   --->   "call void (...)* @_ssdm_op_SpecProtocol(i32 0, [1 x i8]* @p_str2) nounwind" [D:/Xilinx_Vivado_2019.2_1106_2127/Vivado/2019.2/common/technology/autopilot/hls/hls_video_core.h:676->D:/Xilinx_Vivado_2019.2_1106_2127/Vivado/2019.2/common/technology/autopilot/hls/hls_video_core.h:711->D:/Xilinx_Vivado_2019.2_1106_2127/Vivado/2019.2/common/technology/autopilot/hls/hls_video_imgproc.h:2530]   --->   Operation 34 'specprotocol' <Predicate = (!icmp_ln2527)> <Delay = 0.00>
ST_4 : Operation 35 [1/1] (3.63ns)   --->   "%tmp = call i16 @_ssdm_op_Read.ap_fifo.volatile.i16P(i16* %p_src_data_stream_V)" [D:/Xilinx_Vivado_2019.2_1106_2127/Vivado/2019.2/common/technology/autopilot/hls/hls_video_core.h:679->D:/Xilinx_Vivado_2019.2_1106_2127/Vivado/2019.2/common/technology/autopilot/hls/hls_video_core.h:711->D:/Xilinx_Vivado_2019.2_1106_2127/Vivado/2019.2/common/technology/autopilot/hls/hls_video_imgproc.h:2530]   --->   Operation 35 'read' 'tmp' <Predicate = (!icmp_ln2527)> <Delay = 3.63> <Core = "FIFO">   --->   Core 32 'FIFO' <Latency = 0> <II = 1> <Delay = 3.63> <Storage> <Opcode : 'read' 'write' 'nbread' 'nbwrite'> <Ports = 0> <Width = 8> <Depth = 2> <FIFO>
ST_4 : Operation 36 [1/1] (0.00ns)   --->   "%empty = call i32 (...)* @_ssdm_op_SpecRegionEnd([13 x i8]* @p_str25, i32 %tmp_8)" [D:/Xilinx_Vivado_2019.2_1106_2127/Vivado/2019.2/common/technology/autopilot/hls/hls_video_core.h:681->D:/Xilinx_Vivado_2019.2_1106_2127/Vivado/2019.2/common/technology/autopilot/hls/hls_video_core.h:711->D:/Xilinx_Vivado_2019.2_1106_2127/Vivado/2019.2/common/technology/autopilot/hls/hls_video_imgproc.h:2530]   --->   Operation 36 'specregionend' 'empty' <Predicate = (!icmp_ln2527)> <Delay = 0.00>

State 5 <SV = 4> <Delay = 6.28>
ST_5 : Operation 37 [1/1] (0.00ns)   --->   "%sext_ln2533 = sext i16 %tmp to i32" [D:/Xilinx_Vivado_2019.2_1106_2127/Vivado/2019.2/common/technology/autopilot/hls/hls_video_imgproc.h:2533]   --->   Operation 37 'sext' 'sext_ln2533' <Predicate = (!icmp_ln2527)> <Delay = 0.00>
ST_5 : Operation 38 [6/6] (6.28ns)   --->   "%x_assign = sitofp i32 %sext_ln2533 to double" [D:/Xilinx_Vivado_2019.2_1106_2127/Vivado/2019.2/common/technology/autopilot/hls/hls_video_imgproc.h:2533]   --->   Operation 38 'sitodp' 'x_assign' <Predicate = (!icmp_ln2527)> <Delay = 6.28> <Core = "Int2Double">   --->   Core 122 'Int2Double' <Latency = 5> <II = 1> <Delay = 6.28> <FuncUnit> <Opcode : 'sitodp' 'uitodp'> <InPorts = 1> <OutPorts = 1>

State 6 <SV = 5> <Delay = 6.28>
ST_6 : Operation 39 [5/6] (6.28ns)   --->   "%x_assign = sitofp i32 %sext_ln2533 to double" [D:/Xilinx_Vivado_2019.2_1106_2127/Vivado/2019.2/common/technology/autopilot/hls/hls_video_imgproc.h:2533]   --->   Operation 39 'sitodp' 'x_assign' <Predicate = (!icmp_ln2527)> <Delay = 6.28> <Core = "Int2Double">   --->   Core 122 'Int2Double' <Latency = 5> <II = 1> <Delay = 6.28> <FuncUnit> <Opcode : 'sitodp' 'uitodp'> <InPorts = 1> <OutPorts = 1>

State 7 <SV = 6> <Delay = 6.28>
ST_7 : Operation 40 [4/6] (6.28ns)   --->   "%x_assign = sitofp i32 %sext_ln2533 to double" [D:/Xilinx_Vivado_2019.2_1106_2127/Vivado/2019.2/common/technology/autopilot/hls/hls_video_imgproc.h:2533]   --->   Operation 40 'sitodp' 'x_assign' <Predicate = (!icmp_ln2527)> <Delay = 6.28> <Core = "Int2Double">   --->   Core 122 'Int2Double' <Latency = 5> <II = 1> <Delay = 6.28> <FuncUnit> <Opcode : 'sitodp' 'uitodp'> <InPorts = 1> <OutPorts = 1>

State 8 <SV = 7> <Delay = 6.28>
ST_8 : Operation 41 [3/6] (6.28ns)   --->   "%x_assign = sitofp i32 %sext_ln2533 to double" [D:/Xilinx_Vivado_2019.2_1106_2127/Vivado/2019.2/common/technology/autopilot/hls/hls_video_imgproc.h:2533]   --->   Operation 41 'sitodp' 'x_assign' <Predicate = (!icmp_ln2527)> <Delay = 6.28> <Core = "Int2Double">   --->   Core 122 'Int2Double' <Latency = 5> <II = 1> <Delay = 6.28> <FuncUnit> <Opcode : 'sitodp' 'uitodp'> <InPorts = 1> <OutPorts = 1>

State 9 <SV = 8> <Delay = 6.28>
ST_9 : Operation 42 [2/6] (6.28ns)   --->   "%x_assign = sitofp i32 %sext_ln2533 to double" [D:/Xilinx_Vivado_2019.2_1106_2127/Vivado/2019.2/common/technology/autopilot/hls/hls_video_imgproc.h:2533]   --->   Operation 42 'sitodp' 'x_assign' <Predicate = (!icmp_ln2527)> <Delay = 6.28> <Core = "Int2Double">   --->   Core 122 'Int2Double' <Latency = 5> <II = 1> <Delay = 6.28> <FuncUnit> <Opcode : 'sitodp' 'uitodp'> <InPorts = 1> <OutPorts = 1>

State 10 <SV = 9> <Delay = 6.28>
ST_10 : Operation 43 [1/6] (6.28ns)   --->   "%x_assign = sitofp i32 %sext_ln2533 to double" [D:/Xilinx_Vivado_2019.2_1106_2127/Vivado/2019.2/common/technology/autopilot/hls/hls_video_imgproc.h:2533]   --->   Operation 43 'sitodp' 'x_assign' <Predicate = (!icmp_ln2527)> <Delay = 6.28> <Core = "Int2Double">   --->   Core 122 'Int2Double' <Latency = 5> <II = 1> <Delay = 6.28> <FuncUnit> <Opcode : 'sitodp' 'uitodp'> <InPorts = 1> <OutPorts = 1>

State 11 <SV = 10> <Delay = 6.22>
ST_11 : Operation 44 [1/1] (0.00ns)   --->   "%p_Val2_s = bitcast double %x_assign to i64" [r:/builds/2019.2/continuous/2019_11_06_2708876/src/products/hls/hls_lib/src/hls\utils/x_hls_utils.h:475->r:/builds/2019.2/continuous/2019_11_06_2708876/src/products/hls/hls_lib/src/hls\utils/x_hls_utils.h:479->r:/builds/2019.2/continuous/2019_11_06_2708876/src/products/hls/hls_lib/hlsmath/include/FloatingPoint/hls_copysign.h:12->r:/builds/2019.2/continuous/2019_11_06_2708876/src/products/hls/hls_lib/hlsmath/include/FloatingPoint\hls_fabs.h:13->r:/builds/2019.2/continuous/2019_11_06_2708876/src/products/hls/hls_lib/hlsmath/src/c++/absdouble.cpp:7->D:/Xilinx_Vivado_2019.2_1106_2127/Vivado/2019.2/common/technology/autopilot/hls/hls_video_imgproc.h:2533]   --->   Operation 44 'bitcast' 'p_Val2_s' <Predicate = (!icmp_ln2527)> <Delay = 0.00>
ST_11 : Operation 45 [1/1] (0.00ns)   --->   "%trunc_ln368 = trunc i64 %p_Val2_s to i63" [r:/builds/2019.2/continuous/2019_11_06_2708876/src/products/hls/hls_lib/src/hls\utils/x_hls_utils.h:495->r:/builds/2019.2/continuous/2019_11_06_2708876/src/products/hls/hls_lib/src/hls\utils/x_hls_utils.h:512->r:/builds/2019.2/continuous/2019_11_06_2708876/src/products/hls/hls_lib/src/hls\utils/x_hls_utils.h:526->r:/builds/2019.2/continuous/2019_11_06_2708876/src/products/hls/hls_lib/hlsmath/include/FloatingPoint/hls_copysign.h:14->r:/builds/2019.2/continuous/2019_11_06_2708876/src/products/hls/hls_lib/hlsmath/include/FloatingPoint\hls_fabs.h:13->r:/builds/2019.2/continuous/2019_11_06_2708876/src/products/hls/hls_lib/hlsmath/src/c++/absdouble.cpp:7->D:/Xilinx_Vivado_2019.2_1106_2127/Vivado/2019.2/common/technology/autopilot/hls/hls_video_imgproc.h:2533]   --->   Operation 45 'trunc' 'trunc_ln368' <Predicate = (!icmp_ln2527)> <Delay = 0.00>
ST_11 : Operation 46 [1/1] (0.00ns)   --->   "%tmp_V = call i11 @_ssdm_op_PartSelect.i11.i64.i32.i32(i64 %p_Val2_s, i32 52, i32 62)" [r:/builds/2019.2/continuous/2019_11_06_2708876/src/products/hls/hls_lib/src/hls\utils/x_hls_utils.h:477->r:/builds/2019.2/continuous/2019_11_06_2708876/src/products/hls/hls_lib/src/hls\utils/x_hls_utils.h:479->r:/builds/2019.2/continuous/2019_11_06_2708876/src/products/hls/hls_lib/hlsmath/include/FloatingPoint\hls_isnan.h:17->r:/builds/2019.2/continuous/2019_11_06_2708876/src/products/hls/hls_lib/hlsmath/src/c++/isnandouble.cpp:7->r:/builds/2019.2/continuous/2019_11_06_2708876/src/products/hls/hls_lib/hlsmath/src/c++/isnandouble.cpp:11->D:/Xilinx_Vivado_2019.2_1106_2127/Vivado/2019.2/common/technology/autopilot/hls/hls_video_types.h:428->D:/Xilinx_Vivado_2019.2_1106_2127/Vivado/2019.2/common/technology/autopilot/hls/hls_video_types.h:500->D:/Xilinx_Vivado_2019.2_1106_2127/Vivado/2019.2/common/technology/autopilot/hls/hls_video_imgproc.h:2533]   --->   Operation 46 'partselect' 'tmp_V' <Predicate = (!icmp_ln2527)> <Delay = 0.00>
ST_11 : Operation 47 [1/1] (0.00ns)   --->   "%tmp_V_3 = trunc i64 %p_Val2_s to i52" [r:/builds/2019.2/continuous/2019_11_06_2708876/src/products/hls/hls_lib/src/hls\utils/x_hls_utils.h:478->r:/builds/2019.2/continuous/2019_11_06_2708876/src/products/hls/hls_lib/src/hls\utils/x_hls_utils.h:479->r:/builds/2019.2/continuous/2019_11_06_2708876/src/products/hls/hls_lib/hlsmath/include/FloatingPoint\hls_isnan.h:17->r:/builds/2019.2/continuous/2019_11_06_2708876/src/products/hls/hls_lib/hlsmath/src/c++/isnandouble.cpp:7->r:/builds/2019.2/continuous/2019_11_06_2708876/src/products/hls/hls_lib/hlsmath/src/c++/isnandouble.cpp:11->D:/Xilinx_Vivado_2019.2_1106_2127/Vivado/2019.2/common/technology/autopilot/hls/hls_video_types.h:428->D:/Xilinx_Vivado_2019.2_1106_2127/Vivado/2019.2/common/technology/autopilot/hls/hls_video_types.h:500->D:/Xilinx_Vivado_2019.2_1106_2127/Vivado/2019.2/common/technology/autopilot/hls/hls_video_imgproc.h:2533]   --->   Operation 47 'trunc' 'tmp_V_3' <Predicate = (!icmp_ln2527)> <Delay = 0.00>
ST_11 : Operation 48 [1/1] (1.88ns)   --->   "%icmp_ln833 = icmp eq i11 %tmp_V, -1" [r:/builds/2019.2/continuous/2019_11_06_2708876/src/products/hls/hls_lib/hlsmath/include/FloatingPoint\hls_isnan.h:18->r:/builds/2019.2/continuous/2019_11_06_2708876/src/products/hls/hls_lib/hlsmath/src/c++/isnandouble.cpp:7->r:/builds/2019.2/continuous/2019_11_06_2708876/src/products/hls/hls_lib/hlsmath/src/c++/isnandouble.cpp:11->D:/Xilinx_Vivado_2019.2_1106_2127/Vivado/2019.2/common/technology/autopilot/hls/hls_video_types.h:428->D:/Xilinx_Vivado_2019.2_1106_2127/Vivado/2019.2/common/technology/autopilot/hls/hls_video_types.h:500->D:/Xilinx_Vivado_2019.2_1106_2127/Vivado/2019.2/common/technology/autopilot/hls/hls_video_imgproc.h:2533]   --->   Operation 48 'icmp' 'icmp_ln833' <Predicate = (!icmp_ln2527)> <Delay = 1.88> <Core = "Cmp">   --->   Core 25 'Cmp' <Latency = 0> <II = 1> <Delay = 1.77> <FuncUnit> <Opcode : 'icmp'> <InPorts = 2> <OutPorts = 1>
ST_11 : Operation 49 [1/1] (0.00ns)   --->   "%zext_ln461 = zext i11 %tmp_V to i12" [D:/Xilinx_Vivado_2019.2_1106_2127/Vivado/2019.2/common/technology/autopilot/hls/hls_video_types.h:429->D:/Xilinx_Vivado_2019.2_1106_2127/Vivado/2019.2/common/technology/autopilot/hls/hls_video_types.h:500->D:/Xilinx_Vivado_2019.2_1106_2127/Vivado/2019.2/common/technology/autopilot/hls/hls_video_imgproc.h:2533]   --->   Operation 49 'zext' 'zext_ln461' <Predicate = (!icmp_ln2527)> <Delay = 0.00>
ST_11 : Operation 50 [1/1] (2.78ns)   --->   "%icmp_ln571 = icmp eq i63 %trunc_ln368, 0" [D:/Xilinx_Vivado_2019.2_1106_2127/Vivado/2019.2/common/technology/autopilot/hls/hls_video_types.h:429->D:/Xilinx_Vivado_2019.2_1106_2127/Vivado/2019.2/common/technology/autopilot/hls/hls_video_types.h:500->D:/Xilinx_Vivado_2019.2_1106_2127/Vivado/2019.2/common/technology/autopilot/hls/hls_video_imgproc.h:2533]   --->   Operation 50 'icmp' 'icmp_ln571' <Predicate = (!icmp_ln2527)> <Delay = 2.78> <Core = "Cmp">   --->   Core 25 'Cmp' <Latency = 0> <II = 1> <Delay = 1.77> <FuncUnit> <Opcode : 'icmp'> <InPorts = 2> <OutPorts = 1>
ST_11 : Operation 51 [1/1] (1.54ns)   --->   "%F2 = sub i12 1075, %zext_ln461" [D:/Xilinx_Vivado_2019.2_1106_2127/Vivado/2019.2/common/technology/autopilot/hls/hls_video_types.h:429->D:/Xilinx_Vivado_2019.2_1106_2127/Vivado/2019.2/common/technology/autopilot/hls/hls_video_types.h:500->D:/Xilinx_Vivado_2019.2_1106_2127/Vivado/2019.2/common/technology/autopilot/hls/hls_video_imgproc.h:2533]   --->   Operation 51 'sub' 'F2' <Predicate = (!icmp_ln2527)> <Delay = 1.54> <Core = "AddSub">   --->   Core 14 'AddSub' <Latency = 0> <II = 1> <Delay = 1.73> <FuncUnit> <Opcode : 'add' 'sub'> <InPorts = 2> <OutPorts = 1>
ST_11 : Operation 52 [1/1] (1.99ns)   --->   "%icmp_ln581 = icmp sgt i12 %F2, 0" [D:/Xilinx_Vivado_2019.2_1106_2127/Vivado/2019.2/common/technology/autopilot/hls/hls_video_types.h:429->D:/Xilinx_Vivado_2019.2_1106_2127/Vivado/2019.2/common/technology/autopilot/hls/hls_video_types.h:500->D:/Xilinx_Vivado_2019.2_1106_2127/Vivado/2019.2/common/technology/autopilot/hls/hls_video_imgproc.h:2533]   --->   Operation 52 'icmp' 'icmp_ln581' <Predicate = (!icmp_ln2527)> <Delay = 1.99> <Core = "Cmp">   --->   Core 25 'Cmp' <Latency = 0> <II = 1> <Delay = 1.77> <FuncUnit> <Opcode : 'icmp'> <InPorts = 2> <OutPorts = 1>
ST_11 : Operation 53 [1/1] (1.54ns)   --->   "%sub_ln581 = sub i12 0, %F2" [D:/Xilinx_Vivado_2019.2_1106_2127/Vivado/2019.2/common/technology/autopilot/hls/hls_video_types.h:429->D:/Xilinx_Vivado_2019.2_1106_2127/Vivado/2019.2/common/technology/autopilot/hls/hls_video_types.h:500->D:/Xilinx_Vivado_2019.2_1106_2127/Vivado/2019.2/common/technology/autopilot/hls/hls_video_imgproc.h:2533]   --->   Operation 53 'sub' 'sub_ln581' <Predicate = (!icmp_ln2527)> <Delay = 1.54> <Core = "AddSub">   --->   Core 14 'AddSub' <Latency = 0> <II = 1> <Delay = 1.73> <FuncUnit> <Opcode : 'add' 'sub'> <InPorts = 2> <OutPorts = 1>
ST_11 : Operation 54 [1/1] (0.69ns)   --->   "%F2_2 = select i1 %icmp_ln581, i12 %F2, i12 %sub_ln581" [D:/Xilinx_Vivado_2019.2_1106_2127/Vivado/2019.2/common/technology/autopilot/hls/hls_video_types.h:429->D:/Xilinx_Vivado_2019.2_1106_2127/Vivado/2019.2/common/technology/autopilot/hls/hls_video_types.h:500->D:/Xilinx_Vivado_2019.2_1106_2127/Vivado/2019.2/common/technology/autopilot/hls/hls_video_imgproc.h:2533]   --->   Operation 54 'select' 'F2_2' <Predicate = (!icmp_ln2527)> <Delay = 0.69> <Core = "Sel">   --->   Core 26 'Sel' <Latency = 0> <II = 1> <Delay = 1.24> <FuncUnit> <Opcode : 'select'> <InPorts = 3> <OutPorts = 1>
ST_11 : Operation 55 [1/1] (1.88ns)   --->   "%icmp_ln582 = icmp eq i11 %tmp_V, -973" [D:/Xilinx_Vivado_2019.2_1106_2127/Vivado/2019.2/common/technology/autopilot/hls/hls_video_types.h:429->D:/Xilinx_Vivado_2019.2_1106_2127/Vivado/2019.2/common/technology/autopilot/hls/hls_video_types.h:500->D:/Xilinx_Vivado_2019.2_1106_2127/Vivado/2019.2/common/technology/autopilot/hls/hls_video_imgproc.h:2533]   --->   Operation 55 'icmp' 'icmp_ln582' <Predicate = (!icmp_ln2527)> <Delay = 1.88> <Core = "Cmp">   --->   Core 25 'Cmp' <Latency = 0> <II = 1> <Delay = 1.77> <FuncUnit> <Opcode : 'icmp'> <InPorts = 2> <OutPorts = 1>
ST_11 : Operation 56 [1/1] (0.00ns)   --->   "%trunc_ln583 = trunc i64 %p_Val2_s to i8" [D:/Xilinx_Vivado_2019.2_1106_2127/Vivado/2019.2/common/technology/autopilot/hls/hls_video_types.h:429->D:/Xilinx_Vivado_2019.2_1106_2127/Vivado/2019.2/common/technology/autopilot/hls/hls_video_types.h:500->D:/Xilinx_Vivado_2019.2_1106_2127/Vivado/2019.2/common/technology/autopilot/hls/hls_video_imgproc.h:2533]   --->   Operation 56 'trunc' 'trunc_ln583' <Predicate = (!icmp_ln2527)> <Delay = 0.00>
ST_11 : Operation 57 [1/1] (1.99ns)   --->   "%icmp_ln585 = icmp ult i12 %F2_2, 54" [D:/Xilinx_Vivado_2019.2_1106_2127/Vivado/2019.2/common/technology/autopilot/hls/hls_video_types.h:429->D:/Xilinx_Vivado_2019.2_1106_2127/Vivado/2019.2/common/technology/autopilot/hls/hls_video_types.h:500->D:/Xilinx_Vivado_2019.2_1106_2127/Vivado/2019.2/common/technology/autopilot/hls/hls_video_imgproc.h:2533]   --->   Operation 57 'icmp' 'icmp_ln585' <Predicate = (!icmp_ln2527)> <Delay = 1.99> <Core = "Cmp">   --->   Core 25 'Cmp' <Latency = 0> <II = 1> <Delay = 1.77> <FuncUnit> <Opcode : 'icmp'> <InPorts = 2> <OutPorts = 1>
ST_11 : Operation 58 [1/1] (0.00ns)   --->   "%tmp_50 = call i9 @_ssdm_op_PartSelect.i9.i12.i32.i32(i12 %F2_2, i32 3, i32 11)" [D:/Xilinx_Vivado_2019.2_1106_2127/Vivado/2019.2/common/technology/autopilot/hls/hls_video_types.h:429->D:/Xilinx_Vivado_2019.2_1106_2127/Vivado/2019.2/common/technology/autopilot/hls/hls_video_types.h:500->D:/Xilinx_Vivado_2019.2_1106_2127/Vivado/2019.2/common/technology/autopilot/hls/hls_video_imgproc.h:2533]   --->   Operation 58 'partselect' 'tmp_50' <Predicate = (!icmp_ln2527)> <Delay = 0.00>
ST_11 : Operation 59 [1/1] (1.66ns)   --->   "%icmp_ln603 = icmp eq i9 %tmp_50, 0" [D:/Xilinx_Vivado_2019.2_1106_2127/Vivado/2019.2/common/technology/autopilot/hls/hls_video_types.h:429->D:/Xilinx_Vivado_2019.2_1106_2127/Vivado/2019.2/common/technology/autopilot/hls/hls_video_types.h:500->D:/Xilinx_Vivado_2019.2_1106_2127/Vivado/2019.2/common/technology/autopilot/hls/hls_video_imgproc.h:2533]   --->   Operation 59 'icmp' 'icmp_ln603' <Predicate = (!icmp_ln2527)> <Delay = 1.66> <Core = "Cmp">   --->   Core 25 'Cmp' <Latency = 0> <II = 1> <Delay = 1.77> <FuncUnit> <Opcode : 'icmp'> <InPorts = 2> <OutPorts = 1>

State 12 <SV = 11> <Delay = 8.15>
ST_12 : Operation 60 [1/1] (2.89ns)   --->   "%icmp_ln837 = icmp ne i52 %tmp_V_3, 0" [r:/builds/2019.2/continuous/2019_11_06_2708876/src/products/hls/hls_lib/hlsmath/include/FloatingPoint\hls_isnan.h:18->r:/builds/2019.2/continuous/2019_11_06_2708876/src/products/hls/hls_lib/hlsmath/src/c++/isnandouble.cpp:7->r:/builds/2019.2/continuous/2019_11_06_2708876/src/products/hls/hls_lib/hlsmath/src/c++/isnandouble.cpp:11->D:/Xilinx_Vivado_2019.2_1106_2127/Vivado/2019.2/common/technology/autopilot/hls/hls_video_types.h:428->D:/Xilinx_Vivado_2019.2_1106_2127/Vivado/2019.2/common/technology/autopilot/hls/hls_video_types.h:500->D:/Xilinx_Vivado_2019.2_1106_2127/Vivado/2019.2/common/technology/autopilot/hls/hls_video_imgproc.h:2533]   --->   Operation 60 'icmp' 'icmp_ln837' <Predicate = (!icmp_ln2527)> <Delay = 2.89> <Core = "Cmp">   --->   Core 25 'Cmp' <Latency = 0> <II = 1> <Delay = 1.77> <FuncUnit> <Opcode : 'icmp'> <InPorts = 2> <OutPorts = 1>
ST_12 : Operation 61 [1/1] (0.00ns)   --->   "%tmp_1_i = call i53 @_ssdm_op_BitConcatenate.i53.i1.i52(i1 true, i52 %tmp_V_3) nounwind" [D:/Xilinx_Vivado_2019.2_1106_2127/Vivado/2019.2/common/technology/autopilot/hls/hls_video_types.h:429->D:/Xilinx_Vivado_2019.2_1106_2127/Vivado/2019.2/common/technology/autopilot/hls/hls_video_types.h:500->D:/Xilinx_Vivado_2019.2_1106_2127/Vivado/2019.2/common/technology/autopilot/hls/hls_video_imgproc.h:2533]   --->   Operation 61 'bitconcatenate' 'tmp_1_i' <Predicate = (!icmp_ln2527)> <Delay = 0.00>
ST_12 : Operation 62 [1/1] (0.00ns)   --->   "%p_Result_6 = zext i53 %tmp_1_i to i54" [D:/Xilinx_Vivado_2019.2_1106_2127/Vivado/2019.2/common/technology/autopilot/hls/hls_video_types.h:429->D:/Xilinx_Vivado_2019.2_1106_2127/Vivado/2019.2/common/technology/autopilot/hls/hls_video_types.h:500->D:/Xilinx_Vivado_2019.2_1106_2127/Vivado/2019.2/common/technology/autopilot/hls/hls_video_imgproc.h:2533]   --->   Operation 62 'zext' 'p_Result_6' <Predicate = (!icmp_ln2527)> <Delay = 0.00>
ST_12 : Operation 63 [1/1] (0.00ns) (grouped into LUT with out node p_Val2_14)   --->   "%sext_ln581 = sext i12 %F2_2 to i32" [D:/Xilinx_Vivado_2019.2_1106_2127/Vivado/2019.2/common/technology/autopilot/hls/hls_video_types.h:429->D:/Xilinx_Vivado_2019.2_1106_2127/Vivado/2019.2/common/technology/autopilot/hls/hls_video_types.h:500->D:/Xilinx_Vivado_2019.2_1106_2127/Vivado/2019.2/common/technology/autopilot/hls/hls_video_imgproc.h:2533]   --->   Operation 63 'sext' 'sext_ln581' <Predicate = (!icmp_ln2527 & icmp_ln585)> <Delay = 0.00>
ST_12 : Operation 64 [1/1] (0.00ns) (grouped into LUT with out node p_Val2_14)   --->   "%zext_ln586 = zext i32 %sext_ln581 to i54" [D:/Xilinx_Vivado_2019.2_1106_2127/Vivado/2019.2/common/technology/autopilot/hls/hls_video_types.h:429->D:/Xilinx_Vivado_2019.2_1106_2127/Vivado/2019.2/common/technology/autopilot/hls/hls_video_types.h:500->D:/Xilinx_Vivado_2019.2_1106_2127/Vivado/2019.2/common/technology/autopilot/hls/hls_video_imgproc.h:2533]   --->   Operation 64 'zext' 'zext_ln586' <Predicate = (!icmp_ln2527 & icmp_ln585)> <Delay = 0.00>
ST_12 : Operation 65 [1/1] (0.00ns) (grouped into LUT with out node p_Val2_14)   --->   "%ashr_ln586 = ashr i54 %p_Result_6, %zext_ln586" [D:/Xilinx_Vivado_2019.2_1106_2127/Vivado/2019.2/common/technology/autopilot/hls/hls_video_types.h:429->D:/Xilinx_Vivado_2019.2_1106_2127/Vivado/2019.2/common/technology/autopilot/hls/hls_video_types.h:500->D:/Xilinx_Vivado_2019.2_1106_2127/Vivado/2019.2/common/technology/autopilot/hls/hls_video_imgproc.h:2533]   --->   Operation 65 'ashr' 'ashr_ln586' <Predicate = (!icmp_ln2527 & icmp_ln585)> <Delay = 0.00> <Core = "Shift">   --->   Core 28 'Shift' <Latency = 0> <II = 1> <Delay = 4.42> <FuncUnit> <Opcode : 'shl' 'lshr' 'ashr'> <InPorts = 2> <OutPorts = 1>
ST_12 : Operation 66 [1/1] (0.00ns) (grouped into LUT with out node p_Val2_14)   --->   "%trunc_ln586 = trunc i54 %ashr_ln586 to i8" [D:/Xilinx_Vivado_2019.2_1106_2127/Vivado/2019.2/common/technology/autopilot/hls/hls_video_types.h:429->D:/Xilinx_Vivado_2019.2_1106_2127/Vivado/2019.2/common/technology/autopilot/hls/hls_video_types.h:500->D:/Xilinx_Vivado_2019.2_1106_2127/Vivado/2019.2/common/technology/autopilot/hls/hls_video_imgproc.h:2533]   --->   Operation 66 'trunc' 'trunc_ln586' <Predicate = (!icmp_ln2527 & icmp_ln585)> <Delay = 0.00>
ST_12 : Operation 67 [1/1] (4.61ns) (out node of the LUT)   --->   "%p_Val2_14 = select i1 %icmp_ln585, i8 %trunc_ln586, i8 0" [D:/Xilinx_Vivado_2019.2_1106_2127/Vivado/2019.2/common/technology/autopilot/hls/hls_video_types.h:429->D:/Xilinx_Vivado_2019.2_1106_2127/Vivado/2019.2/common/technology/autopilot/hls/hls_video_types.h:500->D:/Xilinx_Vivado_2019.2_1106_2127/Vivado/2019.2/common/technology/autopilot/hls/hls_video_imgproc.h:2533]   --->   Operation 67 'select' 'p_Val2_14' <Predicate = (!icmp_ln2527)> <Delay = 4.61> <Core = "Sel">   --->   Core 26 'Sel' <Latency = 0> <II = 1> <Delay = 1.24> <FuncUnit> <Opcode : 'select'> <InPorts = 3> <OutPorts = 1>
ST_12 : Operation 68 [1/1] (1.99ns)   --->   "%icmp_ln591 = icmp sgt i12 %F2, 54" [D:/Xilinx_Vivado_2019.2_1106_2127/Vivado/2019.2/common/technology/autopilot/hls/hls_video_types.h:429->D:/Xilinx_Vivado_2019.2_1106_2127/Vivado/2019.2/common/technology/autopilot/hls/hls_video_types.h:500->D:/Xilinx_Vivado_2019.2_1106_2127/Vivado/2019.2/common/technology/autopilot/hls/hls_video_imgproc.h:2533]   --->   Operation 68 'icmp' 'icmp_ln591' <Predicate = (!icmp_ln2527)> <Delay = 1.99> <Core = "Cmp">   --->   Core 25 'Cmp' <Latency = 0> <II = 1> <Delay = 1.77> <FuncUnit> <Opcode : 'icmp'> <InPorts = 2> <OutPorts = 1>
ST_12 : Operation 69 [1/1] (1.54ns)   --->   "%add_ln591 = add i12 -1, %F2" [D:/Xilinx_Vivado_2019.2_1106_2127/Vivado/2019.2/common/technology/autopilot/hls/hls_video_types.h:429->D:/Xilinx_Vivado_2019.2_1106_2127/Vivado/2019.2/common/technology/autopilot/hls/hls_video_types.h:500->D:/Xilinx_Vivado_2019.2_1106_2127/Vivado/2019.2/common/technology/autopilot/hls/hls_video_imgproc.h:2533]   --->   Operation 69 'add' 'add_ln591' <Predicate = (!icmp_ln2527)> <Delay = 1.54> <Core = "AddSub">   --->   Core 14 'AddSub' <Latency = 0> <II = 1> <Delay = 1.73> <FuncUnit> <Opcode : 'add' 'sub'> <InPorts = 2> <OutPorts = 1>
ST_12 : Operation 70 [1/1] (0.00ns) (grouped into LUT with out node p_Val2_15)   --->   "%zext_ln591 = zext i12 %add_ln591 to i32" [D:/Xilinx_Vivado_2019.2_1106_2127/Vivado/2019.2/common/technology/autopilot/hls/hls_video_types.h:429->D:/Xilinx_Vivado_2019.2_1106_2127/Vivado/2019.2/common/technology/autopilot/hls/hls_video_types.h:500->D:/Xilinx_Vivado_2019.2_1106_2127/Vivado/2019.2/common/technology/autopilot/hls/hls_video_imgproc.h:2533]   --->   Operation 70 'zext' 'zext_ln591' <Predicate = (!icmp_ln2527)> <Delay = 0.00>
ST_12 : Operation 71 [1/1] (0.00ns) (grouped into LUT with out node p_Val2_15)   --->   "%p_Result_s = call i1 @_ssdm_op_BitSelect.i1.i54.i32(i54 %p_Result_6, i32 %zext_ln591) nounwind" [D:/Xilinx_Vivado_2019.2_1106_2127/Vivado/2019.2/common/technology/autopilot/hls/hls_video_types.h:429->D:/Xilinx_Vivado_2019.2_1106_2127/Vivado/2019.2/common/technology/autopilot/hls/hls_video_types.h:500->D:/Xilinx_Vivado_2019.2_1106_2127/Vivado/2019.2/common/technology/autopilot/hls/hls_video_imgproc.h:2533]   --->   Operation 71 'bitselect' 'p_Result_s' <Predicate = (!icmp_ln2527)> <Delay = 0.00>
ST_12 : Operation 72 [1/1] (0.00ns) (grouped into LUT with out node p_Val2_15)   --->   "%qb = select i1 %icmp_ln591, i1 false, i1 %p_Result_s" [D:/Xilinx_Vivado_2019.2_1106_2127/Vivado/2019.2/common/technology/autopilot/hls/hls_video_types.h:429->D:/Xilinx_Vivado_2019.2_1106_2127/Vivado/2019.2/common/technology/autopilot/hls/hls_video_types.h:500->D:/Xilinx_Vivado_2019.2_1106_2127/Vivado/2019.2/common/technology/autopilot/hls/hls_video_imgproc.h:2533]   --->   Operation 72 'select' 'qb' <Predicate = (!icmp_ln2527)> <Delay = 0.00> <Core = "Sel">   --->   Core 26 'Sel' <Latency = 0> <II = 1> <Delay = 1.24> <FuncUnit> <Opcode : 'select'> <InPorts = 3> <OutPorts = 1>
ST_12 : Operation 73 [1/1] (0.00ns)   --->   "%p_Result_7 = call i1 @_ssdm_op_BitSelect.i1.i8.i32(i8 %p_Val2_14, i32 7)" [D:/Xilinx_Vivado_2019.2_1106_2127/Vivado/2019.2/common/technology/autopilot/hls/hls_video_types.h:429->D:/Xilinx_Vivado_2019.2_1106_2127/Vivado/2019.2/common/technology/autopilot/hls/hls_video_types.h:500->D:/Xilinx_Vivado_2019.2_1106_2127/Vivado/2019.2/common/technology/autopilot/hls/hls_video_imgproc.h:2533]   --->   Operation 73 'bitselect' 'p_Result_7' <Predicate = (!icmp_ln2527)> <Delay = 0.00>
ST_12 : Operation 74 [1/1] (0.00ns) (grouped into LUT with out node p_Val2_15)   --->   "%zext_ln415 = zext i1 %qb to i8" [D:/Xilinx_Vivado_2019.2_1106_2127/Vivado/2019.2/common/technology/autopilot/hls/hls_video_types.h:429->D:/Xilinx_Vivado_2019.2_1106_2127/Vivado/2019.2/common/technology/autopilot/hls/hls_video_types.h:500->D:/Xilinx_Vivado_2019.2_1106_2127/Vivado/2019.2/common/technology/autopilot/hls/hls_video_imgproc.h:2533]   --->   Operation 74 'zext' 'zext_ln415' <Predicate = (!icmp_ln2527)> <Delay = 0.00>
ST_12 : Operation 75 [1/1] (1.91ns) (out node of the LUT)   --->   "%p_Val2_15 = add i8 %p_Val2_14, %zext_ln415" [D:/Xilinx_Vivado_2019.2_1106_2127/Vivado/2019.2/common/technology/autopilot/hls/hls_video_types.h:429->D:/Xilinx_Vivado_2019.2_1106_2127/Vivado/2019.2/common/technology/autopilot/hls/hls_video_types.h:500->D:/Xilinx_Vivado_2019.2_1106_2127/Vivado/2019.2/common/technology/autopilot/hls/hls_video_imgproc.h:2533]   --->   Operation 75 'add' 'p_Val2_15' <Predicate = (!icmp_ln2527)> <Delay = 1.91> <Core = "AddSub">   --->   Core 14 'AddSub' <Latency = 0> <II = 1> <Delay = 1.73> <FuncUnit> <Opcode : 'add' 'sub'> <InPorts = 2> <OutPorts = 1>
ST_12 : Operation 76 [1/1] (0.00ns) (grouped into LUT with out node and_ln603_2)   --->   "%tmp_52 = call i1 @_ssdm_op_BitSelect.i1.i8.i32(i8 %p_Val2_15, i32 7)" [D:/Xilinx_Vivado_2019.2_1106_2127/Vivado/2019.2/common/technology/autopilot/hls/hls_video_types.h:429->D:/Xilinx_Vivado_2019.2_1106_2127/Vivado/2019.2/common/technology/autopilot/hls/hls_video_types.h:500->D:/Xilinx_Vivado_2019.2_1106_2127/Vivado/2019.2/common/technology/autopilot/hls/hls_video_imgproc.h:2533]   --->   Operation 76 'bitselect' 'tmp_52' <Predicate = (!icmp_ln2527)> <Delay = 0.00>
ST_12 : Operation 77 [1/1] (0.00ns) (grouped into LUT with out node and_ln603_2)   --->   "%xor_ln416 = xor i1 %tmp_52, true" [D:/Xilinx_Vivado_2019.2_1106_2127/Vivado/2019.2/common/technology/autopilot/hls/hls_video_types.h:429->D:/Xilinx_Vivado_2019.2_1106_2127/Vivado/2019.2/common/technology/autopilot/hls/hls_video_types.h:500->D:/Xilinx_Vivado_2019.2_1106_2127/Vivado/2019.2/common/technology/autopilot/hls/hls_video_imgproc.h:2533]   --->   Operation 77 'xor' 'xor_ln416' <Predicate = (!icmp_ln2527)> <Delay = 0.00> <Core = "LogicGate">   --->   Core 27 'LogicGate' <Latency = 0> <II = 1> <Delay = 0.97> <FuncUnit> <Opcode : 'and' 'or' 'xor'> <InPorts = 2> <OutPorts = 1>
ST_12 : Operation 78 [1/1] (0.00ns) (grouped into LUT with out node and_ln581)   --->   "%xor_ln582 = xor i1 %icmp_ln582, true" [D:/Xilinx_Vivado_2019.2_1106_2127/Vivado/2019.2/common/technology/autopilot/hls/hls_video_types.h:429->D:/Xilinx_Vivado_2019.2_1106_2127/Vivado/2019.2/common/technology/autopilot/hls/hls_video_types.h:500->D:/Xilinx_Vivado_2019.2_1106_2127/Vivado/2019.2/common/technology/autopilot/hls/hls_video_imgproc.h:2533]   --->   Operation 78 'xor' 'xor_ln582' <Predicate = (!icmp_ln2527)> <Delay = 0.00> <Core = "LogicGate">   --->   Core 27 'LogicGate' <Latency = 0> <II = 1> <Delay = 0.97> <FuncUnit> <Opcode : 'and' 'or' 'xor'> <InPorts = 2> <OutPorts = 1>
ST_12 : Operation 79 [1/1] (0.97ns) (out node of the LUT)   --->   "%and_ln581 = and i1 %icmp_ln581, %xor_ln582" [D:/Xilinx_Vivado_2019.2_1106_2127/Vivado/2019.2/common/technology/autopilot/hls/hls_video_types.h:429->D:/Xilinx_Vivado_2019.2_1106_2127/Vivado/2019.2/common/technology/autopilot/hls/hls_video_types.h:500->D:/Xilinx_Vivado_2019.2_1106_2127/Vivado/2019.2/common/technology/autopilot/hls/hls_video_imgproc.h:2533]   --->   Operation 79 'and' 'and_ln581' <Predicate = (!icmp_ln2527)> <Delay = 0.97> <Core = "LogicGate">   --->   Core 27 'LogicGate' <Latency = 0> <II = 1> <Delay = 0.97> <FuncUnit> <Opcode : 'and' 'or' 'xor'> <InPorts = 2> <OutPorts = 1>
ST_12 : Operation 80 [1/1] (0.97ns)   --->   "%and_ln403 = and i1 %and_ln581, %p_Result_7" [D:/Xilinx_Vivado_2019.2_1106_2127/Vivado/2019.2/common/technology/autopilot/hls/hls_video_types.h:429->D:/Xilinx_Vivado_2019.2_1106_2127/Vivado/2019.2/common/technology/autopilot/hls/hls_video_types.h:500->D:/Xilinx_Vivado_2019.2_1106_2127/Vivado/2019.2/common/technology/autopilot/hls/hls_video_imgproc.h:2533]   --->   Operation 80 'and' 'and_ln403' <Predicate = (!icmp_ln2527)> <Delay = 0.97> <Core = "LogicGate">   --->   Core 27 'LogicGate' <Latency = 0> <II = 1> <Delay = 0.97> <FuncUnit> <Opcode : 'and' 'or' 'xor'> <InPorts = 2> <OutPorts = 1>
ST_12 : Operation 81 [1/1] (0.97ns)   --->   "%or_ln581 = or i1 %icmp_ln582, %icmp_ln581" [D:/Xilinx_Vivado_2019.2_1106_2127/Vivado/2019.2/common/technology/autopilot/hls/hls_video_types.h:429->D:/Xilinx_Vivado_2019.2_1106_2127/Vivado/2019.2/common/technology/autopilot/hls/hls_video_types.h:500->D:/Xilinx_Vivado_2019.2_1106_2127/Vivado/2019.2/common/technology/autopilot/hls/hls_video_imgproc.h:2533]   --->   Operation 81 'or' 'or_ln581' <Predicate = (!icmp_ln2527)> <Delay = 0.97> <Core = "LogicGate">   --->   Core 27 'LogicGate' <Latency = 0> <II = 1> <Delay = 0.97> <FuncUnit> <Opcode : 'and' 'or' 'xor'> <InPorts = 2> <OutPorts = 1>
ST_12 : Operation 82 [1/1] (0.00ns) (grouped into LUT with out node and_ln603_2)   --->   "%xor_ln603 = xor i1 %icmp_ln603, true" [D:/Xilinx_Vivado_2019.2_1106_2127/Vivado/2019.2/common/technology/autopilot/hls/hls_video_types.h:429->D:/Xilinx_Vivado_2019.2_1106_2127/Vivado/2019.2/common/technology/autopilot/hls/hls_video_types.h:500->D:/Xilinx_Vivado_2019.2_1106_2127/Vivado/2019.2/common/technology/autopilot/hls/hls_video_imgproc.h:2533]   --->   Operation 82 'xor' 'xor_ln603' <Predicate = (!icmp_ln2527)> <Delay = 0.00> <Core = "LogicGate">   --->   Core 27 'LogicGate' <Latency = 0> <II = 1> <Delay = 0.97> <FuncUnit> <Opcode : 'and' 'or' 'xor'> <InPorts = 2> <OutPorts = 1>
ST_12 : Operation 83 [1/1] (0.00ns) (grouped into LUT with out node and_ln603_2)   --->   "%or_ln603 = or i1 %or_ln581, %xor_ln603" [D:/Xilinx_Vivado_2019.2_1106_2127/Vivado/2019.2/common/technology/autopilot/hls/hls_video_types.h:429->D:/Xilinx_Vivado_2019.2_1106_2127/Vivado/2019.2/common/technology/autopilot/hls/hls_video_types.h:500->D:/Xilinx_Vivado_2019.2_1106_2127/Vivado/2019.2/common/technology/autopilot/hls/hls_video_imgproc.h:2533]   --->   Operation 83 'or' 'or_ln603' <Predicate = (!icmp_ln2527)> <Delay = 0.00> <Core = "LogicGate">   --->   Core 27 'LogicGate' <Latency = 0> <II = 1> <Delay = 0.97> <FuncUnit> <Opcode : 'and' 'or' 'xor'> <InPorts = 2> <OutPorts = 1>
ST_12 : Operation 84 [1/1] (0.00ns) (grouped into LUT with out node and_ln603_2)   --->   "%and_ln603_1 = and i1 %or_ln603, %xor_ln416" [D:/Xilinx_Vivado_2019.2_1106_2127/Vivado/2019.2/common/technology/autopilot/hls/hls_video_types.h:429->D:/Xilinx_Vivado_2019.2_1106_2127/Vivado/2019.2/common/technology/autopilot/hls/hls_video_types.h:500->D:/Xilinx_Vivado_2019.2_1106_2127/Vivado/2019.2/common/technology/autopilot/hls/hls_video_imgproc.h:2533]   --->   Operation 84 'and' 'and_ln603_1' <Predicate = (!icmp_ln2527)> <Delay = 0.00> <Core = "LogicGate">   --->   Core 27 'LogicGate' <Latency = 0> <II = 1> <Delay = 0.97> <FuncUnit> <Opcode : 'and' 'or' 'xor'> <InPorts = 2> <OutPorts = 1>
ST_12 : Operation 85 [1/1] (0.97ns) (out node of the LUT)   --->   "%and_ln603_2 = and i1 %and_ln603_1, %and_ln403" [D:/Xilinx_Vivado_2019.2_1106_2127/Vivado/2019.2/common/technology/autopilot/hls/hls_video_types.h:429->D:/Xilinx_Vivado_2019.2_1106_2127/Vivado/2019.2/common/technology/autopilot/hls/hls_video_types.h:500->D:/Xilinx_Vivado_2019.2_1106_2127/Vivado/2019.2/common/technology/autopilot/hls/hls_video_imgproc.h:2533]   --->   Operation 85 'and' 'and_ln603_2' <Predicate = (!icmp_ln2527)> <Delay = 0.97> <Core = "LogicGate">   --->   Core 27 'LogicGate' <Latency = 0> <II = 1> <Delay = 0.97> <FuncUnit> <Opcode : 'and' 'or' 'xor'> <InPorts = 2> <OutPorts = 1>
ST_12 : Operation 86 [1/1] (1.54ns)   --->   "%pos1 = add i12 8, %F2" [D:/Xilinx_Vivado_2019.2_1106_2127/Vivado/2019.2/common/technology/autopilot/hls/hls_video_types.h:429->D:/Xilinx_Vivado_2019.2_1106_2127/Vivado/2019.2/common/technology/autopilot/hls/hls_video_types.h:500->D:/Xilinx_Vivado_2019.2_1106_2127/Vivado/2019.2/common/technology/autopilot/hls/hls_video_imgproc.h:2533]   --->   Operation 86 'add' 'pos1' <Predicate = (!icmp_ln2527)> <Delay = 1.54> <Core = "AddSub">   --->   Core 14 'AddSub' <Latency = 0> <II = 1> <Delay = 1.73> <FuncUnit> <Opcode : 'add' 'sub'> <InPorts = 2> <OutPorts = 1>
ST_12 : Operation 87 [1/1] (0.00ns) (grouped into LUT with out node Range1_all_ones_1)   --->   "%sext_ln618 = sext i12 %pos1 to i32" [D:/Xilinx_Vivado_2019.2_1106_2127/Vivado/2019.2/common/technology/autopilot/hls/hls_video_types.h:429->D:/Xilinx_Vivado_2019.2_1106_2127/Vivado/2019.2/common/technology/autopilot/hls/hls_video_types.h:500->D:/Xilinx_Vivado_2019.2_1106_2127/Vivado/2019.2/common/technology/autopilot/hls/hls_video_imgproc.h:2533]   --->   Operation 87 'sext' 'sext_ln618' <Predicate = (!icmp_ln2527)> <Delay = 0.00>
ST_12 : Operation 88 [1/1] (1.54ns)   --->   "%pos2 = add i12 9, %F2" [D:/Xilinx_Vivado_2019.2_1106_2127/Vivado/2019.2/common/technology/autopilot/hls/hls_video_types.h:429->D:/Xilinx_Vivado_2019.2_1106_2127/Vivado/2019.2/common/technology/autopilot/hls/hls_video_types.h:500->D:/Xilinx_Vivado_2019.2_1106_2127/Vivado/2019.2/common/technology/autopilot/hls/hls_video_imgproc.h:2533]   --->   Operation 88 'add' 'pos2' <Predicate = (!icmp_ln2527)> <Delay = 1.54> <Core = "AddSub">   --->   Core 14 'AddSub' <Latency = 0> <II = 1> <Delay = 1.73> <FuncUnit> <Opcode : 'add' 'sub'> <InPorts = 2> <OutPorts = 1>
ST_12 : Operation 89 [1/1] (0.00ns)   --->   "%sext_ln619 = sext i12 %pos2 to i32" [D:/Xilinx_Vivado_2019.2_1106_2127/Vivado/2019.2/common/technology/autopilot/hls/hls_video_types.h:429->D:/Xilinx_Vivado_2019.2_1106_2127/Vivado/2019.2/common/technology/autopilot/hls/hls_video_types.h:500->D:/Xilinx_Vivado_2019.2_1106_2127/Vivado/2019.2/common/technology/autopilot/hls/hls_video_imgproc.h:2533]   --->   Operation 89 'sext' 'sext_ln619' <Predicate = (!icmp_ln2527)> <Delay = 0.00>
ST_12 : Operation 90 [1/1] (1.99ns)   --->   "%icmp_ln621 = icmp slt i12 %pos1, 54" [D:/Xilinx_Vivado_2019.2_1106_2127/Vivado/2019.2/common/technology/autopilot/hls/hls_video_types.h:429->D:/Xilinx_Vivado_2019.2_1106_2127/Vivado/2019.2/common/technology/autopilot/hls/hls_video_types.h:500->D:/Xilinx_Vivado_2019.2_1106_2127/Vivado/2019.2/common/technology/autopilot/hls/hls_video_imgproc.h:2533]   --->   Operation 90 'icmp' 'icmp_ln621' <Predicate = (!icmp_ln2527)> <Delay = 1.99> <Core = "Cmp">   --->   Core 25 'Cmp' <Latency = 0> <II = 1> <Delay = 1.77> <FuncUnit> <Opcode : 'icmp'> <InPorts = 2> <OutPorts = 1>
ST_12 : Operation 91 [1/1] (0.00ns)   --->   "%tmp_53 = call i1 @_ssdm_op_BitSelect.i1.i12.i32(i12 %pos1, i32 11)" [D:/Xilinx_Vivado_2019.2_1106_2127/Vivado/2019.2/common/technology/autopilot/hls/hls_video_types.h:429->D:/Xilinx_Vivado_2019.2_1106_2127/Vivado/2019.2/common/technology/autopilot/hls/hls_video_types.h:500->D:/Xilinx_Vivado_2019.2_1106_2127/Vivado/2019.2/common/technology/autopilot/hls/hls_video_imgproc.h:2533]   --->   Operation 91 'bitselect' 'tmp_53' <Predicate = (!icmp_ln2527)> <Delay = 0.00>
ST_12 : Operation 92 [1/1] (0.97ns)   --->   "%xor_ln621_1 = xor i1 %tmp_53, true" [D:/Xilinx_Vivado_2019.2_1106_2127/Vivado/2019.2/common/technology/autopilot/hls/hls_video_types.h:429->D:/Xilinx_Vivado_2019.2_1106_2127/Vivado/2019.2/common/technology/autopilot/hls/hls_video_types.h:500->D:/Xilinx_Vivado_2019.2_1106_2127/Vivado/2019.2/common/technology/autopilot/hls/hls_video_imgproc.h:2533]   --->   Operation 92 'xor' 'xor_ln621_1' <Predicate = (!icmp_ln2527)> <Delay = 0.97> <Core = "LogicGate">   --->   Core 27 'LogicGate' <Latency = 0> <II = 1> <Delay = 0.97> <FuncUnit> <Opcode : 'and' 'or' 'xor'> <InPorts = 2> <OutPorts = 1>
ST_12 : Operation 93 [1/1] (0.00ns) (grouped into LUT with out node Range1_all_ones_1)   --->   "%zext_ln623 = zext i32 %sext_ln618 to i54" [D:/Xilinx_Vivado_2019.2_1106_2127/Vivado/2019.2/common/technology/autopilot/hls/hls_video_types.h:429->D:/Xilinx_Vivado_2019.2_1106_2127/Vivado/2019.2/common/technology/autopilot/hls/hls_video_types.h:500->D:/Xilinx_Vivado_2019.2_1106_2127/Vivado/2019.2/common/technology/autopilot/hls/hls_video_imgproc.h:2533]   --->   Operation 93 'zext' 'zext_ln623' <Predicate = (!icmp_ln2527)> <Delay = 0.00>
ST_12 : Operation 94 [1/1] (0.00ns) (grouped into LUT with out node Range1_all_ones_1)   --->   "%ashr_ln623 = ashr i54 %p_Result_6, %zext_ln623" [D:/Xilinx_Vivado_2019.2_1106_2127/Vivado/2019.2/common/technology/autopilot/hls/hls_video_types.h:429->D:/Xilinx_Vivado_2019.2_1106_2127/Vivado/2019.2/common/technology/autopilot/hls/hls_video_types.h:500->D:/Xilinx_Vivado_2019.2_1106_2127/Vivado/2019.2/common/technology/autopilot/hls/hls_video_imgproc.h:2533]   --->   Operation 94 'ashr' 'ashr_ln623' <Predicate = (!icmp_ln2527)> <Delay = 0.00> <Core = "Shift">   --->   Core 28 'Shift' <Latency = 0> <II = 1> <Delay = 4.42> <FuncUnit> <Opcode : 'shl' 'lshr' 'ashr'> <InPorts = 2> <OutPorts = 1>
ST_12 : Operation 95 [1/1] (0.00ns) (grouped into LUT with out node Range1_all_ones_1)   --->   "%lD = trunc i54 %ashr_ln623 to i1" [D:/Xilinx_Vivado_2019.2_1106_2127/Vivado/2019.2/common/technology/autopilot/hls/hls_video_types.h:429->D:/Xilinx_Vivado_2019.2_1106_2127/Vivado/2019.2/common/technology/autopilot/hls/hls_video_types.h:500->D:/Xilinx_Vivado_2019.2_1106_2127/Vivado/2019.2/common/technology/autopilot/hls/hls_video_imgproc.h:2533]   --->   Operation 95 'trunc' 'lD' <Predicate = (!icmp_ln2527)> <Delay = 0.00>
ST_12 : Operation 96 [1/1] (0.00ns) (grouped into LUT with out node Range1_all_ones_1)   --->   "%and_ln621 = and i1 %lD, %xor_ln621_1" [D:/Xilinx_Vivado_2019.2_1106_2127/Vivado/2019.2/common/technology/autopilot/hls/hls_video_types.h:429->D:/Xilinx_Vivado_2019.2_1106_2127/Vivado/2019.2/common/technology/autopilot/hls/hls_video_types.h:500->D:/Xilinx_Vivado_2019.2_1106_2127/Vivado/2019.2/common/technology/autopilot/hls/hls_video_imgproc.h:2533]   --->   Operation 96 'and' 'and_ln621' <Predicate = (!icmp_ln2527)> <Delay = 0.00> <Core = "LogicGate">   --->   Core 27 'LogicGate' <Latency = 0> <II = 1> <Delay = 0.97> <FuncUnit> <Opcode : 'and' 'or' 'xor'> <InPorts = 2> <OutPorts = 1>
ST_12 : Operation 97 [1/1] (4.61ns) (out node of the LUT)   --->   "%Range1_all_ones_1 = and i1 %and_ln621, %icmp_ln621" [D:/Xilinx_Vivado_2019.2_1106_2127/Vivado/2019.2/common/technology/autopilot/hls/hls_video_types.h:429->D:/Xilinx_Vivado_2019.2_1106_2127/Vivado/2019.2/common/technology/autopilot/hls/hls_video_types.h:500->D:/Xilinx_Vivado_2019.2_1106_2127/Vivado/2019.2/common/technology/autopilot/hls/hls_video_imgproc.h:2533]   --->   Operation 97 'and' 'Range1_all_ones_1' <Predicate = (!icmp_ln2527)> <Delay = 4.61> <Core = "LogicGate">   --->   Core 27 'LogicGate' <Latency = 0> <II = 1> <Delay = 0.97> <FuncUnit> <Opcode : 'and' 'or' 'xor'> <InPorts = 2> <OutPorts = 1>
ST_12 : Operation 98 [1/1] (0.00ns)   --->   "%tmp_54 = call i1 @_ssdm_op_BitSelect.i1.i12.i32(i12 %pos2, i32 11)" [D:/Xilinx_Vivado_2019.2_1106_2127/Vivado/2019.2/common/technology/autopilot/hls/hls_video_types.h:429->D:/Xilinx_Vivado_2019.2_1106_2127/Vivado/2019.2/common/technology/autopilot/hls/hls_video_types.h:500->D:/Xilinx_Vivado_2019.2_1106_2127/Vivado/2019.2/common/technology/autopilot/hls/hls_video_imgproc.h:2533]   --->   Operation 98 'bitselect' 'tmp_54' <Predicate = (!icmp_ln2527)> <Delay = 0.00>
ST_12 : Operation 99 [1/1] (1.99ns)   --->   "%icmp_ln631 = icmp slt i12 %pos2, 54" [D:/Xilinx_Vivado_2019.2_1106_2127/Vivado/2019.2/common/technology/autopilot/hls/hls_video_types.h:429->D:/Xilinx_Vivado_2019.2_1106_2127/Vivado/2019.2/common/technology/autopilot/hls/hls_video_types.h:500->D:/Xilinx_Vivado_2019.2_1106_2127/Vivado/2019.2/common/technology/autopilot/hls/hls_video_imgproc.h:2533]   --->   Operation 99 'icmp' 'icmp_ln631' <Predicate = (!icmp_ln2527)> <Delay = 1.99> <Core = "Cmp">   --->   Core 25 'Cmp' <Latency = 0> <II = 1> <Delay = 1.77> <FuncUnit> <Opcode : 'icmp'> <InPorts = 2> <OutPorts = 1>
ST_12 : Operation 100 [1/1] (0.00ns)   --->   "%zext_ln635 = zext i32 %sext_ln619 to i54" [D:/Xilinx_Vivado_2019.2_1106_2127/Vivado/2019.2/common/technology/autopilot/hls/hls_video_types.h:429->D:/Xilinx_Vivado_2019.2_1106_2127/Vivado/2019.2/common/technology/autopilot/hls/hls_video_types.h:500->D:/Xilinx_Vivado_2019.2_1106_2127/Vivado/2019.2/common/technology/autopilot/hls/hls_video_imgproc.h:2533]   --->   Operation 100 'zext' 'zext_ln635' <Predicate = (!icmp_ln2527)> <Delay = 0.00>
ST_12 : Operation 101 [1/1] (4.61ns)   --->   "%Range2_V_1 = lshr i54 %p_Result_6, %zext_ln635" [D:/Xilinx_Vivado_2019.2_1106_2127/Vivado/2019.2/common/technology/autopilot/hls/hls_video_types.h:429->D:/Xilinx_Vivado_2019.2_1106_2127/Vivado/2019.2/common/technology/autopilot/hls/hls_video_types.h:500->D:/Xilinx_Vivado_2019.2_1106_2127/Vivado/2019.2/common/technology/autopilot/hls/hls_video_imgproc.h:2533]   --->   Operation 101 'lshr' 'Range2_V_1' <Predicate = (!icmp_ln2527)> <Delay = 4.61> <Core = "Shift">   --->   Core 28 'Shift' <Latency = 0> <II = 1> <Delay = 4.42> <FuncUnit> <Opcode : 'shl' 'lshr' 'ashr'> <InPorts = 2> <OutPorts = 1>
ST_12 : Operation 102 [1/1] (1.99ns)   --->   "%icmp_ln642 = icmp eq i12 %pos2, 54" [D:/Xilinx_Vivado_2019.2_1106_2127/Vivado/2019.2/common/technology/autopilot/hls/hls_video_types.h:429->D:/Xilinx_Vivado_2019.2_1106_2127/Vivado/2019.2/common/technology/autopilot/hls/hls_video_types.h:500->D:/Xilinx_Vivado_2019.2_1106_2127/Vivado/2019.2/common/technology/autopilot/hls/hls_video_imgproc.h:2533]   --->   Operation 102 'icmp' 'icmp_ln642' <Predicate = (!icmp_ln2527)> <Delay = 1.99> <Core = "Cmp">   --->   Core 25 'Cmp' <Latency = 0> <II = 1> <Delay = 1.77> <FuncUnit> <Opcode : 'icmp'> <InPorts = 2> <OutPorts = 1>
ST_12 : Operation 103 [1/1] (2.88ns)   --->   "%Range1_all_zeros_1 = icmp eq i54 %p_Result_6, 0" [D:/Xilinx_Vivado_2019.2_1106_2127/Vivado/2019.2/common/technology/autopilot/hls/hls_video_types.h:429->D:/Xilinx_Vivado_2019.2_1106_2127/Vivado/2019.2/common/technology/autopilot/hls/hls_video_types.h:500->D:/Xilinx_Vivado_2019.2_1106_2127/Vivado/2019.2/common/technology/autopilot/hls/hls_video_imgproc.h:2533]   --->   Operation 103 'icmp' 'Range1_all_zeros_1' <Predicate = (!icmp_ln2527)> <Delay = 2.88> <Core = "Cmp">   --->   Core 25 'Cmp' <Latency = 0> <II = 1> <Delay = 1.77> <FuncUnit> <Opcode : 'icmp'> <InPorts = 2> <OutPorts = 1>
ST_12 : Operation 104 [1/1] (0.00ns) (grouped into LUT with out node and_ln642)   --->   "%xor_ln639_1 = xor i1 %icmp_ln631, true" [D:/Xilinx_Vivado_2019.2_1106_2127/Vivado/2019.2/common/technology/autopilot/hls/hls_video_types.h:429->D:/Xilinx_Vivado_2019.2_1106_2127/Vivado/2019.2/common/technology/autopilot/hls/hls_video_types.h:500->D:/Xilinx_Vivado_2019.2_1106_2127/Vivado/2019.2/common/technology/autopilot/hls/hls_video_imgproc.h:2533]   --->   Operation 104 'xor' 'xor_ln639_1' <Predicate = (!icmp_ln2527)> <Delay = 0.00> <Core = "LogicGate">   --->   Core 27 'LogicGate' <Latency = 0> <II = 1> <Delay = 0.97> <FuncUnit> <Opcode : 'and' 'or' 'xor'> <InPorts = 2> <OutPorts = 1>
ST_12 : Operation 105 [1/1] (0.00ns) (grouped into LUT with out node and_ln642)   --->   "%or_ln639 = or i1 %tmp_53, %xor_ln639_1" [D:/Xilinx_Vivado_2019.2_1106_2127/Vivado/2019.2/common/technology/autopilot/hls/hls_video_types.h:429->D:/Xilinx_Vivado_2019.2_1106_2127/Vivado/2019.2/common/technology/autopilot/hls/hls_video_types.h:500->D:/Xilinx_Vivado_2019.2_1106_2127/Vivado/2019.2/common/technology/autopilot/hls/hls_video_imgproc.h:2533]   --->   Operation 105 'or' 'or_ln639' <Predicate = (!icmp_ln2527)> <Delay = 0.00> <Core = "LogicGate">   --->   Core 27 'LogicGate' <Latency = 0> <II = 1> <Delay = 0.97> <FuncUnit> <Opcode : 'and' 'or' 'xor'> <InPorts = 2> <OutPorts = 1>
ST_12 : Operation 106 [1/1] (0.97ns) (out node of the LUT)   --->   "%and_ln642 = and i1 %icmp_ln642, %or_ln639" [D:/Xilinx_Vivado_2019.2_1106_2127/Vivado/2019.2/common/technology/autopilot/hls/hls_video_types.h:429->D:/Xilinx_Vivado_2019.2_1106_2127/Vivado/2019.2/common/technology/autopilot/hls/hls_video_types.h:500->D:/Xilinx_Vivado_2019.2_1106_2127/Vivado/2019.2/common/technology/autopilot/hls/hls_video_imgproc.h:2533]   --->   Operation 106 'and' 'and_ln642' <Predicate = (!icmp_ln2527)> <Delay = 0.97> <Core = "LogicGate">   --->   Core 27 'LogicGate' <Latency = 0> <II = 1> <Delay = 0.97> <FuncUnit> <Opcode : 'and' 'or' 'xor'> <InPorts = 2> <OutPorts = 1>

State 13 <SV = 12> <Delay = 6.40>
ST_13 : Operation 107 [1/1] (0.00ns) (grouped into LUT with out node p_Val2_16)   --->   "%trunc_ln581 = trunc i12 %F2_2 to i8" [D:/Xilinx_Vivado_2019.2_1106_2127/Vivado/2019.2/common/technology/autopilot/hls/hls_video_types.h:429->D:/Xilinx_Vivado_2019.2_1106_2127/Vivado/2019.2/common/technology/autopilot/hls/hls_video_types.h:500->D:/Xilinx_Vivado_2019.2_1106_2127/Vivado/2019.2/common/technology/autopilot/hls/hls_video_imgproc.h:2533]   --->   Operation 107 'trunc' 'trunc_ln581' <Predicate = (!icmp_ln2527)> <Delay = 0.00>
ST_13 : Operation 108 [1/1] (0.00ns) (grouped into LUT with out node p_Val2_16)   --->   "%shl_ln604 = shl i8 %trunc_ln583, %trunc_ln581" [D:/Xilinx_Vivado_2019.2_1106_2127/Vivado/2019.2/common/technology/autopilot/hls/hls_video_types.h:429->D:/Xilinx_Vivado_2019.2_1106_2127/Vivado/2019.2/common/technology/autopilot/hls/hls_video_types.h:500->D:/Xilinx_Vivado_2019.2_1106_2127/Vivado/2019.2/common/technology/autopilot/hls/hls_video_imgproc.h:2533]   --->   Operation 108 'shl' 'shl_ln604' <Predicate = (!icmp_ln2527)> <Delay = 0.00> <Core = "Shift">   --->   Core 28 'Shift' <Latency = 0> <II = 1> <Delay = 4.42> <FuncUnit> <Opcode : 'shl' 'lshr' 'ashr'> <InPorts = 2> <OutPorts = 1>
ST_13 : Operation 109 [1/1] (0.00ns) (grouped into LUT with out node select_ln403)   --->   "%select_ln582 = select i1 %icmp_ln582, i8 %trunc_ln583, i8 0" [D:/Xilinx_Vivado_2019.2_1106_2127/Vivado/2019.2/common/technology/autopilot/hls/hls_video_types.h:429->D:/Xilinx_Vivado_2019.2_1106_2127/Vivado/2019.2/common/technology/autopilot/hls/hls_video_types.h:500->D:/Xilinx_Vivado_2019.2_1106_2127/Vivado/2019.2/common/technology/autopilot/hls/hls_video_imgproc.h:2533]   --->   Operation 109 'select' 'select_ln582' <Predicate = (!icmp_ln2527 & !and_ln403)> <Delay = 0.00> <Core = "Sel">   --->   Core 26 'Sel' <Latency = 0> <II = 1> <Delay = 1.24> <FuncUnit> <Opcode : 'select'> <InPorts = 3> <OutPorts = 1>
ST_13 : Operation 110 [1/1] (1.24ns) (out node of the LUT)   --->   "%select_ln403 = select i1 %and_ln403, i8 %p_Val2_15, i8 %select_ln582" [D:/Xilinx_Vivado_2019.2_1106_2127/Vivado/2019.2/common/technology/autopilot/hls/hls_video_types.h:429->D:/Xilinx_Vivado_2019.2_1106_2127/Vivado/2019.2/common/technology/autopilot/hls/hls_video_types.h:500->D:/Xilinx_Vivado_2019.2_1106_2127/Vivado/2019.2/common/technology/autopilot/hls/hls_video_imgproc.h:2533]   --->   Operation 110 'select' 'select_ln403' <Predicate = (!icmp_ln2527)> <Delay = 1.24> <Core = "Sel">   --->   Core 26 'Sel' <Latency = 0> <II = 1> <Delay = 1.24> <FuncUnit> <Opcode : 'select'> <InPorts = 3> <OutPorts = 1>
ST_13 : Operation 111 [1/1] (0.00ns) (grouped into LUT with out node select_ln403_1)   --->   "%xor_ln403 = xor i1 %p_Result_7, true" [D:/Xilinx_Vivado_2019.2_1106_2127/Vivado/2019.2/common/technology/autopilot/hls/hls_video_types.h:429->D:/Xilinx_Vivado_2019.2_1106_2127/Vivado/2019.2/common/technology/autopilot/hls/hls_video_types.h:500->D:/Xilinx_Vivado_2019.2_1106_2127/Vivado/2019.2/common/technology/autopilot/hls/hls_video_imgproc.h:2533]   --->   Operation 111 'xor' 'xor_ln403' <Predicate = (!icmp_ln2527)> <Delay = 0.00> <Core = "LogicGate">   --->   Core 27 'LogicGate' <Latency = 0> <II = 1> <Delay = 0.97> <FuncUnit> <Opcode : 'and' 'or' 'xor'> <InPorts = 2> <OutPorts = 1>
ST_13 : Operation 112 [1/1] (0.00ns) (grouped into LUT with out node select_ln403_1)   --->   "%and_ln403_1 = and i1 %and_ln581, %xor_ln403" [D:/Xilinx_Vivado_2019.2_1106_2127/Vivado/2019.2/common/technology/autopilot/hls/hls_video_types.h:429->D:/Xilinx_Vivado_2019.2_1106_2127/Vivado/2019.2/common/technology/autopilot/hls/hls_video_types.h:500->D:/Xilinx_Vivado_2019.2_1106_2127/Vivado/2019.2/common/technology/autopilot/hls/hls_video_imgproc.h:2533]   --->   Operation 112 'and' 'and_ln403_1' <Predicate = (!icmp_ln2527)> <Delay = 0.00> <Core = "LogicGate">   --->   Core 27 'LogicGate' <Latency = 0> <II = 1> <Delay = 0.97> <FuncUnit> <Opcode : 'and' 'or' 'xor'> <InPorts = 2> <OutPorts = 1>
ST_13 : Operation 113 [1/1] (1.24ns) (out node of the LUT)   --->   "%select_ln403_1 = select i1 %and_ln403_1, i8 %p_Val2_15, i8 %select_ln403" [D:/Xilinx_Vivado_2019.2_1106_2127/Vivado/2019.2/common/technology/autopilot/hls/hls_video_types.h:429->D:/Xilinx_Vivado_2019.2_1106_2127/Vivado/2019.2/common/technology/autopilot/hls/hls_video_types.h:500->D:/Xilinx_Vivado_2019.2_1106_2127/Vivado/2019.2/common/technology/autopilot/hls/hls_video_imgproc.h:2533]   --->   Operation 113 'select' 'select_ln403_1' <Predicate = (!icmp_ln2527)> <Delay = 1.24> <Core = "Sel">   --->   Core 26 'Sel' <Latency = 0> <II = 1> <Delay = 1.24> <FuncUnit> <Opcode : 'select'> <InPorts = 3> <OutPorts = 1>
ST_13 : Operation 114 [1/1] (0.00ns) (grouped into LUT with out node p_Val2_16)   --->   "%xor_ln581 = xor i1 %or_ln581, true" [D:/Xilinx_Vivado_2019.2_1106_2127/Vivado/2019.2/common/technology/autopilot/hls/hls_video_types.h:429->D:/Xilinx_Vivado_2019.2_1106_2127/Vivado/2019.2/common/technology/autopilot/hls/hls_video_types.h:500->D:/Xilinx_Vivado_2019.2_1106_2127/Vivado/2019.2/common/technology/autopilot/hls/hls_video_imgproc.h:2533]   --->   Operation 114 'xor' 'xor_ln581' <Predicate = (!icmp_ln2527)> <Delay = 0.00> <Core = "LogicGate">   --->   Core 27 'LogicGate' <Latency = 0> <II = 1> <Delay = 0.97> <FuncUnit> <Opcode : 'and' 'or' 'xor'> <InPorts = 2> <OutPorts = 1>
ST_13 : Operation 115 [1/1] (0.00ns) (grouped into LUT with out node p_Val2_16)   --->   "%and_ln603 = and i1 %icmp_ln603, %xor_ln581" [D:/Xilinx_Vivado_2019.2_1106_2127/Vivado/2019.2/common/technology/autopilot/hls/hls_video_types.h:429->D:/Xilinx_Vivado_2019.2_1106_2127/Vivado/2019.2/common/technology/autopilot/hls/hls_video_types.h:500->D:/Xilinx_Vivado_2019.2_1106_2127/Vivado/2019.2/common/technology/autopilot/hls/hls_video_imgproc.h:2533]   --->   Operation 115 'and' 'and_ln603' <Predicate = (!icmp_ln2527)> <Delay = 0.00> <Core = "LogicGate">   --->   Core 27 'LogicGate' <Latency = 0> <II = 1> <Delay = 0.97> <FuncUnit> <Opcode : 'and' 'or' 'xor'> <InPorts = 2> <OutPorts = 1>
ST_13 : Operation 116 [1/1] (3.14ns) (out node of the LUT)   --->   "%p_Val2_16 = select i1 %and_ln603, i8 %shl_ln604, i8 %select_ln403_1" [D:/Xilinx_Vivado_2019.2_1106_2127/Vivado/2019.2/common/technology/autopilot/hls/hls_video_types.h:429->D:/Xilinx_Vivado_2019.2_1106_2127/Vivado/2019.2/common/technology/autopilot/hls/hls_video_types.h:500->D:/Xilinx_Vivado_2019.2_1106_2127/Vivado/2019.2/common/technology/autopilot/hls/hls_video_imgproc.h:2533]   --->   Operation 116 'select' 'p_Val2_16' <Predicate = (!icmp_ln2527)> <Delay = 3.14> <Core = "Sel">   --->   Core 26 'Sel' <Latency = 0> <II = 1> <Delay = 1.24> <FuncUnit> <Opcode : 'select'> <InPorts = 3> <OutPorts = 1>
ST_13 : Operation 117 [1/1] (0.97ns)   --->   "%xor_ln631 = xor i1 %tmp_54, true" [D:/Xilinx_Vivado_2019.2_1106_2127/Vivado/2019.2/common/technology/autopilot/hls/hls_video_types.h:429->D:/Xilinx_Vivado_2019.2_1106_2127/Vivado/2019.2/common/technology/autopilot/hls/hls_video_types.h:500->D:/Xilinx_Vivado_2019.2_1106_2127/Vivado/2019.2/common/technology/autopilot/hls/hls_video_imgproc.h:2533]   --->   Operation 117 'xor' 'xor_ln631' <Predicate = (!icmp_ln2527 & and_ln603_2)> <Delay = 0.97> <Core = "LogicGate">   --->   Core 27 'LogicGate' <Latency = 0> <II = 1> <Delay = 0.97> <FuncUnit> <Opcode : 'and' 'or' 'xor'> <InPorts = 2> <OutPorts = 1>
ST_13 : Operation 118 [1/1] (0.00ns) (grouped into LUT with out node Range1_all_ones)   --->   "%and_ln631 = and i1 %icmp_ln631, %xor_ln631" [D:/Xilinx_Vivado_2019.2_1106_2127/Vivado/2019.2/common/technology/autopilot/hls/hls_video_types.h:429->D:/Xilinx_Vivado_2019.2_1106_2127/Vivado/2019.2/common/technology/autopilot/hls/hls_video_types.h:500->D:/Xilinx_Vivado_2019.2_1106_2127/Vivado/2019.2/common/technology/autopilot/hls/hls_video_imgproc.h:2533]   --->   Operation 118 'and' 'and_ln631' <Predicate = (!icmp_ln2527 & and_ln603_2)> <Delay = 0.00> <Core = "LogicGate">   --->   Core 27 'LogicGate' <Latency = 0> <II = 1> <Delay = 0.97> <FuncUnit> <Opcode : 'and' 'or' 'xor'> <InPorts = 2> <OutPorts = 1>
ST_13 : Operation 119 [1/1] (0.00ns) (grouped into LUT with out node Range2_all_ones)   --->   "%r_V = lshr i54 -1, %zext_ln635" [D:/Xilinx_Vivado_2019.2_1106_2127/Vivado/2019.2/common/technology/autopilot/hls/hls_video_types.h:429->D:/Xilinx_Vivado_2019.2_1106_2127/Vivado/2019.2/common/technology/autopilot/hls/hls_video_types.h:500->D:/Xilinx_Vivado_2019.2_1106_2127/Vivado/2019.2/common/technology/autopilot/hls/hls_video_imgproc.h:2533]   --->   Operation 119 'lshr' 'r_V' <Predicate = (!icmp_ln2527 & and_ln603_2)> <Delay = 0.00> <Core = "Shift">   --->   Core 28 'Shift' <Latency = 0> <II = 1> <Delay = 4.42> <FuncUnit> <Opcode : 'shl' 'lshr' 'ashr'> <InPorts = 2> <OutPorts = 1>
ST_13 : Operation 120 [1/1] (4.42ns) (out node of the LUT)   --->   "%Range2_all_ones = icmp eq i54 %Range2_V_1, %r_V" [D:/Xilinx_Vivado_2019.2_1106_2127/Vivado/2019.2/common/technology/autopilot/hls/hls_video_types.h:429->D:/Xilinx_Vivado_2019.2_1106_2127/Vivado/2019.2/common/technology/autopilot/hls/hls_video_types.h:500->D:/Xilinx_Vivado_2019.2_1106_2127/Vivado/2019.2/common/technology/autopilot/hls/hls_video_imgproc.h:2533]   --->   Operation 120 'icmp' 'Range2_all_ones' <Predicate = (!icmp_ln2527 & and_ln603_2)> <Delay = 4.42> <Core = "Cmp">   --->   Core 25 'Cmp' <Latency = 0> <II = 1> <Delay = 1.77> <FuncUnit> <Opcode : 'icmp'> <InPorts = 2> <OutPorts = 1>
ST_13 : Operation 121 [1/1] (0.00ns) (grouped into LUT with out node Range1_all_ones)   --->   "%select_ln631 = select i1 %and_ln631, i1 %Range2_all_ones, i1 %xor_ln631" [D:/Xilinx_Vivado_2019.2_1106_2127/Vivado/2019.2/common/technology/autopilot/hls/hls_video_types.h:429->D:/Xilinx_Vivado_2019.2_1106_2127/Vivado/2019.2/common/technology/autopilot/hls/hls_video_types.h:500->D:/Xilinx_Vivado_2019.2_1106_2127/Vivado/2019.2/common/technology/autopilot/hls/hls_video_imgproc.h:2533]   --->   Operation 121 'select' 'select_ln631' <Predicate = (!icmp_ln2527 & and_ln603_2)> <Delay = 0.00> <Core = "Sel">   --->   Core 26 'Sel' <Latency = 0> <II = 1> <Delay = 1.24> <FuncUnit> <Opcode : 'select'> <InPorts = 3> <OutPorts = 1>
ST_13 : Operation 122 [1/1] (0.97ns)   --->   "%and_ln639 = and i1 %icmp_ln631, %xor_ln621_1" [D:/Xilinx_Vivado_2019.2_1106_2127/Vivado/2019.2/common/technology/autopilot/hls/hls_video_types.h:429->D:/Xilinx_Vivado_2019.2_1106_2127/Vivado/2019.2/common/technology/autopilot/hls/hls_video_types.h:500->D:/Xilinx_Vivado_2019.2_1106_2127/Vivado/2019.2/common/technology/autopilot/hls/hls_video_imgproc.h:2533]   --->   Operation 122 'and' 'and_ln639' <Predicate = (!icmp_ln2527)> <Delay = 0.97> <Core = "LogicGate">   --->   Core 27 'LogicGate' <Latency = 0> <II = 1> <Delay = 0.97> <FuncUnit> <Opcode : 'and' 'or' 'xor'> <InPorts = 2> <OutPorts = 1>
ST_13 : Operation 123 [1/1] (0.99ns) (out node of the LUT)   --->   "%Range1_all_ones = and i1 %select_ln631, %Range1_all_ones_1" [D:/Xilinx_Vivado_2019.2_1106_2127/Vivado/2019.2/common/technology/autopilot/hls/hls_video_types.h:429->D:/Xilinx_Vivado_2019.2_1106_2127/Vivado/2019.2/common/technology/autopilot/hls/hls_video_types.h:500->D:/Xilinx_Vivado_2019.2_1106_2127/Vivado/2019.2/common/technology/autopilot/hls/hls_video_imgproc.h:2533]   --->   Operation 123 'and' 'Range1_all_ones' <Predicate = (!icmp_ln2527 & and_ln603_2)> <Delay = 0.99> <Core = "LogicGate">   --->   Core 27 'LogicGate' <Latency = 0> <II = 1> <Delay = 0.97> <FuncUnit> <Opcode : 'and' 'or' 'xor'> <InPorts = 2> <OutPorts = 1>
ST_13 : Operation 124 [1/1] (2.87ns)   --->   "%icmp_ln641 = icmp eq i54 %Range2_V_1, 0" [D:/Xilinx_Vivado_2019.2_1106_2127/Vivado/2019.2/common/technology/autopilot/hls/hls_video_types.h:429->D:/Xilinx_Vivado_2019.2_1106_2127/Vivado/2019.2/common/technology/autopilot/hls/hls_video_types.h:500->D:/Xilinx_Vivado_2019.2_1106_2127/Vivado/2019.2/common/technology/autopilot/hls/hls_video_imgproc.h:2533]   --->   Operation 124 'icmp' 'icmp_ln641' <Predicate = (!icmp_ln2527 & !and_ln603_2)> <Delay = 2.87> <Core = "Cmp">   --->   Core 25 'Cmp' <Latency = 0> <II = 1> <Delay = 1.77> <FuncUnit> <Opcode : 'icmp'> <InPorts = 2> <OutPorts = 1>
ST_13 : Operation 125 [1/1] (0.97ns)   --->   "%Range1_all_zeros = xor i1 %Range1_all_ones_1, true" [D:/Xilinx_Vivado_2019.2_1106_2127/Vivado/2019.2/common/technology/autopilot/hls/hls_video_types.h:429->D:/Xilinx_Vivado_2019.2_1106_2127/Vivado/2019.2/common/technology/autopilot/hls/hls_video_types.h:500->D:/Xilinx_Vivado_2019.2_1106_2127/Vivado/2019.2/common/technology/autopilot/hls/hls_video_imgproc.h:2533]   --->   Operation 125 'xor' 'Range1_all_zeros' <Predicate = (!icmp_ln2527 & !and_ln603_2)> <Delay = 0.97> <Core = "LogicGate">   --->   Core 27 'LogicGate' <Latency = 0> <II = 1> <Delay = 0.97> <FuncUnit> <Opcode : 'and' 'or' 'xor'> <InPorts = 2> <OutPorts = 1>
ST_13 : Operation 126 [1/1] (0.00ns) (grouped into LUT with out node select_ln639_1)   --->   "%and_ln641 = and i1 %icmp_ln641, %Range1_all_zeros" [D:/Xilinx_Vivado_2019.2_1106_2127/Vivado/2019.2/common/technology/autopilot/hls/hls_video_types.h:429->D:/Xilinx_Vivado_2019.2_1106_2127/Vivado/2019.2/common/technology/autopilot/hls/hls_video_types.h:500->D:/Xilinx_Vivado_2019.2_1106_2127/Vivado/2019.2/common/technology/autopilot/hls/hls_video_imgproc.h:2533]   --->   Operation 126 'and' 'and_ln641' <Predicate = (!icmp_ln2527 & !and_ln603_2)> <Delay = 0.00> <Core = "LogicGate">   --->   Core 27 'LogicGate' <Latency = 0> <II = 1> <Delay = 0.97> <FuncUnit> <Opcode : 'and' 'or' 'xor'> <InPorts = 2> <OutPorts = 1>
ST_13 : Operation 127 [1/1] (0.00ns) (grouped into LUT with out node select_ln642_1)   --->   "%or_ln645 = or i1 %Range1_all_zeros_1, %xor_ln621_1" [D:/Xilinx_Vivado_2019.2_1106_2127/Vivado/2019.2/common/technology/autopilot/hls/hls_video_types.h:429->D:/Xilinx_Vivado_2019.2_1106_2127/Vivado/2019.2/common/technology/autopilot/hls/hls_video_types.h:500->D:/Xilinx_Vivado_2019.2_1106_2127/Vivado/2019.2/common/technology/autopilot/hls/hls_video_imgproc.h:2533]   --->   Operation 127 'or' 'or_ln645' <Predicate = (!icmp_ln2527 & !and_ln642 & !and_ln603_2)> <Delay = 0.00> <Core = "LogicGate">   --->   Core 27 'LogicGate' <Latency = 0> <II = 1> <Delay = 0.97> <FuncUnit> <Opcode : 'and' 'or' 'xor'> <InPorts = 2> <OutPorts = 1>
ST_13 : Operation 128 [1/1] (0.00ns) (grouped into LUT with out node select_ln639)   --->   "%select_ln642 = select i1 %and_ln642, i1 %Range1_all_ones_1, i1 %xor_ln621_1" [D:/Xilinx_Vivado_2019.2_1106_2127/Vivado/2019.2/common/technology/autopilot/hls/hls_video_types.h:429->D:/Xilinx_Vivado_2019.2_1106_2127/Vivado/2019.2/common/technology/autopilot/hls/hls_video_types.h:500->D:/Xilinx_Vivado_2019.2_1106_2127/Vivado/2019.2/common/technology/autopilot/hls/hls_video_imgproc.h:2533]   --->   Operation 128 'select' 'select_ln642' <Predicate = (!icmp_ln2527 & and_ln603_2)> <Delay = 0.00> <Core = "Sel">   --->   Core 26 'Sel' <Latency = 0> <II = 1> <Delay = 1.24> <FuncUnit> <Opcode : 'select'> <InPorts = 3> <OutPorts = 1>
ST_13 : Operation 129 [1/1] (0.99ns) (out node of the LUT)   --->   "%select_ln639 = select i1 %and_ln639, i1 %Range1_all_ones, i1 %select_ln642" [D:/Xilinx_Vivado_2019.2_1106_2127/Vivado/2019.2/common/technology/autopilot/hls/hls_video_types.h:429->D:/Xilinx_Vivado_2019.2_1106_2127/Vivado/2019.2/common/technology/autopilot/hls/hls_video_types.h:500->D:/Xilinx_Vivado_2019.2_1106_2127/Vivado/2019.2/common/technology/autopilot/hls/hls_video_imgproc.h:2533]   --->   Operation 129 'select' 'select_ln639' <Predicate = (!icmp_ln2527 & and_ln603_2)> <Delay = 0.99> <Core = "Sel">   --->   Core 26 'Sel' <Latency = 0> <II = 1> <Delay = 1.24> <FuncUnit> <Opcode : 'select'> <InPorts = 3> <OutPorts = 1>
ST_13 : Operation 130 [1/1] (0.99ns) (out node of the LUT)   --->   "%select_ln642_1 = select i1 %and_ln642, i1 %Range1_all_zeros, i1 %or_ln645" [D:/Xilinx_Vivado_2019.2_1106_2127/Vivado/2019.2/common/technology/autopilot/hls/hls_video_types.h:429->D:/Xilinx_Vivado_2019.2_1106_2127/Vivado/2019.2/common/technology/autopilot/hls/hls_video_types.h:500->D:/Xilinx_Vivado_2019.2_1106_2127/Vivado/2019.2/common/technology/autopilot/hls/hls_video_imgproc.h:2533]   --->   Operation 130 'select' 'select_ln642_1' <Predicate = (!icmp_ln2527 & !and_ln603_2)> <Delay = 0.99> <Core = "Sel">   --->   Core 26 'Sel' <Latency = 0> <II = 1> <Delay = 1.24> <FuncUnit> <Opcode : 'select'> <InPorts = 3> <OutPorts = 1>
ST_13 : Operation 131 [1/1] (0.99ns) (out node of the LUT)   --->   "%select_ln639_1 = select i1 %and_ln639, i1 %and_ln641, i1 %select_ln642_1" [D:/Xilinx_Vivado_2019.2_1106_2127/Vivado/2019.2/common/technology/autopilot/hls/hls_video_types.h:429->D:/Xilinx_Vivado_2019.2_1106_2127/Vivado/2019.2/common/technology/autopilot/hls/hls_video_types.h:500->D:/Xilinx_Vivado_2019.2_1106_2127/Vivado/2019.2/common/technology/autopilot/hls/hls_video_imgproc.h:2533]   --->   Operation 131 'select' 'select_ln639_1' <Predicate = (!icmp_ln2527 & !and_ln603_2)> <Delay = 0.99> <Core = "Sel">   --->   Core 26 'Sel' <Latency = 0> <II = 1> <Delay = 1.24> <FuncUnit> <Opcode : 'select'> <InPorts = 3> <OutPorts = 1>

State 14 <SV = 13> <Delay = 7.10>
ST_14 : Operation 132 [1/1] (0.00ns)   --->   "call void (...)* @_ssdm_op_SpecLoopName([11 x i8]* @p_str10) nounwind" [D:/Xilinx_Vivado_2019.2_1106_2127/Vivado/2019.2/common/technology/autopilot/hls/hls_video_imgproc.h:2527]   --->   Operation 132 'specloopname' <Predicate = (!icmp_ln2527)> <Delay = 0.00>
ST_14 : Operation 133 [1/1] (0.00ns)   --->   "%tmp_7 = call i32 (...)* @_ssdm_op_SpecRegionBegin([11 x i8]* @p_str10)" [D:/Xilinx_Vivado_2019.2_1106_2127/Vivado/2019.2/common/technology/autopilot/hls/hls_video_imgproc.h:2527]   --->   Operation 133 'specregionbegin' 'tmp_7' <Predicate = (!icmp_ln2527)> <Delay = 0.00>
ST_14 : Operation 134 [1/1] (0.00ns)   --->   "call void (...)* @_ssdm_op_SpecPipeline(i32 -1, i32 1, i32 1, i32 0, [1 x i8]* @p_str2) nounwind" [D:/Xilinx_Vivado_2019.2_1106_2127/Vivado/2019.2/common/technology/autopilot/hls/hls_video_imgproc.h:2529]   --->   Operation 134 'specpipeline' <Predicate = (!icmp_ln2527)> <Delay = 0.00>
ST_14 : Operation 135 [1/1] (0.97ns)   --->   "%and_ln428 = and i1 %icmp_ln833, %icmp_ln837" [D:/Xilinx_Vivado_2019.2_1106_2127/Vivado/2019.2/common/technology/autopilot/hls/hls_video_types.h:428->D:/Xilinx_Vivado_2019.2_1106_2127/Vivado/2019.2/common/technology/autopilot/hls/hls_video_types.h:500->D:/Xilinx_Vivado_2019.2_1106_2127/Vivado/2019.2/common/technology/autopilot/hls/hls_video_imgproc.h:2533]   --->   Operation 135 'and' 'and_ln428' <Predicate = (!icmp_ln2527)> <Delay = 0.97> <Core = "LogicGate">   --->   Core 27 'LogicGate' <Latency = 0> <II = 1> <Delay = 0.97> <FuncUnit> <Opcode : 'and' 'or' 'xor'> <InPorts = 2> <OutPorts = 1>
ST_14 : Operation 136 [1/1] (0.00ns) (grouped into LUT with out node select_ln340)   --->   "%deleted_zeros = select i1 %and_ln603_2, i1 %select_ln639, i1 %select_ln639_1" [D:/Xilinx_Vivado_2019.2_1106_2127/Vivado/2019.2/common/technology/autopilot/hls/hls_video_types.h:429->D:/Xilinx_Vivado_2019.2_1106_2127/Vivado/2019.2/common/technology/autopilot/hls/hls_video_types.h:500->D:/Xilinx_Vivado_2019.2_1106_2127/Vivado/2019.2/common/technology/autopilot/hls/hls_video_imgproc.h:2533]   --->   Operation 136 'select' 'deleted_zeros' <Predicate = (!icmp_ln2527)> <Delay = 0.00> <Core = "Sel">   --->   Core 26 'Sel' <Latency = 0> <II = 1> <Delay = 1.24> <FuncUnit> <Opcode : 'select'> <InPorts = 3> <OutPorts = 1>
ST_14 : Operation 137 [1/1] (0.00ns) (grouped into LUT with out node select_ln340)   --->   "%xor_ln621 = xor i1 %icmp_ln621, true" [D:/Xilinx_Vivado_2019.2_1106_2127/Vivado/2019.2/common/technology/autopilot/hls/hls_video_types.h:429->D:/Xilinx_Vivado_2019.2_1106_2127/Vivado/2019.2/common/technology/autopilot/hls/hls_video_types.h:500->D:/Xilinx_Vivado_2019.2_1106_2127/Vivado/2019.2/common/technology/autopilot/hls/hls_video_imgproc.h:2533]   --->   Operation 137 'xor' 'xor_ln621' <Predicate = (!icmp_ln2527)> <Delay = 0.00> <Core = "LogicGate">   --->   Core 27 'LogicGate' <Latency = 0> <II = 1> <Delay = 0.97> <FuncUnit> <Opcode : 'and' 'or' 'xor'> <InPorts = 2> <OutPorts = 1>
ST_14 : Operation 138 [1/1] (0.00ns) (grouped into LUT with out node select_ln340)   --->   "%or_ln658 = or i1 %xor_ln621, %deleted_zeros" [D:/Xilinx_Vivado_2019.2_1106_2127/Vivado/2019.2/common/technology/autopilot/hls/hls_video_types.h:429->D:/Xilinx_Vivado_2019.2_1106_2127/Vivado/2019.2/common/technology/autopilot/hls/hls_video_types.h:500->D:/Xilinx_Vivado_2019.2_1106_2127/Vivado/2019.2/common/technology/autopilot/hls/hls_video_imgproc.h:2533]   --->   Operation 138 'or' 'or_ln658' <Predicate = (!icmp_ln2527)> <Delay = 0.00> <Core = "LogicGate">   --->   Core 27 'LogicGate' <Latency = 0> <II = 1> <Delay = 0.97> <FuncUnit> <Opcode : 'and' 'or' 'xor'> <InPorts = 2> <OutPorts = 1>
ST_14 : Operation 139 [1/1] (1.24ns) (out node of the LUT)   --->   "%select_ln340 = select i1 %or_ln658, i8 %p_Val2_16, i8 -1" [D:/Xilinx_Vivado_2019.2_1106_2127/Vivado/2019.2/common/technology/autopilot/hls/hls_video_types.h:429->D:/Xilinx_Vivado_2019.2_1106_2127/Vivado/2019.2/common/technology/autopilot/hls/hls_video_types.h:500->D:/Xilinx_Vivado_2019.2_1106_2127/Vivado/2019.2/common/technology/autopilot/hls/hls_video_imgproc.h:2533]   --->   Operation 139 'select' 'select_ln340' <Predicate = (!icmp_ln2527)> <Delay = 1.24> <Core = "Sel">   --->   Core 26 'Sel' <Latency = 0> <II = 1> <Delay = 1.24> <FuncUnit> <Opcode : 'select'> <InPorts = 3> <OutPorts = 1>
ST_14 : Operation 140 [1/1] (0.00ns) (grouped into LUT with out node select_ln571)   --->   "%and_ln428_1 = and i1 %icmp_ln833, %icmp_ln837" [D:/Xilinx_Vivado_2019.2_1106_2127/Vivado/2019.2/common/technology/autopilot/hls/hls_video_types.h:428->D:/Xilinx_Vivado_2019.2_1106_2127/Vivado/2019.2/common/technology/autopilot/hls/hls_video_types.h:500->D:/Xilinx_Vivado_2019.2_1106_2127/Vivado/2019.2/common/technology/autopilot/hls/hls_video_imgproc.h:2533]   --->   Operation 140 'and' 'and_ln428_1' <Predicate = (!icmp_ln2527)> <Delay = 0.00> <Core = "LogicGate">   --->   Core 27 'LogicGate' <Latency = 0> <II = 1> <Delay = 0.97> <FuncUnit> <Opcode : 'and' 'or' 'xor'> <InPorts = 2> <OutPorts = 1>
ST_14 : Operation 141 [1/1] (0.00ns) (grouped into LUT with out node select_ln571)   --->   "%xor_ln428 = xor i1 %and_ln428_1, true" [D:/Xilinx_Vivado_2019.2_1106_2127/Vivado/2019.2/common/technology/autopilot/hls/hls_video_types.h:428->D:/Xilinx_Vivado_2019.2_1106_2127/Vivado/2019.2/common/technology/autopilot/hls/hls_video_types.h:500->D:/Xilinx_Vivado_2019.2_1106_2127/Vivado/2019.2/common/technology/autopilot/hls/hls_video_imgproc.h:2533]   --->   Operation 141 'xor' 'xor_ln428' <Predicate = (!icmp_ln2527)> <Delay = 0.00> <Core = "LogicGate">   --->   Core 27 'LogicGate' <Latency = 0> <II = 1> <Delay = 0.97> <FuncUnit> <Opcode : 'and' 'or' 'xor'> <InPorts = 2> <OutPorts = 1>
ST_14 : Operation 142 [1/1] (0.00ns) (grouped into LUT with out node select_ln571)   --->   "%and_ln571 = and i1 %icmp_ln571, %xor_ln428" [D:/Xilinx_Vivado_2019.2_1106_2127/Vivado/2019.2/common/technology/autopilot/hls/hls_video_types.h:429->D:/Xilinx_Vivado_2019.2_1106_2127/Vivado/2019.2/common/technology/autopilot/hls/hls_video_types.h:500->D:/Xilinx_Vivado_2019.2_1106_2127/Vivado/2019.2/common/technology/autopilot/hls/hls_video_imgproc.h:2533]   --->   Operation 142 'and' 'and_ln571' <Predicate = (!icmp_ln2527)> <Delay = 0.00> <Core = "LogicGate">   --->   Core 27 'LogicGate' <Latency = 0> <II = 1> <Delay = 0.97> <FuncUnit> <Opcode : 'and' 'or' 'xor'> <InPorts = 2> <OutPorts = 1>
ST_14 : Operation 143 [1/1] (0.00ns) (grouped into LUT with out node select_ln571)   --->   "%or_ln571 = or i1 %and_ln571, %and_ln428" [D:/Xilinx_Vivado_2019.2_1106_2127/Vivado/2019.2/common/technology/autopilot/hls/hls_video_types.h:429->D:/Xilinx_Vivado_2019.2_1106_2127/Vivado/2019.2/common/technology/autopilot/hls/hls_video_types.h:500->D:/Xilinx_Vivado_2019.2_1106_2127/Vivado/2019.2/common/technology/autopilot/hls/hls_video_imgproc.h:2533]   --->   Operation 143 'or' 'or_ln571' <Predicate = (!icmp_ln2527)> <Delay = 0.00> <Core = "LogicGate">   --->   Core 27 'LogicGate' <Latency = 0> <II = 1> <Delay = 0.97> <FuncUnit> <Opcode : 'and' 'or' 'xor'> <InPorts = 2> <OutPorts = 1>
ST_14 : Operation 144 [1/1] (1.24ns) (out node of the LUT)   --->   "%select_ln571 = select i1 %or_ln571, i8 0, i8 %p_Val2_16" [D:/Xilinx_Vivado_2019.2_1106_2127/Vivado/2019.2/common/technology/autopilot/hls/hls_video_types.h:429->D:/Xilinx_Vivado_2019.2_1106_2127/Vivado/2019.2/common/technology/autopilot/hls/hls_video_types.h:500->D:/Xilinx_Vivado_2019.2_1106_2127/Vivado/2019.2/common/technology/autopilot/hls/hls_video_imgproc.h:2533]   --->   Operation 144 'select' 'select_ln571' <Predicate = (!icmp_ln2527)> <Delay = 1.24> <Core = "Sel">   --->   Core 26 'Sel' <Latency = 0> <II = 1> <Delay = 1.24> <FuncUnit> <Opcode : 'select'> <InPorts = 3> <OutPorts = 1>
ST_14 : Operation 145 [1/1] (0.00ns) (grouped into LUT with out node tmp_55)   --->   "%or_ln571_1 = or i1 %and_ln428, %icmp_ln571" [D:/Xilinx_Vivado_2019.2_1106_2127/Vivado/2019.2/common/technology/autopilot/hls/hls_video_types.h:429->D:/Xilinx_Vivado_2019.2_1106_2127/Vivado/2019.2/common/technology/autopilot/hls/hls_video_types.h:500->D:/Xilinx_Vivado_2019.2_1106_2127/Vivado/2019.2/common/technology/autopilot/hls/hls_video_imgproc.h:2533]   --->   Operation 145 'or' 'or_ln571_1' <Predicate = (!icmp_ln2527)> <Delay = 0.00> <Core = "LogicGate">   --->   Core 27 'LogicGate' <Latency = 0> <II = 1> <Delay = 0.97> <FuncUnit> <Opcode : 'and' 'or' 'xor'> <InPorts = 2> <OutPorts = 1>
ST_14 : Operation 146 [1/1] (0.00ns) (grouped into LUT with out node tmp_55)   --->   "%xor_ln571 = xor i1 %or_ln571_1, true" [D:/Xilinx_Vivado_2019.2_1106_2127/Vivado/2019.2/common/technology/autopilot/hls/hls_video_types.h:429->D:/Xilinx_Vivado_2019.2_1106_2127/Vivado/2019.2/common/technology/autopilot/hls/hls_video_types.h:500->D:/Xilinx_Vivado_2019.2_1106_2127/Vivado/2019.2/common/technology/autopilot/hls/hls_video_imgproc.h:2533]   --->   Operation 146 'xor' 'xor_ln571' <Predicate = (!icmp_ln2527)> <Delay = 0.00> <Core = "LogicGate">   --->   Core 27 'LogicGate' <Latency = 0> <II = 1> <Delay = 0.97> <FuncUnit> <Opcode : 'and' 'or' 'xor'> <InPorts = 2> <OutPorts = 1>
ST_14 : Operation 147 [1/1] (1.24ns) (out node of the LUT)   --->   "%tmp_55 = select i1 %xor_ln571, i8 %select_ln340, i8 %select_ln571" [D:/Xilinx_Vivado_2019.2_1106_2127/Vivado/2019.2/common/technology/autopilot/hls/hls_video_types.h:429->D:/Xilinx_Vivado_2019.2_1106_2127/Vivado/2019.2/common/technology/autopilot/hls/hls_video_types.h:500->D:/Xilinx_Vivado_2019.2_1106_2127/Vivado/2019.2/common/technology/autopilot/hls/hls_video_imgproc.h:2533]   --->   Operation 147 'select' 'tmp_55' <Predicate = (!icmp_ln2527)> <Delay = 1.24> <Core = "Sel">   --->   Core 26 'Sel' <Latency = 0> <II = 1> <Delay = 1.24> <FuncUnit> <Opcode : 'select'> <InPorts = 3> <OutPorts = 1>
ST_14 : Operation 148 [1/1] (0.00ns)   --->   "%tmp_s = call i32 (...)* @_ssdm_op_SpecRegionBegin([12 x i8]* @p_str23)" [D:/Xilinx_Vivado_2019.2_1106_2127/Vivado/2019.2/common/technology/autopilot/hls/hls_video_core.h:696->D:/Xilinx_Vivado_2019.2_1106_2127/Vivado/2019.2/common/technology/autopilot/hls/hls_video_core.h:717->D:/Xilinx_Vivado_2019.2_1106_2127/Vivado/2019.2/common/technology/autopilot/hls/hls_video_imgproc.h:2535]   --->   Operation 148 'specregionbegin' 'tmp_s' <Predicate = (!icmp_ln2527)> <Delay = 0.00>
ST_14 : Operation 149 [1/1] (0.00ns)   --->   "call void (...)* @_ssdm_op_SpecProtocol(i32 0, [1 x i8]* @p_str2) nounwind" [D:/Xilinx_Vivado_2019.2_1106_2127/Vivado/2019.2/common/technology/autopilot/hls/hls_video_core.h:700->D:/Xilinx_Vivado_2019.2_1106_2127/Vivado/2019.2/common/technology/autopilot/hls/hls_video_core.h:717->D:/Xilinx_Vivado_2019.2_1106_2127/Vivado/2019.2/common/technology/autopilot/hls/hls_video_imgproc.h:2535]   --->   Operation 149 'specprotocol' <Predicate = (!icmp_ln2527)> <Delay = 0.00>
ST_14 : Operation 150 [1/1] (3.63ns)   --->   "call void @_ssdm_op_Write.ap_fifo.volatile.i8P(i8* %p_dst_data_stream_V, i8 %tmp_55)" [D:/Xilinx_Vivado_2019.2_1106_2127/Vivado/2019.2/common/technology/autopilot/hls/hls_video_core.h:703->D:/Xilinx_Vivado_2019.2_1106_2127/Vivado/2019.2/common/technology/autopilot/hls/hls_video_core.h:717->D:/Xilinx_Vivado_2019.2_1106_2127/Vivado/2019.2/common/technology/autopilot/hls/hls_video_imgproc.h:2535]   --->   Operation 150 'write' <Predicate = (!icmp_ln2527)> <Delay = 3.63> <Core = "FIFO">   --->   Core 32 'FIFO' <Latency = 0> <II = 1> <Delay = 3.63> <Storage> <Opcode : 'read' 'write' 'nbread' 'nbwrite'> <Ports = 0> <Width = 8> <Depth = 2> <FIFO>
ST_14 : Operation 151 [1/1] (0.00ns)   --->   "%empty_111 = call i32 (...)* @_ssdm_op_SpecRegionEnd([12 x i8]* @p_str23, i32 %tmp_s)" [D:/Xilinx_Vivado_2019.2_1106_2127/Vivado/2019.2/common/technology/autopilot/hls/hls_video_core.h:705->D:/Xilinx_Vivado_2019.2_1106_2127/Vivado/2019.2/common/technology/autopilot/hls/hls_video_core.h:717->D:/Xilinx_Vivado_2019.2_1106_2127/Vivado/2019.2/common/technology/autopilot/hls/hls_video_imgproc.h:2535]   --->   Operation 151 'specregionend' 'empty_111' <Predicate = (!icmp_ln2527)> <Delay = 0.00>
ST_14 : Operation 152 [1/1] (0.00ns)   --->   "%empty_112 = call i32 (...)* @_ssdm_op_SpecRegionEnd([11 x i8]* @p_str10, i32 %tmp_7)" [D:/Xilinx_Vivado_2019.2_1106_2127/Vivado/2019.2/common/technology/autopilot/hls/hls_video_imgproc.h:2536]   --->   Operation 152 'specregionend' 'empty_112' <Predicate = (!icmp_ln2527)> <Delay = 0.00>
ST_14 : Operation 153 [1/1] (0.00ns)   --->   "br label %1" [D:/Xilinx_Vivado_2019.2_1106_2127/Vivado/2019.2/common/technology/autopilot/hls/hls_video_imgproc.h:2527]   --->   Operation 153 'br' <Predicate = (!icmp_ln2527)> <Delay = 0.00>

State 15 <SV = 3> <Delay = 0.00>
ST_15 : Operation 154 [1/1] (0.00ns)   --->   "%empty_113 = call i32 (...)* @_ssdm_op_SpecRegionEnd([12 x i8]* @p_str9, i32 %tmp_6)" [D:/Xilinx_Vivado_2019.2_1106_2127/Vivado/2019.2/common/technology/autopilot/hls/hls_video_imgproc.h:2537]   --->   Operation 154 'specregionend' 'empty_113' <Predicate = true> <Delay = 0.00>
ST_15 : Operation 155 [1/1] (0.00ns)   --->   "br label %0" [D:/Xilinx_Vivado_2019.2_1106_2127/Vivado/2019.2/common/technology/autopilot/hls/hls_video_imgproc.h:2526]   --->   Operation 155 'br' <Predicate = true> <Delay = 0.00>


============================================================
+ Verbose Summary: Timing violations
============================================================
Target clock period: 10ns, clock uncertainty: 1.25ns.

 <State 1>: 1.77ns
The critical path consists of the following:
	multiplexor before 'phi' operation ('i') with incoming values : ('i', D:/Xilinx_Vivado_2019.2_1106_2127/Vivado/2019.2/common/technology/autopilot/hls/hls_video_imgproc.h:2526) [7]  (1.77 ns)

 <State 2>: 2.75ns
The critical path consists of the following:
	'icmp' operation ('icmp_ln2526', D:/Xilinx_Vivado_2019.2_1106_2127/Vivado/2019.2/common/technology/autopilot/hls/hls_video_imgproc.h:2526) [9]  (1.77 ns)
	blocking operation 0.978 ns on control path)

 <State 3>: 1.88ns
The critical path consists of the following:
	'phi' operation ('j') with incoming values : ('j', D:/Xilinx_Vivado_2019.2_1106_2127/Vivado/2019.2/common/technology/autopilot/hls/hls_video_imgproc.h:2527) [17]  (0 ns)
	'icmp' operation ('icmp_ln2527', D:/Xilinx_Vivado_2019.2_1106_2127/Vivado/2019.2/common/technology/autopilot/hls/hls_video_imgproc.h:2527) [19]  (1.88 ns)

 <State 4>: 3.63ns
The critical path consists of the following:
	fifo read on port 'p_src_data_stream_V' (D:/Xilinx_Vivado_2019.2_1106_2127/Vivado/2019.2/common/technology/autopilot/hls/hls_video_core.h:679->D:/Xilinx_Vivado_2019.2_1106_2127/Vivado/2019.2/common/technology/autopilot/hls/hls_video_core.h:711->D:/Xilinx_Vivado_2019.2_1106_2127/Vivado/2019.2/common/technology/autopilot/hls/hls_video_imgproc.h:2530) [28]  (3.63 ns)

 <State 5>: 6.28ns
The critical path consists of the following:
	'sitodp' operation ('x', D:/Xilinx_Vivado_2019.2_1106_2127/Vivado/2019.2/common/technology/autopilot/hls/hls_video_imgproc.h:2533) [31]  (6.28 ns)

 <State 6>: 6.28ns
The critical path consists of the following:
	'sitodp' operation ('x', D:/Xilinx_Vivado_2019.2_1106_2127/Vivado/2019.2/common/technology/autopilot/hls/hls_video_imgproc.h:2533) [31]  (6.28 ns)

 <State 7>: 6.28ns
The critical path consists of the following:
	'sitodp' operation ('x', D:/Xilinx_Vivado_2019.2_1106_2127/Vivado/2019.2/common/technology/autopilot/hls/hls_video_imgproc.h:2533) [31]  (6.28 ns)

 <State 8>: 6.28ns
The critical path consists of the following:
	'sitodp' operation ('x', D:/Xilinx_Vivado_2019.2_1106_2127/Vivado/2019.2/common/technology/autopilot/hls/hls_video_imgproc.h:2533) [31]  (6.28 ns)

 <State 9>: 6.28ns
The critical path consists of the following:
	'sitodp' operation ('x', D:/Xilinx_Vivado_2019.2_1106_2127/Vivado/2019.2/common/technology/autopilot/hls/hls_video_imgproc.h:2533) [31]  (6.28 ns)

 <State 10>: 6.28ns
The critical path consists of the following:
	'sitodp' operation ('x', D:/Xilinx_Vivado_2019.2_1106_2127/Vivado/2019.2/common/technology/autopilot/hls/hls_video_imgproc.h:2533) [31]  (6.28 ns)

 <State 11>: 6.22ns
The critical path consists of the following:
	'sub' operation ('F2', D:/Xilinx_Vivado_2019.2_1106_2127/Vivado/2019.2/common/technology/autopilot/hls/hls_video_types.h:429->D:/Xilinx_Vivado_2019.2_1106_2127/Vivado/2019.2/common/technology/autopilot/hls/hls_video_types.h:500->D:/Xilinx_Vivado_2019.2_1106_2127/Vivado/2019.2/common/technology/autopilot/hls/hls_video_imgproc.h:2533) [43]  (1.55 ns)
	'icmp' operation ('icmp_ln581', D:/Xilinx_Vivado_2019.2_1106_2127/Vivado/2019.2/common/technology/autopilot/hls/hls_video_types.h:429->D:/Xilinx_Vivado_2019.2_1106_2127/Vivado/2019.2/common/technology/autopilot/hls/hls_video_types.h:500->D:/Xilinx_Vivado_2019.2_1106_2127/Vivado/2019.2/common/technology/autopilot/hls/hls_video_imgproc.h:2533) [44]  (1.99 ns)
	'select' operation ('F2', D:/Xilinx_Vivado_2019.2_1106_2127/Vivado/2019.2/common/technology/autopilot/hls/hls_video_types.h:429->D:/Xilinx_Vivado_2019.2_1106_2127/Vivado/2019.2/common/technology/autopilot/hls/hls_video_types.h:500->D:/Xilinx_Vivado_2019.2_1106_2127/Vivado/2019.2/common/technology/autopilot/hls/hls_video_imgproc.h:2533) [46]  (0.697 ns)
	'icmp' operation ('icmp_ln585', D:/Xilinx_Vivado_2019.2_1106_2127/Vivado/2019.2/common/technology/autopilot/hls/hls_video_types.h:429->D:/Xilinx_Vivado_2019.2_1106_2127/Vivado/2019.2/common/technology/autopilot/hls/hls_video_types.h:500->D:/Xilinx_Vivado_2019.2_1106_2127/Vivado/2019.2/common/technology/autopilot/hls/hls_video_imgproc.h:2533) [51]  (1.99 ns)

 <State 12>: 8.15ns
The critical path consists of the following:
	'add' operation ('pos1', D:/Xilinx_Vivado_2019.2_1106_2127/Vivado/2019.2/common/technology/autopilot/hls/hls_video_types.h:429->D:/Xilinx_Vivado_2019.2_1106_2127/Vivado/2019.2/common/technology/autopilot/hls/hls_video_types.h:500->D:/Xilinx_Vivado_2019.2_1106_2127/Vivado/2019.2/common/technology/autopilot/hls/hls_video_imgproc.h:2533) [85]  (1.55 ns)
	'icmp' operation ('icmp_ln621', D:/Xilinx_Vivado_2019.2_1106_2127/Vivado/2019.2/common/technology/autopilot/hls/hls_video_types.h:429->D:/Xilinx_Vivado_2019.2_1106_2127/Vivado/2019.2/common/technology/autopilot/hls/hls_video_types.h:500->D:/Xilinx_Vivado_2019.2_1106_2127/Vivado/2019.2/common/technology/autopilot/hls/hls_video_imgproc.h:2533) [89]  (1.99 ns)
	'and' operation ('Range1_all_ones', D:/Xilinx_Vivado_2019.2_1106_2127/Vivado/2019.2/common/technology/autopilot/hls/hls_video_types.h:429->D:/Xilinx_Vivado_2019.2_1106_2127/Vivado/2019.2/common/technology/autopilot/hls/hls_video_types.h:500->D:/Xilinx_Vivado_2019.2_1106_2127/Vivado/2019.2/common/technology/autopilot/hls/hls_video_imgproc.h:2533) [96]  (4.61 ns)

 <State 13>: 6.41ns
The critical path consists of the following:
	'lshr' operation ('r.V', D:/Xilinx_Vivado_2019.2_1106_2127/Vivado/2019.2/common/technology/autopilot/hls/hls_video_types.h:429->D:/Xilinx_Vivado_2019.2_1106_2127/Vivado/2019.2/common/technology/autopilot/hls/hls_video_types.h:500->D:/Xilinx_Vivado_2019.2_1106_2127/Vivado/2019.2/common/technology/autopilot/hls/hls_video_imgproc.h:2533) [103]  (0 ns)
	'icmp' operation ('Range2_all_ones', D:/Xilinx_Vivado_2019.2_1106_2127/Vivado/2019.2/common/technology/autopilot/hls/hls_video_types.h:429->D:/Xilinx_Vivado_2019.2_1106_2127/Vivado/2019.2/common/technology/autopilot/hls/hls_video_types.h:500->D:/Xilinx_Vivado_2019.2_1106_2127/Vivado/2019.2/common/technology/autopilot/hls/hls_video_imgproc.h:2533) [104]  (4.42 ns)
	'select' operation ('select_ln631', D:/Xilinx_Vivado_2019.2_1106_2127/Vivado/2019.2/common/technology/autopilot/hls/hls_video_types.h:429->D:/Xilinx_Vivado_2019.2_1106_2127/Vivado/2019.2/common/technology/autopilot/hls/hls_video_types.h:500->D:/Xilinx_Vivado_2019.2_1106_2127/Vivado/2019.2/common/technology/autopilot/hls/hls_video_imgproc.h:2533) [105]  (0 ns)
	'and' operation ('Range1_all_ones', D:/Xilinx_Vivado_2019.2_1106_2127/Vivado/2019.2/common/technology/autopilot/hls/hls_video_types.h:429->D:/Xilinx_Vivado_2019.2_1106_2127/Vivado/2019.2/common/technology/autopilot/hls/hls_video_types.h:500->D:/Xilinx_Vivado_2019.2_1106_2127/Vivado/2019.2/common/technology/autopilot/hls/hls_video_imgproc.h:2533) [107]  (0.993 ns)
	'select' operation ('select_ln639', D:/Xilinx_Vivado_2019.2_1106_2127/Vivado/2019.2/common/technology/autopilot/hls/hls_video_types.h:429->D:/Xilinx_Vivado_2019.2_1106_2127/Vivado/2019.2/common/technology/autopilot/hls/hls_video_types.h:500->D:/Xilinx_Vivado_2019.2_1106_2127/Vivado/2019.2/common/technology/autopilot/hls/hls_video_imgproc.h:2533) [118]  (0.993 ns)

 <State 14>: 7.11ns
The critical path consists of the following:
	'and' operation ('and_ln428', D:/Xilinx_Vivado_2019.2_1106_2127/Vivado/2019.2/common/technology/autopilot/hls/hls_video_types.h:428->D:/Xilinx_Vivado_2019.2_1106_2127/Vivado/2019.2/common/technology/autopilot/hls/hls_video_types.h:500->D:/Xilinx_Vivado_2019.2_1106_2127/Vivado/2019.2/common/technology/autopilot/hls/hls_video_imgproc.h:2533) [38]  (0.978 ns)
	'or' operation ('or_ln571', D:/Xilinx_Vivado_2019.2_1106_2127/Vivado/2019.2/common/technology/autopilot/hls/hls_video_types.h:429->D:/Xilinx_Vivado_2019.2_1106_2127/Vivado/2019.2/common/technology/autopilot/hls/hls_video_types.h:500->D:/Xilinx_Vivado_2019.2_1106_2127/Vivado/2019.2/common/technology/autopilot/hls/hls_video_imgproc.h:2533) [128]  (0 ns)
	'select' operation ('select_ln571', D:/Xilinx_Vivado_2019.2_1106_2127/Vivado/2019.2/common/technology/autopilot/hls/hls_video_types.h:429->D:/Xilinx_Vivado_2019.2_1106_2127/Vivado/2019.2/common/technology/autopilot/hls/hls_video_types.h:500->D:/Xilinx_Vivado_2019.2_1106_2127/Vivado/2019.2/common/technology/autopilot/hls/hls_video_imgproc.h:2533) [129]  (1.25 ns)
	'select' operation ('tmp', D:/Xilinx_Vivado_2019.2_1106_2127/Vivado/2019.2/common/technology/autopilot/hls/hls_video_types.h:429->D:/Xilinx_Vivado_2019.2_1106_2127/Vivado/2019.2/common/technology/autopilot/hls/hls_video_types.h:500->D:/Xilinx_Vivado_2019.2_1106_2127/Vivado/2019.2/common/technology/autopilot/hls/hls_video_imgproc.h:2533) [132]  (1.25 ns)
	fifo write on port 'p_dst_data_stream_V' (D:/Xilinx_Vivado_2019.2_1106_2127/Vivado/2019.2/common/technology/autopilot/hls/hls_video_core.h:703->D:/Xilinx_Vivado_2019.2_1106_2127/Vivado/2019.2/common/technology/autopilot/hls/hls_video_core.h:717->D:/Xilinx_Vivado_2019.2_1106_2127/Vivado/2019.2/common/technology/autopilot/hls/hls_video_imgproc.h:2535) [135]  (3.63 ns)

 <State 15>: 0ns
The critical path consists of the following:


============================================================
+ Verbose Summary: Binding
============================================================
N/A
* FSMD analyzer results:
  - Output states:
 - Input state : 
  - Chain level:
	State 1
	State 2
	State 3
	State 4
	State 5
	State 6
	State 7
	State 8
	State 9
	State 10
	State 11
	State 12
	State 13
	State 14
	State 15


============================================================
+ Verbose Summary: Datapath Resource usage 
============================================================
N/A
