

================================================================
== Vivado HLS Report for 'CvtColor'
================================================================
* Date:           Wed Nov 22 22:28:25 2023

* Version:        2019.2 (Build 2704478 on Wed Nov 06 22:10:23 MST 2019)
* Project:        lab04_HLS
* Solution:       solution1
* Product family: zynq
* Target device:  xc7z020-clg400-1


================================================================
== Performance Estimates
================================================================
+ Timing: 
    * Summary: 
    +--------+----------+----------+------------+
    |  Clock |  Target  | Estimated| Uncertainty|
    +--------+----------+----------+------------+
    |ap_clk  | 10.00 ns | 7.268 ns |   1.25 ns  |
    +--------+----------+----------+------------+

+ Latency: 
    * Summary: 
    +---------+---------+-----------+----------+-----+--------+---------+
    |  Latency (cycles) |  Latency (absolute)  |   Interval   | Pipeline|
    |   min   |   max   |    min    |    max   | min |   max  |   Type  |
    +---------+---------+-----------+----------+-----+--------+---------+
    |        1|   923761| 10.000 ns | 9.238 ms |    1|  923761|   none  |
    +---------+---------+-----------+----------+-----+--------+---------+

    + Detail: 
        * Instance: 
        N/A

        * Loop: 
        +---------------+---------+---------+----------+-----------+-----------+----------+----------+
        |               |  Latency (cycles) | Iteration|  Initiation Interval  |   Trip   |          |
        |   Loop Name   |   min   |   max   |  Latency |  achieved |   target  |   Count  | Pipelined|
        +---------------+---------+---------+----------+-----------+-----------+----------+----------+
        |- loop_height  |        0|   923760| 3 ~ 1283 |          -|          -|  0 ~ 720 |    no    |
        | + loop_width  |        0|     1280|         2|          1|          1| 0 ~ 1280 |    yes   |
        +---------------+---------+---------+----------+-----------+-----------+----------+----------+

============================================================
+ Verbose Summary: Synthesis Manager
============================================================
InlineROM: 1
ExposeGlobal: 0
============================================================
+ Verbose Summary: CDFG Model
============================================================
IsTopModel: 0
ResetActiveHigh: 1
IsCombinational: 2
IsDatapathOnly: 0
HasWiredReturn: 1
HasMFsm: 0
HasVarLatency: 1
IsPipeline: 0
IsRtlPipelined: 0
IsInstanceOverlapped: 0
IsDontTouch: 0
HasImplIP: 0
IsGatedGlobalClock: 0

+ Individual pipeline summary: 
  * Pipeline-0: initiation interval (II) = 1, depth = 2


============================================================
+ Verbose Summary: Schedule
============================================================
* Number of FSM states : 5
* Pipeline : 1
  Pipeline-0 : II = 1, D = 2, States = { 3 4 }
* Dataflow Pipeline: 0

* FSM state transitions: 
1 --> 2 
2 --> 3 
3 --> 5 4 
4 --> 3 
5 --> 2 

* FSM state operations: 

State 1 <SV = 0> <Delay = 3.63>
ST_1 : Operation 6 [1/1] (0.00ns)   --->   "call void (...)* @_ssdm_op_SpecInterface(i8* %p_dst_data_stream_2_V, [8 x i8]* @ap_fifo_str, i32 0, i32 0, [1 x i8]* @p_str423, i32 0, i32 0, [1 x i8]* @p_str424, [1 x i8]* @p_str425, [1 x i8]* @p_str426, i32 2, i32 2, i32 16, i32 16, [1 x i8]* @p_str427, [1 x i8]* @p_str428)"   --->   Operation 6 'specinterface' <Predicate = true> <Delay = 0.00>
ST_1 : Operation 7 [1/1] (0.00ns)   --->   "call void (...)* @_ssdm_op_SpecInterface(i8* %p_dst_data_stream_1_V, [8 x i8]* @ap_fifo_str, i32 0, i32 0, [1 x i8]* @p_str416, i32 0, i32 0, [1 x i8]* @p_str417, [1 x i8]* @p_str418, [1 x i8]* @p_str419, i32 2, i32 2, i32 16, i32 16, [1 x i8]* @p_str420, [1 x i8]* @p_str421)"   --->   Operation 7 'specinterface' <Predicate = true> <Delay = 0.00>
ST_1 : Operation 8 [1/1] (0.00ns)   --->   "call void (...)* @_ssdm_op_SpecInterface(i8* %p_dst_data_stream_0_V, [8 x i8]* @ap_fifo_str, i32 0, i32 0, [1 x i8]* @p_str409, i32 0, i32 0, [1 x i8]* @p_str410, [1 x i8]* @p_str411, [1 x i8]* @p_str412, i32 2, i32 2, i32 16, i32 16, [1 x i8]* @p_str413, [1 x i8]* @p_str414)"   --->   Operation 8 'specinterface' <Predicate = true> <Delay = 0.00>
ST_1 : Operation 9 [1/1] (0.00ns)   --->   "call void (...)* @_ssdm_op_SpecInterface(i8* %p_src_data_stream_V, [8 x i8]* @ap_fifo_str, i32 0, i32 0, [1 x i8]* @p_str402, i32 0, i32 0, [1 x i8]* @p_str403, [1 x i8]* @p_str404, [1 x i8]* @p_str405, i32 2, i32 2, i32 16, i32 16, [1 x i8]* @p_str406, [1 x i8]* @p_str407)"   --->   Operation 9 'specinterface' <Predicate = true> <Delay = 0.00>
ST_1 : Operation 10 [1/1] (0.00ns)   --->   "call void (...)* @_ssdm_op_SpecInterface(i11* %p_src_rows_V, [8 x i8]* @ap_fifo_str, i32 0, i32 0, [1 x i8]* @p_str564, i32 0, i32 0, [1 x i8]* @p_str565, [1 x i8]* @p_str566, [1 x i8]* @p_str567, i32 2, i32 2, i32 16, i32 16, [1 x i8]* @p_str568, [11 x i8]* @ScalarProp_str)"   --->   Operation 10 'specinterface' <Predicate = true> <Delay = 0.00>
ST_1 : Operation 11 [1/1] (0.00ns)   --->   "call void (...)* @_ssdm_op_SpecInterface(i12* %p_src_cols_V, [8 x i8]* @ap_fifo_str, i32 0, i32 0, [1 x i8]* @p_str569, i32 0, i32 0, [1 x i8]* @p_str570, [1 x i8]* @p_str571, [1 x i8]* @p_str572, i32 2, i32 2, i32 16, i32 16, [1 x i8]* @p_str573, [11 x i8]* @ScalarProp_str)"   --->   Operation 11 'specinterface' <Predicate = true> <Delay = 0.00>
ST_1 : Operation 12 [1/1] (3.63ns)   --->   "%p_src_cols_V_read = call i12 @_ssdm_op_Read.ap_fifo.i12P(i12* %p_src_cols_V)" [D:/Xilinx_Vivado_2019.2_1106_2127/Vivado/2019.2/common/technology/autopilot/hls/hls_video_imgproc.h:1961]   --->   Operation 12 'read' 'p_src_cols_V_read' <Predicate = true> <Delay = 3.63> <Core = "FIFO">   --->   Core 32 'FIFO' <Latency = 0> <II = 1> <Delay = 3.63> <Storage> <Opcode : 'read' 'write' 'nbread' 'nbwrite'> <Ports = 0> <Width = 11> <Depth = 2> <FIFO>
ST_1 : Operation 13 [1/1] (3.63ns)   --->   "%p_src_rows_V_read = call i11 @_ssdm_op_Read.ap_fifo.i11P(i11* %p_src_rows_V)" [D:/Xilinx_Vivado_2019.2_1106_2127/Vivado/2019.2/common/technology/autopilot/hls/hls_video_imgproc.h:1962]   --->   Operation 13 'read' 'p_src_rows_V_read' <Predicate = true> <Delay = 3.63> <Core = "FIFO">   --->   Core 32 'FIFO' <Latency = 0> <II = 1> <Delay = 3.63> <Storage> <Opcode : 'read' 'write' 'nbread' 'nbwrite'> <Ports = 0> <Width = 11> <Depth = 2> <FIFO>
ST_1 : Operation 14 [1/1] (1.76ns)   --->   "br label %0" [D:/Xilinx_Vivado_2019.2_1106_2127/Vivado/2019.2/common/technology/autopilot/hls/hls_video_imgproc.h:1967]   --->   Operation 14 'br' <Predicate = true> <Delay = 1.76>

State 2 <SV = 1> <Delay = 2.85>
ST_2 : Operation 15 [1/1] (0.00ns)   --->   "%i_0_i = phi i10 [ 0, %entry ], [ %i, %loop_height_end ]"   --->   Operation 15 'phi' 'i_0_i' <Predicate = true> <Delay = 0.00>
ST_2 : Operation 16 [1/1] (0.00ns)   --->   "%zext_ln1967 = zext i10 %i_0_i to i11" [D:/Xilinx_Vivado_2019.2_1106_2127/Vivado/2019.2/common/technology/autopilot/hls/hls_video_imgproc.h:1967]   --->   Operation 16 'zext' 'zext_ln1967' <Predicate = true> <Delay = 0.00>
ST_2 : Operation 17 [1/1] (1.88ns)   --->   "%icmp_ln1967 = icmp slt i11 %zext_ln1967, %p_src_rows_V_read" [D:/Xilinx_Vivado_2019.2_1106_2127/Vivado/2019.2/common/technology/autopilot/hls/hls_video_imgproc.h:1967]   --->   Operation 17 'icmp' 'icmp_ln1967' <Predicate = true> <Delay = 1.88> <Core = "Cmp">   --->   Core 25 'Cmp' <Latency = 0> <II = 1> <Delay = 1.88> <FuncUnit> <Opcode : 'icmp'> <InPorts = 2> <OutPorts = 1>
ST_2 : Operation 18 [1/1] (0.00ns)   --->   "call void (...)* @_ssdm_op_SpecLoopTripCount(i64 0, i64 720, i64 0)"   --->   Operation 18 'speclooptripcount' <Predicate = true> <Delay = 0.00>
ST_2 : Operation 19 [1/1] (1.73ns)   --->   "%i = add i10 %i_0_i, 1" [D:/Xilinx_Vivado_2019.2_1106_2127/Vivado/2019.2/common/technology/autopilot/hls/hls_video_imgproc.h:1967]   --->   Operation 19 'add' 'i' <Predicate = true> <Delay = 1.73> <Core = "AddSub">   --->   Core 14 'AddSub' <Latency = 0> <II = 1> <Delay = 1.73> <FuncUnit> <Opcode : 'add' 'sub'> <InPorts = 2> <OutPorts = 1>
ST_2 : Operation 20 [1/1] (0.00ns)   --->   "br i1 %icmp_ln1967, label %loop_height_begin, label %.exit" [D:/Xilinx_Vivado_2019.2_1106_2127/Vivado/2019.2/common/technology/autopilot/hls/hls_video_imgproc.h:1967]   --->   Operation 20 'br' <Predicate = true> <Delay = 0.00>
ST_2 : Operation 21 [1/1] (0.00ns)   --->   "call void (...)* @_ssdm_op_SpecLoopName([12 x i8]* @p_str9) nounwind" [D:/Xilinx_Vivado_2019.2_1106_2127/Vivado/2019.2/common/technology/autopilot/hls/hls_video_imgproc.h:1967]   --->   Operation 21 'specloopname' <Predicate = (icmp_ln1967)> <Delay = 0.00>
ST_2 : Operation 22 [1/1] (0.00ns)   --->   "%tmp_37_i = call i32 (...)* @_ssdm_op_SpecRegionBegin([12 x i8]* @p_str9)" [D:/Xilinx_Vivado_2019.2_1106_2127/Vivado/2019.2/common/technology/autopilot/hls/hls_video_imgproc.h:1967]   --->   Operation 22 'specregionbegin' 'tmp_37_i' <Predicate = (icmp_ln1967)> <Delay = 0.00>
ST_2 : Operation 23 [1/1] (1.76ns)   --->   "br label %1" [D:/Xilinx_Vivado_2019.2_1106_2127/Vivado/2019.2/common/technology/autopilot/hls/hls_video_imgproc.h:1968]   --->   Operation 23 'br' <Predicate = (icmp_ln1967)> <Delay = 1.76>
ST_2 : Operation 24 [1/1] (0.00ns)   --->   "ret void"   --->   Operation 24 'ret' <Predicate = (!icmp_ln1967)> <Delay = 0.00>

State 3 <SV = 2> <Delay = 1.99>
ST_3 : Operation 25 [1/1] (0.00ns)   --->   "%j_0_i = phi i11 [ 0, %loop_height_begin ], [ %j, %loop_width_begin ]"   --->   Operation 25 'phi' 'j_0_i' <Predicate = true> <Delay = 0.00>
ST_3 : Operation 26 [1/1] (0.00ns)   --->   "%zext_ln1968 = zext i11 %j_0_i to i12" [D:/Xilinx_Vivado_2019.2_1106_2127/Vivado/2019.2/common/technology/autopilot/hls/hls_video_imgproc.h:1968]   --->   Operation 26 'zext' 'zext_ln1968' <Predicate = true> <Delay = 0.00>
ST_3 : Operation 27 [1/1] (1.99ns)   --->   "%icmp_ln1968 = icmp slt i12 %zext_ln1968, %p_src_cols_V_read" [D:/Xilinx_Vivado_2019.2_1106_2127/Vivado/2019.2/common/technology/autopilot/hls/hls_video_imgproc.h:1968]   --->   Operation 27 'icmp' 'icmp_ln1968' <Predicate = true> <Delay = 1.99> <Core = "Cmp">   --->   Core 25 'Cmp' <Latency = 0> <II = 1> <Delay = 1.88> <FuncUnit> <Opcode : 'icmp'> <InPorts = 2> <OutPorts = 1>
ST_3 : Operation 28 [1/1] (0.00ns)   --->   "call void (...)* @_ssdm_op_SpecLoopTripCount(i64 0, i64 1280, i64 0)"   --->   Operation 28 'speclooptripcount' <Predicate = true> <Delay = 0.00>
ST_3 : Operation 29 [1/1] (1.63ns)   --->   "%j = add i11 %j_0_i, 1" [D:/Xilinx_Vivado_2019.2_1106_2127/Vivado/2019.2/common/technology/autopilot/hls/hls_video_imgproc.h:1968]   --->   Operation 29 'add' 'j' <Predicate = true> <Delay = 1.63> <Core = "AddSub">   --->   Core 14 'AddSub' <Latency = 0> <II = 1> <Delay = 1.73> <FuncUnit> <Opcode : 'add' 'sub'> <InPorts = 2> <OutPorts = 1>
ST_3 : Operation 30 [1/1] (0.00ns)   --->   "br i1 %icmp_ln1968, label %loop_width_begin, label %loop_height_end" [D:/Xilinx_Vivado_2019.2_1106_2127/Vivado/2019.2/common/technology/autopilot/hls/hls_video_imgproc.h:1968]   --->   Operation 30 'br' <Predicate = true> <Delay = 0.00>

State 4 <SV = 3> <Delay = 7.26>
ST_4 : Operation 31 [1/1] (0.00ns)   --->   "call void (...)* @_ssdm_op_SpecLoopName([11 x i8]* @p_str10) nounwind" [D:/Xilinx_Vivado_2019.2_1106_2127/Vivado/2019.2/common/technology/autopilot/hls/hls_video_imgproc.h:1968]   --->   Operation 31 'specloopname' <Predicate = (icmp_ln1968)> <Delay = 0.00>
ST_4 : Operation 32 [1/1] (0.00ns)   --->   "%tmp_38_i = call i32 (...)* @_ssdm_op_SpecRegionBegin([11 x i8]* @p_str10)" [D:/Xilinx_Vivado_2019.2_1106_2127/Vivado/2019.2/common/technology/autopilot/hls/hls_video_imgproc.h:1968]   --->   Operation 32 'specregionbegin' 'tmp_38_i' <Predicate = (icmp_ln1968)> <Delay = 0.00>
ST_4 : Operation 33 [1/1] (0.00ns)   --->   "call void (...)* @_ssdm_op_SpecPipeline(i32 -1, i32 1, i32 1, i32 0, [1 x i8]* @p_str2) nounwind" [D:/Xilinx_Vivado_2019.2_1106_2127/Vivado/2019.2/common/technology/autopilot/hls/hls_video_imgproc.h:1970]   --->   Operation 33 'specpipeline' <Predicate = (icmp_ln1968)> <Delay = 0.00>
ST_4 : Operation 34 [1/1] (0.00ns)   --->   "%tmp_39_i = call i32 (...)* @_ssdm_op_SpecRegionBegin([12 x i8]* @p_str20)" [D:/Xilinx_Vivado_2019.2_1106_2127/Vivado/2019.2/common/technology/autopilot/hls/hls_video_core.h:672->D:/Xilinx_Vivado_2019.2_1106_2127/Vivado/2019.2/common/technology/autopilot/hls/hls_video_core.h:711->D:/Xilinx_Vivado_2019.2_1106_2127/Vivado/2019.2/common/technology/autopilot/hls/hls_video_imgproc.h:1971]   --->   Operation 34 'specregionbegin' 'tmp_39_i' <Predicate = (icmp_ln1968)> <Delay = 0.00>
ST_4 : Operation 35 [1/1] (0.00ns)   --->   "call void (...)* @_ssdm_op_SpecProtocol(i32 0, [1 x i8]* @p_str2) nounwind" [D:/Xilinx_Vivado_2019.2_1106_2127/Vivado/2019.2/common/technology/autopilot/hls/hls_video_core.h:676->D:/Xilinx_Vivado_2019.2_1106_2127/Vivado/2019.2/common/technology/autopilot/hls/hls_video_core.h:711->D:/Xilinx_Vivado_2019.2_1106_2127/Vivado/2019.2/common/technology/autopilot/hls/hls_video_imgproc.h:1971]   --->   Operation 35 'specprotocol' <Predicate = (icmp_ln1968)> <Delay = 0.00>
ST_4 : Operation 36 [1/1] (3.63ns)   --->   "%tmp = call i8 @_ssdm_op_Read.ap_fifo.volatile.i8P(i8* %p_src_data_stream_V)" [D:/Xilinx_Vivado_2019.2_1106_2127/Vivado/2019.2/common/technology/autopilot/hls/hls_video_core.h:679->D:/Xilinx_Vivado_2019.2_1106_2127/Vivado/2019.2/common/technology/autopilot/hls/hls_video_core.h:711->D:/Xilinx_Vivado_2019.2_1106_2127/Vivado/2019.2/common/technology/autopilot/hls/hls_video_imgproc.h:1971]   --->   Operation 36 'read' 'tmp' <Predicate = (icmp_ln1968)> <Delay = 3.63> <Core = "FIFO">   --->   Core 32 'FIFO' <Latency = 0> <II = 1> <Delay = 3.63> <Storage> <Opcode : 'read' 'write' 'nbread' 'nbwrite'> <Ports = 0> <Width = 11> <Depth = 2> <FIFO>
ST_4 : Operation 37 [1/1] (0.00ns)   --->   "%empty = call i32 (...)* @_ssdm_op_SpecRegionEnd([12 x i8]* @p_str20, i32 %tmp_39_i)" [D:/Xilinx_Vivado_2019.2_1106_2127/Vivado/2019.2/common/technology/autopilot/hls/hls_video_core.h:681->D:/Xilinx_Vivado_2019.2_1106_2127/Vivado/2019.2/common/technology/autopilot/hls/hls_video_core.h:711->D:/Xilinx_Vivado_2019.2_1106_2127/Vivado/2019.2/common/technology/autopilot/hls/hls_video_imgproc.h:1971]   --->   Operation 37 'specregionend' 'empty' <Predicate = (icmp_ln1968)> <Delay = 0.00>
ST_4 : Operation 38 [1/1] (0.00ns)   --->   "%tmp_40_i = call i32 (...)* @_ssdm_op_SpecRegionBegin([12 x i8]* @p_str18)" [D:/Xilinx_Vivado_2019.2_1106_2127/Vivado/2019.2/common/technology/autopilot/hls/hls_video_core.h:696->D:/Xilinx_Vivado_2019.2_1106_2127/Vivado/2019.2/common/technology/autopilot/hls/hls_video_core.h:717->D:/Xilinx_Vivado_2019.2_1106_2127/Vivado/2019.2/common/technology/autopilot/hls/hls_video_imgproc.h:1973]   --->   Operation 38 'specregionbegin' 'tmp_40_i' <Predicate = (icmp_ln1968)> <Delay = 0.00>
ST_4 : Operation 39 [1/1] (0.00ns)   --->   "call void (...)* @_ssdm_op_SpecProtocol(i32 0, [1 x i8]* @p_str2) nounwind" [D:/Xilinx_Vivado_2019.2_1106_2127/Vivado/2019.2/common/technology/autopilot/hls/hls_video_core.h:700->D:/Xilinx_Vivado_2019.2_1106_2127/Vivado/2019.2/common/technology/autopilot/hls/hls_video_core.h:717->D:/Xilinx_Vivado_2019.2_1106_2127/Vivado/2019.2/common/technology/autopilot/hls/hls_video_imgproc.h:1973]   --->   Operation 39 'specprotocol' <Predicate = (icmp_ln1968)> <Delay = 0.00>
ST_4 : Operation 40 [1/1] (3.63ns)   --->   "call void @_ssdm_op_Write.ap_fifo.volatile.i8P(i8* %p_dst_data_stream_0_V, i8 %tmp)" [D:/Xilinx_Vivado_2019.2_1106_2127/Vivado/2019.2/common/technology/autopilot/hls/hls_video_core.h:703->D:/Xilinx_Vivado_2019.2_1106_2127/Vivado/2019.2/common/technology/autopilot/hls/hls_video_core.h:717->D:/Xilinx_Vivado_2019.2_1106_2127/Vivado/2019.2/common/technology/autopilot/hls/hls_video_imgproc.h:1973]   --->   Operation 40 'write' <Predicate = (icmp_ln1968)> <Delay = 3.63> <Core = "FIFO">   --->   Core 32 'FIFO' <Latency = 0> <II = 1> <Delay = 3.63> <Storage> <Opcode : 'read' 'write' 'nbread' 'nbwrite'> <Ports = 0> <Width = 11> <Depth = 2> <FIFO>
ST_4 : Operation 41 [1/1] (3.63ns)   --->   "call void @_ssdm_op_Write.ap_fifo.volatile.i8P(i8* %p_dst_data_stream_1_V, i8 %tmp)" [D:/Xilinx_Vivado_2019.2_1106_2127/Vivado/2019.2/common/technology/autopilot/hls/hls_video_core.h:703->D:/Xilinx_Vivado_2019.2_1106_2127/Vivado/2019.2/common/technology/autopilot/hls/hls_video_core.h:717->D:/Xilinx_Vivado_2019.2_1106_2127/Vivado/2019.2/common/technology/autopilot/hls/hls_video_imgproc.h:1973]   --->   Operation 41 'write' <Predicate = (icmp_ln1968)> <Delay = 3.63> <Core = "FIFO">   --->   Core 32 'FIFO' <Latency = 0> <II = 1> <Delay = 3.63> <Storage> <Opcode : 'read' 'write' 'nbread' 'nbwrite'> <Ports = 0> <Width = 11> <Depth = 2> <FIFO>
ST_4 : Operation 42 [1/1] (3.63ns)   --->   "call void @_ssdm_op_Write.ap_fifo.volatile.i8P(i8* %p_dst_data_stream_2_V, i8 %tmp)" [D:/Xilinx_Vivado_2019.2_1106_2127/Vivado/2019.2/common/technology/autopilot/hls/hls_video_core.h:703->D:/Xilinx_Vivado_2019.2_1106_2127/Vivado/2019.2/common/technology/autopilot/hls/hls_video_core.h:717->D:/Xilinx_Vivado_2019.2_1106_2127/Vivado/2019.2/common/technology/autopilot/hls/hls_video_imgproc.h:1973]   --->   Operation 42 'write' <Predicate = (icmp_ln1968)> <Delay = 3.63> <Core = "FIFO">   --->   Core 32 'FIFO' <Latency = 0> <II = 1> <Delay = 3.63> <Storage> <Opcode : 'read' 'write' 'nbread' 'nbwrite'> <Ports = 0> <Width = 11> <Depth = 2> <FIFO>
ST_4 : Operation 43 [1/1] (0.00ns)   --->   "%empty_108 = call i32 (...)* @_ssdm_op_SpecRegionEnd([12 x i8]* @p_str18, i32 %tmp_40_i)" [D:/Xilinx_Vivado_2019.2_1106_2127/Vivado/2019.2/common/technology/autopilot/hls/hls_video_core.h:705->D:/Xilinx_Vivado_2019.2_1106_2127/Vivado/2019.2/common/technology/autopilot/hls/hls_video_core.h:717->D:/Xilinx_Vivado_2019.2_1106_2127/Vivado/2019.2/common/technology/autopilot/hls/hls_video_imgproc.h:1973]   --->   Operation 43 'specregionend' 'empty_108' <Predicate = (icmp_ln1968)> <Delay = 0.00>
ST_4 : Operation 44 [1/1] (0.00ns)   --->   "%empty_109 = call i32 (...)* @_ssdm_op_SpecRegionEnd([11 x i8]* @p_str10, i32 %tmp_38_i)" [D:/Xilinx_Vivado_2019.2_1106_2127/Vivado/2019.2/common/technology/autopilot/hls/hls_video_imgproc.h:1974]   --->   Operation 44 'specregionend' 'empty_109' <Predicate = (icmp_ln1968)> <Delay = 0.00>
ST_4 : Operation 45 [1/1] (0.00ns)   --->   "br label %1" [D:/Xilinx_Vivado_2019.2_1106_2127/Vivado/2019.2/common/technology/autopilot/hls/hls_video_imgproc.h:1968]   --->   Operation 45 'br' <Predicate = (icmp_ln1968)> <Delay = 0.00>

State 5 <SV = 3> <Delay = 0.00>
ST_5 : Operation 46 [1/1] (0.00ns)   --->   "%empty_110 = call i32 (...)* @_ssdm_op_SpecRegionEnd([12 x i8]* @p_str9, i32 %tmp_37_i)" [D:/Xilinx_Vivado_2019.2_1106_2127/Vivado/2019.2/common/technology/autopilot/hls/hls_video_imgproc.h:1975]   --->   Operation 46 'specregionend' 'empty_110' <Predicate = true> <Delay = 0.00>
ST_5 : Operation 47 [1/1] (0.00ns)   --->   "br label %0" [D:/Xilinx_Vivado_2019.2_1106_2127/Vivado/2019.2/common/technology/autopilot/hls/hls_video_imgproc.h:1967]   --->   Operation 47 'br' <Predicate = true> <Delay = 0.00>


============================================================
+ Verbose Summary: Timing violations
============================================================
Target clock period: 10ns, clock uncertainty: 1.25ns.

 <State 1>: 3.63ns
The critical path consists of the following:
	fifo read on port 'p_src_cols_V' (D:/Xilinx_Vivado_2019.2_1106_2127/Vivado/2019.2/common/technology/autopilot/hls/hls_video_imgproc.h:1961) [13]  (3.63 ns)

 <State 2>: 2.86ns
The critical path consists of the following:
	'icmp' operation ('icmp_ln1967', D:/Xilinx_Vivado_2019.2_1106_2127/Vivado/2019.2/common/technology/autopilot/hls/hls_video_imgproc.h:1967) [19]  (1.88 ns)
	blocking operation 0.978 ns on control path)

 <State 3>: 1.99ns
The critical path consists of the following:
	'phi' operation ('j') with incoming values : ('j', D:/Xilinx_Vivado_2019.2_1106_2127/Vivado/2019.2/common/technology/autopilot/hls/hls_video_imgproc.h:1968) [28]  (0 ns)
	'icmp' operation ('icmp_ln1968', D:/Xilinx_Vivado_2019.2_1106_2127/Vivado/2019.2/common/technology/autopilot/hls/hls_video_imgproc.h:1968) [30]  (1.99 ns)

 <State 4>: 7.27ns
The critical path consists of the following:
	fifo read on port 'p_src_data_stream_V' (D:/Xilinx_Vivado_2019.2_1106_2127/Vivado/2019.2/common/technology/autopilot/hls/hls_video_core.h:679->D:/Xilinx_Vivado_2019.2_1106_2127/Vivado/2019.2/common/technology/autopilot/hls/hls_video_core.h:711->D:/Xilinx_Vivado_2019.2_1106_2127/Vivado/2019.2/common/technology/autopilot/hls/hls_video_imgproc.h:1971) [40]  (3.63 ns)
	fifo write on port 'p_dst_data_stream_0_V' (D:/Xilinx_Vivado_2019.2_1106_2127/Vivado/2019.2/common/technology/autopilot/hls/hls_video_core.h:703->D:/Xilinx_Vivado_2019.2_1106_2127/Vivado/2019.2/common/technology/autopilot/hls/hls_video_core.h:717->D:/Xilinx_Vivado_2019.2_1106_2127/Vivado/2019.2/common/technology/autopilot/hls/hls_video_imgproc.h:1973) [44]  (3.63 ns)

 <State 5>: 0ns
The critical path consists of the following:


============================================================
+ Verbose Summary: Binding
============================================================
N/A
* FSMD analyzer results:
  - Output states:
 - Input state : 
  - Chain level:
	State 1
	State 2
	State 3
	State 4
	State 5


============================================================
+ Verbose Summary: Datapath Resource usage 
============================================================
N/A
