

================================================================
== Vivado HLS Report for 'CvtColor_1'
================================================================
* Date:           Wed Nov 22 22:28:19 2023

* Version:        2019.2 (Build 2704478 on Wed Nov 06 22:10:23 MST 2019)
* Project:        lab04_HLS
* Solution:       solution1
* Product family: zynq
* Target device:  xc7z020-clg400-1


================================================================
== Performance Estimates
================================================================
+ Timing: 
    * Summary: 
    +--------+----------+----------+------------+
    |  Clock |  Target  | Estimated| Uncertainty|
    +--------+----------+----------+------------+
    |ap_clk  | 10.00 ns | 9.400 ns |   1.25 ns  |
    +--------+----------+----------+------------+

+ Latency: 
    * Summary: 
    +---------+---------+-----------+----------+-----+--------+---------+
    |  Latency (cycles) |  Latency (absolute)  |   Interval   | Pipeline|
    |   min   |   max   |    min    |    max   | min |   max  |   Type  |
    +---------+---------+-----------+----------+-----+--------+---------+
    |        1|   925921| 10.000 ns | 9.259 ms |    1|  925921|   none  |
    +---------+---------+-----------+----------+-----+--------+---------+

    + Detail: 
        * Instance: 
        N/A

        * Loop: 
        +---------------+---------+---------+----------+-----------+-----------+----------+----------+
        |               |  Latency (cycles) | Iteration|  Initiation Interval  |   Trip   |          |
        |   Loop Name   |   min   |   max   |  Latency |  achieved |   target  |   Count  | Pipelined|
        +---------------+---------+---------+----------+-----------+-----------+----------+----------+
        |- loop_height  |        0|   925920| 3 ~ 1286 |          -|          -|  0 ~ 720 |    no    |
        | + loop_width  |        0|     1283|         5|          1|          1| 0 ~ 1280 |    yes   |
        +---------------+---------+---------+----------+-----------+-----------+----------+----------+

============================================================
+ Verbose Summary: Synthesis Manager
============================================================
InlineROM: 1
ExposeGlobal: 0
============================================================
+ Verbose Summary: CDFG Model
============================================================
IsTopModel: 0
ResetActiveHigh: 1
IsCombinational: 2
IsDatapathOnly: 0
HasWiredReturn: 1
HasMFsm: 0
HasVarLatency: 1
IsPipeline: 0
IsRtlPipelined: 0
IsInstanceOverlapped: 0
IsDontTouch: 0
HasImplIP: 0
IsGatedGlobalClock: 0

+ Individual pipeline summary: 
  * Pipeline-0: initiation interval (II) = 1, depth = 5


============================================================
+ Verbose Summary: Schedule
============================================================
* Number of FSM states : 8
* Pipeline : 1
  Pipeline-0 : II = 1, D = 5, States = { 3 4 5 6 7 }
* Dataflow Pipeline: 0

* FSM state transitions: 
1 --> 2 
2 --> 3 
3 --> 8 4 
4 --> 5 
5 --> 6 
6 --> 7 
7 --> 3 
8 --> 2 

* FSM state operations: 

State 1 <SV = 0> <Delay = 3.63>
ST_1 : Operation 9 [1/1] (0.00ns)   --->   "call void (...)* @_ssdm_op_SpecInterface(i8* %p_dst_data_stream_V, [8 x i8]* @ap_fifo_str, i32 0, i32 0, [1 x i8]* @p_str346, i32 0, i32 0, [1 x i8]* @p_str347, [1 x i8]* @p_str348, [1 x i8]* @p_str349, i32 2, i32 2, i32 16, i32 16, [1 x i8]* @p_str350, [1 x i8]* @p_str351)"   --->   Operation 9 'specinterface' <Predicate = true> <Delay = 0.00>
ST_1 : Operation 10 [1/1] (0.00ns)   --->   "call void (...)* @_ssdm_op_SpecInterface(i8* %p_src_data_stream_2_V, [8 x i8]* @ap_fifo_str, i32 0, i32 0, [1 x i8]* @p_str339, i32 0, i32 0, [1 x i8]* @p_str340, [1 x i8]* @p_str341, [1 x i8]* @p_str342, i32 2, i32 2, i32 16, i32 16, [1 x i8]* @p_str343, [1 x i8]* @p_str344)"   --->   Operation 10 'specinterface' <Predicate = true> <Delay = 0.00>
ST_1 : Operation 11 [1/1] (0.00ns)   --->   "call void (...)* @_ssdm_op_SpecInterface(i8* %p_src_data_stream_1_V, [8 x i8]* @ap_fifo_str, i32 0, i32 0, [1 x i8]* @p_str332, i32 0, i32 0, [1 x i8]* @p_str333, [1 x i8]* @p_str334, [1 x i8]* @p_str335, i32 2, i32 2, i32 16, i32 16, [1 x i8]* @p_str336, [1 x i8]* @p_str337)"   --->   Operation 11 'specinterface' <Predicate = true> <Delay = 0.00>
ST_1 : Operation 12 [1/1] (0.00ns)   --->   "call void (...)* @_ssdm_op_SpecInterface(i8* %p_src_data_stream_0_V, [8 x i8]* @ap_fifo_str, i32 0, i32 0, [1 x i8]* @p_str325, i32 0, i32 0, [1 x i8]* @p_str326, [1 x i8]* @p_str327, [1 x i8]* @p_str328, i32 2, i32 2, i32 16, i32 16, [1 x i8]* @p_str329, [1 x i8]* @p_str330)"   --->   Operation 12 'specinterface' <Predicate = true> <Delay = 0.00>
ST_1 : Operation 13 [1/1] (0.00ns)   --->   "call void (...)* @_ssdm_op_SpecInterface(i11* %p_src_rows_V, [8 x i8]* @ap_fifo_str, i32 0, i32 0, [1 x i8]* @p_str518, i32 0, i32 0, [1 x i8]* @p_str519, [1 x i8]* @p_str520, [1 x i8]* @p_str521, i32 2, i32 2, i32 16, i32 16, [1 x i8]* @p_str522, [11 x i8]* @ScalarProp_str)"   --->   Operation 13 'specinterface' <Predicate = true> <Delay = 0.00>
ST_1 : Operation 14 [1/1] (0.00ns)   --->   "call void (...)* @_ssdm_op_SpecInterface(i12* %p_src_cols_V, [8 x i8]* @ap_fifo_str, i32 0, i32 0, [1 x i8]* @p_str523, i32 0, i32 0, [1 x i8]* @p_str524, [1 x i8]* @p_str525, [1 x i8]* @p_str526, i32 2, i32 2, i32 16, i32 16, [1 x i8]* @p_str527, [11 x i8]* @ScalarProp_str)"   --->   Operation 14 'specinterface' <Predicate = true> <Delay = 0.00>
ST_1 : Operation 15 [1/1] (3.63ns)   --->   "%p_src_cols_V_read = call i12 @_ssdm_op_Read.ap_fifo.i12P(i12* %p_src_cols_V)" [D:/Xilinx_Vivado_2019.2_1106_2127/Vivado/2019.2/common/technology/autopilot/hls/hls_video_imgproc.h:1961]   --->   Operation 15 'read' 'p_src_cols_V_read' <Predicate = true> <Delay = 3.63> <Core = "FIFO">   --->   Core 32 'FIFO' <Latency = 0> <II = 1> <Delay = 3.63> <Storage> <Opcode : 'read' 'write' 'nbread' 'nbwrite'> <Ports = 0> <Width = 11> <Depth = 2> <FIFO>
ST_1 : Operation 16 [1/1] (3.63ns)   --->   "%p_src_rows_V_read = call i11 @_ssdm_op_Read.ap_fifo.i11P(i11* %p_src_rows_V)" [D:/Xilinx_Vivado_2019.2_1106_2127/Vivado/2019.2/common/technology/autopilot/hls/hls_video_imgproc.h:1962]   --->   Operation 16 'read' 'p_src_rows_V_read' <Predicate = true> <Delay = 3.63> <Core = "FIFO">   --->   Core 32 'FIFO' <Latency = 0> <II = 1> <Delay = 3.63> <Storage> <Opcode : 'read' 'write' 'nbread' 'nbwrite'> <Ports = 0> <Width = 11> <Depth = 2> <FIFO>
ST_1 : Operation 17 [1/1] (1.76ns)   --->   "br label %0" [D:/Xilinx_Vivado_2019.2_1106_2127/Vivado/2019.2/common/technology/autopilot/hls/hls_video_imgproc.h:1967]   --->   Operation 17 'br' <Predicate = true> <Delay = 1.76>

State 2 <SV = 1> <Delay = 2.85>
ST_2 : Operation 18 [1/1] (0.00ns)   --->   "%i_0_i = phi i10 [ 0, %entry ], [ %i, %loop_height_end ]"   --->   Operation 18 'phi' 'i_0_i' <Predicate = true> <Delay = 0.00>
ST_2 : Operation 19 [1/1] (0.00ns)   --->   "%zext_ln1967 = zext i10 %i_0_i to i11" [D:/Xilinx_Vivado_2019.2_1106_2127/Vivado/2019.2/common/technology/autopilot/hls/hls_video_imgproc.h:1967]   --->   Operation 19 'zext' 'zext_ln1967' <Predicate = true> <Delay = 0.00>
ST_2 : Operation 20 [1/1] (1.88ns)   --->   "%icmp_ln1967 = icmp slt i11 %zext_ln1967, %p_src_rows_V_read" [D:/Xilinx_Vivado_2019.2_1106_2127/Vivado/2019.2/common/technology/autopilot/hls/hls_video_imgproc.h:1967]   --->   Operation 20 'icmp' 'icmp_ln1967' <Predicate = true> <Delay = 1.88> <Core = "Cmp">   --->   Core 25 'Cmp' <Latency = 0> <II = 1> <Delay = 1.88> <FuncUnit> <Opcode : 'icmp'> <InPorts = 2> <OutPorts = 1>
ST_2 : Operation 21 [1/1] (0.00ns)   --->   "call void (...)* @_ssdm_op_SpecLoopTripCount(i64 0, i64 720, i64 0)"   --->   Operation 21 'speclooptripcount' <Predicate = true> <Delay = 0.00>
ST_2 : Operation 22 [1/1] (1.73ns)   --->   "%i = add i10 %i_0_i, 1" [D:/Xilinx_Vivado_2019.2_1106_2127/Vivado/2019.2/common/technology/autopilot/hls/hls_video_imgproc.h:1967]   --->   Operation 22 'add' 'i' <Predicate = true> <Delay = 1.73> <Core = "AddSub">   --->   Core 14 'AddSub' <Latency = 0> <II = 1> <Delay = 1.73> <FuncUnit> <Opcode : 'add' 'sub'> <InPorts = 2> <OutPorts = 1>
ST_2 : Operation 23 [1/1] (0.00ns)   --->   "br i1 %icmp_ln1967, label %loop_height_begin, label %.exit" [D:/Xilinx_Vivado_2019.2_1106_2127/Vivado/2019.2/common/technology/autopilot/hls/hls_video_imgproc.h:1967]   --->   Operation 23 'br' <Predicate = true> <Delay = 0.00>
ST_2 : Operation 24 [1/1] (0.00ns)   --->   "call void (...)* @_ssdm_op_SpecLoopName([12 x i8]* @p_str9) nounwind" [D:/Xilinx_Vivado_2019.2_1106_2127/Vivado/2019.2/common/technology/autopilot/hls/hls_video_imgproc.h:1967]   --->   Operation 24 'specloopname' <Predicate = (icmp_ln1967)> <Delay = 0.00>
ST_2 : Operation 25 [1/1] (0.00ns)   --->   "%tmp_42_i = call i32 (...)* @_ssdm_op_SpecRegionBegin([12 x i8]* @p_str9)" [D:/Xilinx_Vivado_2019.2_1106_2127/Vivado/2019.2/common/technology/autopilot/hls/hls_video_imgproc.h:1967]   --->   Operation 25 'specregionbegin' 'tmp_42_i' <Predicate = (icmp_ln1967)> <Delay = 0.00>
ST_2 : Operation 26 [1/1] (1.76ns)   --->   "br label %1" [D:/Xilinx_Vivado_2019.2_1106_2127/Vivado/2019.2/common/technology/autopilot/hls/hls_video_imgproc.h:1968]   --->   Operation 26 'br' <Predicate = (icmp_ln1967)> <Delay = 1.76>
ST_2 : Operation 27 [1/1] (0.00ns)   --->   "ret void"   --->   Operation 27 'ret' <Predicate = (!icmp_ln1967)> <Delay = 0.00>

State 3 <SV = 2> <Delay = 1.99>
ST_3 : Operation 28 [1/1] (0.00ns)   --->   "%j_0_i = phi i11 [ 0, %loop_height_begin ], [ %j, %loop_width_begin ]"   --->   Operation 28 'phi' 'j_0_i' <Predicate = true> <Delay = 0.00>
ST_3 : Operation 29 [1/1] (0.00ns)   --->   "%zext_ln1968 = zext i11 %j_0_i to i12" [D:/Xilinx_Vivado_2019.2_1106_2127/Vivado/2019.2/common/technology/autopilot/hls/hls_video_imgproc.h:1968]   --->   Operation 29 'zext' 'zext_ln1968' <Predicate = true> <Delay = 0.00>
ST_3 : Operation 30 [1/1] (1.99ns)   --->   "%icmp_ln1968 = icmp slt i12 %zext_ln1968, %p_src_cols_V_read" [D:/Xilinx_Vivado_2019.2_1106_2127/Vivado/2019.2/common/technology/autopilot/hls/hls_video_imgproc.h:1968]   --->   Operation 30 'icmp' 'icmp_ln1968' <Predicate = true> <Delay = 1.99> <Core = "Cmp">   --->   Core 25 'Cmp' <Latency = 0> <II = 1> <Delay = 1.88> <FuncUnit> <Opcode : 'icmp'> <InPorts = 2> <OutPorts = 1>
ST_3 : Operation 31 [1/1] (0.00ns)   --->   "call void (...)* @_ssdm_op_SpecLoopTripCount(i64 0, i64 1280, i64 0)"   --->   Operation 31 'speclooptripcount' <Predicate = true> <Delay = 0.00>
ST_3 : Operation 32 [1/1] (1.63ns)   --->   "%j = add i11 %j_0_i, 1" [D:/Xilinx_Vivado_2019.2_1106_2127/Vivado/2019.2/common/technology/autopilot/hls/hls_video_imgproc.h:1968]   --->   Operation 32 'add' 'j' <Predicate = true> <Delay = 1.63> <Core = "AddSub">   --->   Core 14 'AddSub' <Latency = 0> <II = 1> <Delay = 1.73> <FuncUnit> <Opcode : 'add' 'sub'> <InPorts = 2> <OutPorts = 1>
ST_3 : Operation 33 [1/1] (0.00ns)   --->   "br i1 %icmp_ln1968, label %loop_width_begin, label %loop_height_end" [D:/Xilinx_Vivado_2019.2_1106_2127/Vivado/2019.2/common/technology/autopilot/hls/hls_video_imgproc.h:1968]   --->   Operation 33 'br' <Predicate = true> <Delay = 0.00>

State 4 <SV = 3> <Delay = 3.63>
ST_4 : Operation 34 [1/1] (0.00ns)   --->   "%tmp_44_i = call i32 (...)* @_ssdm_op_SpecRegionBegin([12 x i8]* @p_str14)" [D:/Xilinx_Vivado_2019.2_1106_2127/Vivado/2019.2/common/technology/autopilot/hls/hls_video_core.h:672->D:/Xilinx_Vivado_2019.2_1106_2127/Vivado/2019.2/common/technology/autopilot/hls/hls_video_core.h:711->D:/Xilinx_Vivado_2019.2_1106_2127/Vivado/2019.2/common/technology/autopilot/hls/hls_video_imgproc.h:1971]   --->   Operation 34 'specregionbegin' 'tmp_44_i' <Predicate = (icmp_ln1968)> <Delay = 0.00>
ST_4 : Operation 35 [1/1] (0.00ns)   --->   "call void (...)* @_ssdm_op_SpecProtocol(i32 0, [1 x i8]* @p_str2) nounwind" [D:/Xilinx_Vivado_2019.2_1106_2127/Vivado/2019.2/common/technology/autopilot/hls/hls_video_core.h:676->D:/Xilinx_Vivado_2019.2_1106_2127/Vivado/2019.2/common/technology/autopilot/hls/hls_video_core.h:711->D:/Xilinx_Vivado_2019.2_1106_2127/Vivado/2019.2/common/technology/autopilot/hls/hls_video_imgproc.h:1971]   --->   Operation 35 'specprotocol' <Predicate = (icmp_ln1968)> <Delay = 0.00>
ST_4 : Operation 36 [1/1] (3.63ns)   --->   "%tmp_47 = call i8 @_ssdm_op_Read.ap_fifo.volatile.i8P(i8* %p_src_data_stream_0_V)" [D:/Xilinx_Vivado_2019.2_1106_2127/Vivado/2019.2/common/technology/autopilot/hls/hls_video_core.h:679->D:/Xilinx_Vivado_2019.2_1106_2127/Vivado/2019.2/common/technology/autopilot/hls/hls_video_core.h:711->D:/Xilinx_Vivado_2019.2_1106_2127/Vivado/2019.2/common/technology/autopilot/hls/hls_video_imgproc.h:1971]   --->   Operation 36 'read' 'tmp_47' <Predicate = (icmp_ln1968)> <Delay = 3.63> <Core = "FIFO">   --->   Core 32 'FIFO' <Latency = 0> <II = 1> <Delay = 3.63> <Storage> <Opcode : 'read' 'write' 'nbread' 'nbwrite'> <Ports = 0> <Width = 11> <Depth = 2> <FIFO>
ST_4 : Operation 37 [1/1] (3.63ns)   --->   "%tmp_48 = call i8 @_ssdm_op_Read.ap_fifo.volatile.i8P(i8* %p_src_data_stream_1_V)" [D:/Xilinx_Vivado_2019.2_1106_2127/Vivado/2019.2/common/technology/autopilot/hls/hls_video_core.h:679->D:/Xilinx_Vivado_2019.2_1106_2127/Vivado/2019.2/common/technology/autopilot/hls/hls_video_core.h:711->D:/Xilinx_Vivado_2019.2_1106_2127/Vivado/2019.2/common/technology/autopilot/hls/hls_video_imgproc.h:1971]   --->   Operation 37 'read' 'tmp_48' <Predicate = (icmp_ln1968)> <Delay = 3.63> <Core = "FIFO">   --->   Core 32 'FIFO' <Latency = 0> <II = 1> <Delay = 3.63> <Storage> <Opcode : 'read' 'write' 'nbread' 'nbwrite'> <Ports = 0> <Width = 11> <Depth = 2> <FIFO>
ST_4 : Operation 38 [1/1] (3.63ns)   --->   "%tmp_49 = call i8 @_ssdm_op_Read.ap_fifo.volatile.i8P(i8* %p_src_data_stream_2_V)" [D:/Xilinx_Vivado_2019.2_1106_2127/Vivado/2019.2/common/technology/autopilot/hls/hls_video_core.h:679->D:/Xilinx_Vivado_2019.2_1106_2127/Vivado/2019.2/common/technology/autopilot/hls/hls_video_core.h:711->D:/Xilinx_Vivado_2019.2_1106_2127/Vivado/2019.2/common/technology/autopilot/hls/hls_video_imgproc.h:1971]   --->   Operation 38 'read' 'tmp_49' <Predicate = (icmp_ln1968)> <Delay = 3.63> <Core = "FIFO">   --->   Core 32 'FIFO' <Latency = 0> <II = 1> <Delay = 3.63> <Storage> <Opcode : 'read' 'write' 'nbread' 'nbwrite'> <Ports = 0> <Width = 11> <Depth = 2> <FIFO>
ST_4 : Operation 39 [1/1] (0.00ns)   --->   "%empty = call i32 (...)* @_ssdm_op_SpecRegionEnd([12 x i8]* @p_str14, i32 %tmp_44_i)" [D:/Xilinx_Vivado_2019.2_1106_2127/Vivado/2019.2/common/technology/autopilot/hls/hls_video_core.h:681->D:/Xilinx_Vivado_2019.2_1106_2127/Vivado/2019.2/common/technology/autopilot/hls/hls_video_core.h:711->D:/Xilinx_Vivado_2019.2_1106_2127/Vivado/2019.2/common/technology/autopilot/hls/hls_video_imgproc.h:1971]   --->   Operation 39 'specregionend' 'empty' <Predicate = (icmp_ln1968)> <Delay = 0.00>

State 5 <SV = 4> <Delay = 6.38>
ST_5 : Operation 40 [1/1] (0.00ns)   --->   "%zext_ln703_10 = zext i8 %tmp_49 to i29" [D:/Xilinx_Vivado_2019.2_1106_2127/Vivado/2019.2/common/technology/autopilot/hls/hls_video_imgproc.h:1497->D:/Xilinx_Vivado_2019.2_1106_2127/Vivado/2019.2/common/technology/autopilot/hls/hls_video_imgproc.h:1534->D:/Xilinx_Vivado_2019.2_1106_2127/Vivado/2019.2/common/technology/autopilot/hls/hls_video_imgproc.h:1972]   --->   Operation 40 'zext' 'zext_ln703_10' <Predicate = (icmp_ln1968)> <Delay = 0.00>
ST_5 : Operation 41 [1/1] (6.38ns) (root node of the DSP)   --->   "%mul_ln703_1 = mul i29 1254096, %zext_ln703_10" [D:/Xilinx_Vivado_2019.2_1106_2127/Vivado/2019.2/common/technology/autopilot/hls/hls_video_imgproc.h:1497->D:/Xilinx_Vivado_2019.2_1106_2127/Vivado/2019.2/common/technology/autopilot/hls/hls_video_imgproc.h:1534->D:/Xilinx_Vivado_2019.2_1106_2127/Vivado/2019.2/common/technology/autopilot/hls/hls_video_imgproc.h:1972]   --->   Operation 41 'mul' 'mul_ln703_1' <Predicate = (icmp_ln1968)> <Delay = 6.38> <Core = "DSP48">   --->   Core 88 'DSP48' <Latency = 0> <II = 1> <Delay = 6.38> <IPBlock> <Opcode : 'mul' 'add' 'sub' 'select'> <InPorts = 0> <OutPorts = 1> <Sync> <CReg>

State 6 <SV = 5> <Delay = 9.40>
ST_6 : Operation 42 [1/1] (0.00ns)   --->   "%zext_ln1118 = zext i8 %tmp_47 to i28" [D:/Xilinx_Vivado_2019.2_1106_2127/Vivado/2019.2/common/technology/autopilot/hls/hls_video_imgproc.h:1493->D:/Xilinx_Vivado_2019.2_1106_2127/Vivado/2019.2/common/technology/autopilot/hls/hls_video_imgproc.h:1534->D:/Xilinx_Vivado_2019.2_1106_2127/Vivado/2019.2/common/technology/autopilot/hls/hls_video_imgproc.h:1972]   --->   Operation 42 'zext' 'zext_ln1118' <Predicate = (icmp_ln1968)> <Delay = 0.00>
ST_6 : Operation 43 [1/1] (3.36ns) (grouped into DSP with root node ret_V)   --->   "%r_V = mul i28 478150, %zext_ln1118" [D:/Xilinx_Vivado_2019.2_1106_2127/Vivado/2019.2/common/technology/autopilot/hls/hls_video_imgproc.h:1493->D:/Xilinx_Vivado_2019.2_1106_2127/Vivado/2019.2/common/technology/autopilot/hls/hls_video_imgproc.h:1534->D:/Xilinx_Vivado_2019.2_1106_2127/Vivado/2019.2/common/technology/autopilot/hls/hls_video_imgproc.h:1972]   --->   Operation 43 'mul' 'r_V' <Predicate = (icmp_ln1968)> <Delay = 3.36> <Core = "DSP48">   --->   Core 88 'DSP48' <Latency = 0> <II = 1> <Delay = 6.38> <IPBlock> <Opcode : 'mul' 'add' 'sub' 'select'> <InPorts = 0> <OutPorts = 1> <Sync> <CReg>
ST_6 : Operation 44 [1/1] (0.00ns)   --->   "%zext_ln703 = zext i8 %tmp_48 to i30" [D:/Xilinx_Vivado_2019.2_1106_2127/Vivado/2019.2/common/technology/autopilot/hls/hls_video_imgproc.h:1497->D:/Xilinx_Vivado_2019.2_1106_2127/Vivado/2019.2/common/technology/autopilot/hls/hls_video_imgproc.h:1534->D:/Xilinx_Vivado_2019.2_1106_2127/Vivado/2019.2/common/technology/autopilot/hls/hls_video_imgproc.h:1972]   --->   Operation 44 'zext' 'zext_ln703' <Predicate = (icmp_ln1968)> <Delay = 0.00>
ST_6 : Operation 45 [1/1] (3.36ns) (grouped into DSP with root node ret_V_1)   --->   "%mul_ln703 = mul i30 2462056, %zext_ln703" [D:/Xilinx_Vivado_2019.2_1106_2127/Vivado/2019.2/common/technology/autopilot/hls/hls_video_imgproc.h:1497->D:/Xilinx_Vivado_2019.2_1106_2127/Vivado/2019.2/common/technology/autopilot/hls/hls_video_imgproc.h:1534->D:/Xilinx_Vivado_2019.2_1106_2127/Vivado/2019.2/common/technology/autopilot/hls/hls_video_imgproc.h:1972]   --->   Operation 45 'mul' 'mul_ln703' <Predicate = (icmp_ln1968)> <Delay = 3.36> <Core = "DSP48">   --->   Core 88 'DSP48' <Latency = 0> <II = 1> <Delay = 6.38> <IPBlock> <Opcode : 'mul' 'add' 'sub' 'select'> <InPorts = 0> <OutPorts = 1> <Sync> <CReg>
ST_6 : Operation 46 [1/1] (0.00ns) (grouped into DSP with root node ret_V)   --->   "%zext_ln703_11 = zext i28 %r_V to i29" [D:/Xilinx_Vivado_2019.2_1106_2127/Vivado/2019.2/common/technology/autopilot/hls/hls_video_imgproc.h:1497->D:/Xilinx_Vivado_2019.2_1106_2127/Vivado/2019.2/common/technology/autopilot/hls/hls_video_imgproc.h:1534->D:/Xilinx_Vivado_2019.2_1106_2127/Vivado/2019.2/common/technology/autopilot/hls/hls_video_imgproc.h:1972]   --->   Operation 46 'zext' 'zext_ln703_11' <Predicate = (icmp_ln1968)> <Delay = 0.00>
ST_6 : Operation 47 [1/1] (3.02ns) (root node of the DSP)   --->   "%ret_V = add i29 %zext_ln703_11, %mul_ln703_1" [D:/Xilinx_Vivado_2019.2_1106_2127/Vivado/2019.2/common/technology/autopilot/hls/hls_video_imgproc.h:1497->D:/Xilinx_Vivado_2019.2_1106_2127/Vivado/2019.2/common/technology/autopilot/hls/hls_video_imgproc.h:1534->D:/Xilinx_Vivado_2019.2_1106_2127/Vivado/2019.2/common/technology/autopilot/hls/hls_video_imgproc.h:1972]   --->   Operation 47 'add' 'ret_V' <Predicate = (icmp_ln1968)> <Delay = 3.02> <Core = "DSP48">   --->   Core 88 'DSP48' <Latency = 0> <II = 1> <Delay = 6.38> <IPBlock> <Opcode : 'mul' 'add' 'sub' 'select'> <InPorts = 0> <OutPorts = 1> <Sync> <CReg>
ST_6 : Operation 48 [1/1] (0.00ns)   --->   "%zext_ln703_12 = zext i29 %ret_V to i30" [D:/Xilinx_Vivado_2019.2_1106_2127/Vivado/2019.2/common/technology/autopilot/hls/hls_video_imgproc.h:1497->D:/Xilinx_Vivado_2019.2_1106_2127/Vivado/2019.2/common/technology/autopilot/hls/hls_video_imgproc.h:1534->D:/Xilinx_Vivado_2019.2_1106_2127/Vivado/2019.2/common/technology/autopilot/hls/hls_video_imgproc.h:1972]   --->   Operation 48 'zext' 'zext_ln703_12' <Predicate = (icmp_ln1968)> <Delay = 0.00>
ST_6 : Operation 49 [1/1] (3.02ns) (root node of the DSP)   --->   "%ret_V_1 = add i30 %zext_ln703_12, %mul_ln703" [D:/Xilinx_Vivado_2019.2_1106_2127/Vivado/2019.2/common/technology/autopilot/hls/hls_video_imgproc.h:1497->D:/Xilinx_Vivado_2019.2_1106_2127/Vivado/2019.2/common/technology/autopilot/hls/hls_video_imgproc.h:1534->D:/Xilinx_Vivado_2019.2_1106_2127/Vivado/2019.2/common/technology/autopilot/hls/hls_video_imgproc.h:1972]   --->   Operation 49 'add' 'ret_V_1' <Predicate = (icmp_ln1968)> <Delay = 3.02> <Core = "DSP48">   --->   Core 88 'DSP48' <Latency = 0> <II = 1> <Delay = 6.38> <IPBlock> <Opcode : 'mul' 'add' 'sub' 'select'> <InPorts = 0> <OutPorts = 1> <Sync> <CReg>
ST_6 : Operation 50 [1/1] (0.00ns)   --->   "%p_Val2_10 = call i8 @_ssdm_op_PartSelect.i8.i30.i32.i32(i30 %ret_V_1, i32 22, i32 29)" [D:/Xilinx_Vivado_2019.2_1106_2127/Vivado/2019.2/common/technology/autopilot/hls/hls_video_types.h:409->D:/Xilinx_Vivado_2019.2_1106_2127/Vivado/2019.2/common/technology/autopilot/hls/hls_video_types.h:500->D:/Xilinx_Vivado_2019.2_1106_2127/Vivado/2019.2/common/technology/autopilot/hls/hls_video_imgproc.h:1498->D:/Xilinx_Vivado_2019.2_1106_2127/Vivado/2019.2/common/technology/autopilot/hls/hls_video_imgproc.h:1534->D:/Xilinx_Vivado_2019.2_1106_2127/Vivado/2019.2/common/technology/autopilot/hls/hls_video_imgproc.h:1972]   --->   Operation 50 'partselect' 'p_Val2_10' <Predicate = (icmp_ln1968)> <Delay = 0.00>
ST_6 : Operation 51 [1/1] (0.00ns)   --->   "%tmp = call i1 @_ssdm_op_BitSelect.i1.i30.i32(i30 %ret_V_1, i32 21)" [D:/Xilinx_Vivado_2019.2_1106_2127/Vivado/2019.2/common/technology/autopilot/hls/hls_video_types.h:409->D:/Xilinx_Vivado_2019.2_1106_2127/Vivado/2019.2/common/technology/autopilot/hls/hls_video_types.h:500->D:/Xilinx_Vivado_2019.2_1106_2127/Vivado/2019.2/common/technology/autopilot/hls/hls_video_imgproc.h:1498->D:/Xilinx_Vivado_2019.2_1106_2127/Vivado/2019.2/common/technology/autopilot/hls/hls_video_imgproc.h:1534->D:/Xilinx_Vivado_2019.2_1106_2127/Vivado/2019.2/common/technology/autopilot/hls/hls_video_imgproc.h:1972]   --->   Operation 51 'bitselect' 'tmp' <Predicate = (icmp_ln1968)> <Delay = 0.00>

State 7 <SV = 6> <Delay = 6.79>
ST_7 : Operation 52 [1/1] (0.00ns)   --->   "call void (...)* @_ssdm_op_SpecLoopName([11 x i8]* @p_str10) nounwind" [D:/Xilinx_Vivado_2019.2_1106_2127/Vivado/2019.2/common/technology/autopilot/hls/hls_video_imgproc.h:1968]   --->   Operation 52 'specloopname' <Predicate = (icmp_ln1968)> <Delay = 0.00>
ST_7 : Operation 53 [1/1] (0.00ns)   --->   "%tmp_43_i = call i32 (...)* @_ssdm_op_SpecRegionBegin([11 x i8]* @p_str10)" [D:/Xilinx_Vivado_2019.2_1106_2127/Vivado/2019.2/common/technology/autopilot/hls/hls_video_imgproc.h:1968]   --->   Operation 53 'specregionbegin' 'tmp_43_i' <Predicate = (icmp_ln1968)> <Delay = 0.00>
ST_7 : Operation 54 [1/1] (0.00ns)   --->   "call void (...)* @_ssdm_op_SpecPipeline(i32 -1, i32 1, i32 1, i32 0, [1 x i8]* @p_str2) nounwind" [D:/Xilinx_Vivado_2019.2_1106_2127/Vivado/2019.2/common/technology/autopilot/hls/hls_video_imgproc.h:1970]   --->   Operation 54 'specpipeline' <Predicate = (icmp_ln1968)> <Delay = 0.00>
ST_7 : Operation 55 [1/1] (0.00ns)   --->   "%zext_ln415 = zext i1 %tmp to i8" [D:/Xilinx_Vivado_2019.2_1106_2127/Vivado/2019.2/common/technology/autopilot/hls/hls_video_types.h:409->D:/Xilinx_Vivado_2019.2_1106_2127/Vivado/2019.2/common/technology/autopilot/hls/hls_video_types.h:500->D:/Xilinx_Vivado_2019.2_1106_2127/Vivado/2019.2/common/technology/autopilot/hls/hls_video_imgproc.h:1498->D:/Xilinx_Vivado_2019.2_1106_2127/Vivado/2019.2/common/technology/autopilot/hls/hls_video_imgproc.h:1534->D:/Xilinx_Vivado_2019.2_1106_2127/Vivado/2019.2/common/technology/autopilot/hls/hls_video_imgproc.h:1972]   --->   Operation 55 'zext' 'zext_ln415' <Predicate = (icmp_ln1968)> <Delay = 0.00>
ST_7 : Operation 56 [1/1] (1.91ns)   --->   "%p_Val2_11 = add i8 %zext_ln415, %p_Val2_10" [D:/Xilinx_Vivado_2019.2_1106_2127/Vivado/2019.2/common/technology/autopilot/hls/hls_video_types.h:409->D:/Xilinx_Vivado_2019.2_1106_2127/Vivado/2019.2/common/technology/autopilot/hls/hls_video_types.h:500->D:/Xilinx_Vivado_2019.2_1106_2127/Vivado/2019.2/common/technology/autopilot/hls/hls_video_imgproc.h:1498->D:/Xilinx_Vivado_2019.2_1106_2127/Vivado/2019.2/common/technology/autopilot/hls/hls_video_imgproc.h:1534->D:/Xilinx_Vivado_2019.2_1106_2127/Vivado/2019.2/common/technology/autopilot/hls/hls_video_imgproc.h:1972]   --->   Operation 56 'add' 'p_Val2_11' <Predicate = (icmp_ln1968)> <Delay = 1.91> <Core = "AddSub">   --->   Core 14 'AddSub' <Latency = 0> <II = 1> <Delay = 1.73> <FuncUnit> <Opcode : 'add' 'sub'> <InPorts = 2> <OutPorts = 1>
ST_7 : Operation 57 [1/1] (0.00ns) (grouped into LUT with out node p_Val2_s)   --->   "%tmp_44 = call i1 @_ssdm_op_BitSelect.i1.i30.i32(i30 %ret_V_1, i32 29)" [D:/Xilinx_Vivado_2019.2_1106_2127/Vivado/2019.2/common/technology/autopilot/hls/hls_video_types.h:409->D:/Xilinx_Vivado_2019.2_1106_2127/Vivado/2019.2/common/technology/autopilot/hls/hls_video_types.h:500->D:/Xilinx_Vivado_2019.2_1106_2127/Vivado/2019.2/common/technology/autopilot/hls/hls_video_imgproc.h:1498->D:/Xilinx_Vivado_2019.2_1106_2127/Vivado/2019.2/common/technology/autopilot/hls/hls_video_imgproc.h:1534->D:/Xilinx_Vivado_2019.2_1106_2127/Vivado/2019.2/common/technology/autopilot/hls/hls_video_imgproc.h:1972]   --->   Operation 57 'bitselect' 'tmp_44' <Predicate = (icmp_ln1968)> <Delay = 0.00>
ST_7 : Operation 58 [1/1] (0.00ns) (grouped into LUT with out node p_Val2_s)   --->   "%xor_ln777 = xor i1 %tmp_44, true" [D:/Xilinx_Vivado_2019.2_1106_2127/Vivado/2019.2/common/technology/autopilot/hls/hls_video_types.h:409->D:/Xilinx_Vivado_2019.2_1106_2127/Vivado/2019.2/common/technology/autopilot/hls/hls_video_types.h:500->D:/Xilinx_Vivado_2019.2_1106_2127/Vivado/2019.2/common/technology/autopilot/hls/hls_video_imgproc.h:1498->D:/Xilinx_Vivado_2019.2_1106_2127/Vivado/2019.2/common/technology/autopilot/hls/hls_video_imgproc.h:1534->D:/Xilinx_Vivado_2019.2_1106_2127/Vivado/2019.2/common/technology/autopilot/hls/hls_video_imgproc.h:1972]   --->   Operation 58 'xor' 'xor_ln777' <Predicate = (icmp_ln1968)> <Delay = 0.00> <Core = "LogicGate">   --->   Core 27 'LogicGate' <Latency = 0> <II = 1> <Delay = 0.97> <FuncUnit> <Opcode : 'and' 'or' 'xor'> <InPorts = 2> <OutPorts = 1>
ST_7 : Operation 59 [1/1] (0.00ns) (grouped into LUT with out node p_Val2_s)   --->   "%tmp_45 = call i1 @_ssdm_op_BitSelect.i1.i8.i32(i8 %p_Val2_11, i32 7)" [D:/Xilinx_Vivado_2019.2_1106_2127/Vivado/2019.2/common/technology/autopilot/hls/hls_video_types.h:409->D:/Xilinx_Vivado_2019.2_1106_2127/Vivado/2019.2/common/technology/autopilot/hls/hls_video_types.h:500->D:/Xilinx_Vivado_2019.2_1106_2127/Vivado/2019.2/common/technology/autopilot/hls/hls_video_imgproc.h:1498->D:/Xilinx_Vivado_2019.2_1106_2127/Vivado/2019.2/common/technology/autopilot/hls/hls_video_imgproc.h:1534->D:/Xilinx_Vivado_2019.2_1106_2127/Vivado/2019.2/common/technology/autopilot/hls/hls_video_imgproc.h:1972]   --->   Operation 59 'bitselect' 'tmp_45' <Predicate = (icmp_ln1968)> <Delay = 0.00>
ST_7 : Operation 60 [1/1] (0.00ns) (grouped into LUT with out node p_Val2_s)   --->   "%deleted_zeros = or i1 %tmp_45, %xor_ln777" [D:/Xilinx_Vivado_2019.2_1106_2127/Vivado/2019.2/common/technology/autopilot/hls/hls_video_types.h:409->D:/Xilinx_Vivado_2019.2_1106_2127/Vivado/2019.2/common/technology/autopilot/hls/hls_video_types.h:500->D:/Xilinx_Vivado_2019.2_1106_2127/Vivado/2019.2/common/technology/autopilot/hls/hls_video_imgproc.h:1498->D:/Xilinx_Vivado_2019.2_1106_2127/Vivado/2019.2/common/technology/autopilot/hls/hls_video_imgproc.h:1534->D:/Xilinx_Vivado_2019.2_1106_2127/Vivado/2019.2/common/technology/autopilot/hls/hls_video_imgproc.h:1972]   --->   Operation 60 'or' 'deleted_zeros' <Predicate = (icmp_ln1968)> <Delay = 0.00> <Core = "LogicGate">   --->   Core 27 'LogicGate' <Latency = 0> <II = 1> <Delay = 0.97> <FuncUnit> <Opcode : 'and' 'or' 'xor'> <InPorts = 2> <OutPorts = 1>
ST_7 : Operation 61 [1/1] (1.24ns) (out node of the LUT)   --->   "%p_Val2_s = select i1 %deleted_zeros, i8 %p_Val2_11, i8 -1" [D:/Xilinx_Vivado_2019.2_1106_2127/Vivado/2019.2/common/technology/autopilot/hls/hls_video_types.h:409->D:/Xilinx_Vivado_2019.2_1106_2127/Vivado/2019.2/common/technology/autopilot/hls/hls_video_types.h:500->D:/Xilinx_Vivado_2019.2_1106_2127/Vivado/2019.2/common/technology/autopilot/hls/hls_video_imgproc.h:1498->D:/Xilinx_Vivado_2019.2_1106_2127/Vivado/2019.2/common/technology/autopilot/hls/hls_video_imgproc.h:1534->D:/Xilinx_Vivado_2019.2_1106_2127/Vivado/2019.2/common/technology/autopilot/hls/hls_video_imgproc.h:1972]   --->   Operation 61 'select' 'p_Val2_s' <Predicate = (icmp_ln1968)> <Delay = 1.24> <Core = "Sel">   --->   Core 26 'Sel' <Latency = 0> <II = 1> <Delay = 1.24> <FuncUnit> <Opcode : 'select'> <InPorts = 3> <OutPorts = 1>
ST_7 : Operation 62 [1/1] (0.00ns)   --->   "%tmp_45_i = call i32 (...)* @_ssdm_op_SpecRegionBegin([12 x i8]* @p_str23)" [D:/Xilinx_Vivado_2019.2_1106_2127/Vivado/2019.2/common/technology/autopilot/hls/hls_video_core.h:696->D:/Xilinx_Vivado_2019.2_1106_2127/Vivado/2019.2/common/technology/autopilot/hls/hls_video_core.h:717->D:/Xilinx_Vivado_2019.2_1106_2127/Vivado/2019.2/common/technology/autopilot/hls/hls_video_imgproc.h:1973]   --->   Operation 62 'specregionbegin' 'tmp_45_i' <Predicate = (icmp_ln1968)> <Delay = 0.00>
ST_7 : Operation 63 [1/1] (0.00ns)   --->   "call void (...)* @_ssdm_op_SpecProtocol(i32 0, [1 x i8]* @p_str2) nounwind" [D:/Xilinx_Vivado_2019.2_1106_2127/Vivado/2019.2/common/technology/autopilot/hls/hls_video_core.h:700->D:/Xilinx_Vivado_2019.2_1106_2127/Vivado/2019.2/common/technology/autopilot/hls/hls_video_core.h:717->D:/Xilinx_Vivado_2019.2_1106_2127/Vivado/2019.2/common/technology/autopilot/hls/hls_video_imgproc.h:1973]   --->   Operation 63 'specprotocol' <Predicate = (icmp_ln1968)> <Delay = 0.00>
ST_7 : Operation 64 [1/1] (3.63ns)   --->   "call void @_ssdm_op_Write.ap_fifo.volatile.i8P(i8* %p_dst_data_stream_V, i8 %p_Val2_s)" [D:/Xilinx_Vivado_2019.2_1106_2127/Vivado/2019.2/common/technology/autopilot/hls/hls_video_core.h:703->D:/Xilinx_Vivado_2019.2_1106_2127/Vivado/2019.2/common/technology/autopilot/hls/hls_video_core.h:717->D:/Xilinx_Vivado_2019.2_1106_2127/Vivado/2019.2/common/technology/autopilot/hls/hls_video_imgproc.h:1973]   --->   Operation 64 'write' <Predicate = (icmp_ln1968)> <Delay = 3.63> <Core = "FIFO">   --->   Core 32 'FIFO' <Latency = 0> <II = 1> <Delay = 3.63> <Storage> <Opcode : 'read' 'write' 'nbread' 'nbwrite'> <Ports = 0> <Width = 11> <Depth = 2> <FIFO>
ST_7 : Operation 65 [1/1] (0.00ns)   --->   "%empty_105 = call i32 (...)* @_ssdm_op_SpecRegionEnd([12 x i8]* @p_str23, i32 %tmp_45_i)" [D:/Xilinx_Vivado_2019.2_1106_2127/Vivado/2019.2/common/technology/autopilot/hls/hls_video_core.h:705->D:/Xilinx_Vivado_2019.2_1106_2127/Vivado/2019.2/common/technology/autopilot/hls/hls_video_core.h:717->D:/Xilinx_Vivado_2019.2_1106_2127/Vivado/2019.2/common/technology/autopilot/hls/hls_video_imgproc.h:1973]   --->   Operation 65 'specregionend' 'empty_105' <Predicate = (icmp_ln1968)> <Delay = 0.00>
ST_7 : Operation 66 [1/1] (0.00ns)   --->   "%empty_106 = call i32 (...)* @_ssdm_op_SpecRegionEnd([11 x i8]* @p_str10, i32 %tmp_43_i)" [D:/Xilinx_Vivado_2019.2_1106_2127/Vivado/2019.2/common/technology/autopilot/hls/hls_video_imgproc.h:1974]   --->   Operation 66 'specregionend' 'empty_106' <Predicate = (icmp_ln1968)> <Delay = 0.00>
ST_7 : Operation 67 [1/1] (0.00ns)   --->   "br label %1" [D:/Xilinx_Vivado_2019.2_1106_2127/Vivado/2019.2/common/technology/autopilot/hls/hls_video_imgproc.h:1968]   --->   Operation 67 'br' <Predicate = (icmp_ln1968)> <Delay = 0.00>

State 8 <SV = 3> <Delay = 0.00>
ST_8 : Operation 68 [1/1] (0.00ns)   --->   "%empty_107 = call i32 (...)* @_ssdm_op_SpecRegionEnd([12 x i8]* @p_str9, i32 %tmp_42_i)" [D:/Xilinx_Vivado_2019.2_1106_2127/Vivado/2019.2/common/technology/autopilot/hls/hls_video_imgproc.h:1975]   --->   Operation 68 'specregionend' 'empty_107' <Predicate = true> <Delay = 0.00>
ST_8 : Operation 69 [1/1] (0.00ns)   --->   "br label %0" [D:/Xilinx_Vivado_2019.2_1106_2127/Vivado/2019.2/common/technology/autopilot/hls/hls_video_imgproc.h:1967]   --->   Operation 69 'br' <Predicate = true> <Delay = 0.00>


============================================================
+ Verbose Summary: Timing violations
============================================================
Target clock period: 10ns, clock uncertainty: 1.25ns.

 <State 1>: 3.63ns
The critical path consists of the following:
	fifo read on port 'p_src_cols_V' (D:/Xilinx_Vivado_2019.2_1106_2127/Vivado/2019.2/common/technology/autopilot/hls/hls_video_imgproc.h:1961) [13]  (3.63 ns)

 <State 2>: 2.86ns
The critical path consists of the following:
	'icmp' operation ('icmp_ln1967', D:/Xilinx_Vivado_2019.2_1106_2127/Vivado/2019.2/common/technology/autopilot/hls/hls_video_imgproc.h:1967) [19]  (1.88 ns)
	blocking operation 0.978 ns on control path)

 <State 3>: 1.99ns
The critical path consists of the following:
	'phi' operation ('j') with incoming values : ('j', D:/Xilinx_Vivado_2019.2_1106_2127/Vivado/2019.2/common/technology/autopilot/hls/hls_video_imgproc.h:1968) [28]  (0 ns)
	'icmp' operation ('icmp_ln1968', D:/Xilinx_Vivado_2019.2_1106_2127/Vivado/2019.2/common/technology/autopilot/hls/hls_video_imgproc.h:1968) [30]  (1.99 ns)

 <State 4>: 3.63ns
The critical path consists of the following:
	fifo read on port 'p_src_data_stream_0_V' (D:/Xilinx_Vivado_2019.2_1106_2127/Vivado/2019.2/common/technology/autopilot/hls/hls_video_core.h:679->D:/Xilinx_Vivado_2019.2_1106_2127/Vivado/2019.2/common/technology/autopilot/hls/hls_video_core.h:711->D:/Xilinx_Vivado_2019.2_1106_2127/Vivado/2019.2/common/technology/autopilot/hls/hls_video_imgproc.h:1971) [40]  (3.63 ns)

 <State 5>: 6.38ns
The critical path consists of the following:
	'mul' operation of DSP[49] ('mul_ln703_1', D:/Xilinx_Vivado_2019.2_1106_2127/Vivado/2019.2/common/technology/autopilot/hls/hls_video_imgproc.h:1497->D:/Xilinx_Vivado_2019.2_1106_2127/Vivado/2019.2/common/technology/autopilot/hls/hls_video_imgproc.h:1534->D:/Xilinx_Vivado_2019.2_1106_2127/Vivado/2019.2/common/technology/autopilot/hls/hls_video_imgproc.h:1972) [49]  (6.38 ns)

 <State 6>: 9.4ns
The critical path consists of the following:
	'mul' operation of DSP[51] ('r.V', D:/Xilinx_Vivado_2019.2_1106_2127/Vivado/2019.2/common/technology/autopilot/hls/hls_video_imgproc.h:1493->D:/Xilinx_Vivado_2019.2_1106_2127/Vivado/2019.2/common/technology/autopilot/hls/hls_video_imgproc.h:1534->D:/Xilinx_Vivado_2019.2_1106_2127/Vivado/2019.2/common/technology/autopilot/hls/hls_video_imgproc.h:1972) [45]  (3.36 ns)
	'add' operation of DSP[51] ('ret.V', D:/Xilinx_Vivado_2019.2_1106_2127/Vivado/2019.2/common/technology/autopilot/hls/hls_video_imgproc.h:1497->D:/Xilinx_Vivado_2019.2_1106_2127/Vivado/2019.2/common/technology/autopilot/hls/hls_video_imgproc.h:1534->D:/Xilinx_Vivado_2019.2_1106_2127/Vivado/2019.2/common/technology/autopilot/hls/hls_video_imgproc.h:1972) [51]  (3.02 ns)
	'add' operation of DSP[53] ('ret.V', D:/Xilinx_Vivado_2019.2_1106_2127/Vivado/2019.2/common/technology/autopilot/hls/hls_video_imgproc.h:1497->D:/Xilinx_Vivado_2019.2_1106_2127/Vivado/2019.2/common/technology/autopilot/hls/hls_video_imgproc.h:1534->D:/Xilinx_Vivado_2019.2_1106_2127/Vivado/2019.2/common/technology/autopilot/hls/hls_video_imgproc.h:1972) [53]  (3.02 ns)

 <State 7>: 6.8ns
The critical path consists of the following:
	'add' operation ('__Val2__', D:/Xilinx_Vivado_2019.2_1106_2127/Vivado/2019.2/common/technology/autopilot/hls/hls_video_types.h:409->D:/Xilinx_Vivado_2019.2_1106_2127/Vivado/2019.2/common/technology/autopilot/hls/hls_video_types.h:500->D:/Xilinx_Vivado_2019.2_1106_2127/Vivado/2019.2/common/technology/autopilot/hls/hls_video_imgproc.h:1498->D:/Xilinx_Vivado_2019.2_1106_2127/Vivado/2019.2/common/technology/autopilot/hls/hls_video_imgproc.h:1534->D:/Xilinx_Vivado_2019.2_1106_2127/Vivado/2019.2/common/technology/autopilot/hls/hls_video_imgproc.h:1972) [57]  (1.92 ns)
	'select' operation ('__Val2__', D:/Xilinx_Vivado_2019.2_1106_2127/Vivado/2019.2/common/technology/autopilot/hls/hls_video_types.h:409->D:/Xilinx_Vivado_2019.2_1106_2127/Vivado/2019.2/common/technology/autopilot/hls/hls_video_types.h:500->D:/Xilinx_Vivado_2019.2_1106_2127/Vivado/2019.2/common/technology/autopilot/hls/hls_video_imgproc.h:1498->D:/Xilinx_Vivado_2019.2_1106_2127/Vivado/2019.2/common/technology/autopilot/hls/hls_video_imgproc.h:1534->D:/Xilinx_Vivado_2019.2_1106_2127/Vivado/2019.2/common/technology/autopilot/hls/hls_video_imgproc.h:1972) [62]  (1.25 ns)
	fifo write on port 'p_dst_data_stream_V' (D:/Xilinx_Vivado_2019.2_1106_2127/Vivado/2019.2/common/technology/autopilot/hls/hls_video_core.h:703->D:/Xilinx_Vivado_2019.2_1106_2127/Vivado/2019.2/common/technology/autopilot/hls/hls_video_core.h:717->D:/Xilinx_Vivado_2019.2_1106_2127/Vivado/2019.2/common/technology/autopilot/hls/hls_video_imgproc.h:1973) [65]  (3.63 ns)

 <State 8>: 0ns
The critical path consists of the following:


============================================================
+ Verbose Summary: Binding
============================================================
N/A
* FSMD analyzer results:
  - Output states:
 - Input state : 
  - Chain level:
	State 1
	State 2
	State 3
	State 4
	State 5
	State 6
	State 7
	State 8


============================================================
+ Verbose Summary: Datapath Resource usage 
============================================================
N/A
