

================================================================
== Vivado HLS Report for 'AddWeighted'
================================================================
* Date:           Wed Nov 22 22:28:31 2023

* Version:        2019.2 (Build 2704478 on Wed Nov 06 22:10:23 MST 2019)
* Project:        lab04_HLS
* Solution:       solution1
* Product family: zynq
* Target device:  xc7z020-clg400-1


================================================================
== Performance Estimates
================================================================
+ Timing: 
    * Summary: 
    +--------+----------+----------+------------+
    |  Clock |  Target  | Estimated| Uncertainty|
    +--------+----------+----------+------------+
    |ap_clk  | 10.00 ns | 8.454 ns |   1.25 ns  |
    +--------+----------+----------+------------+

+ Latency: 
    * Summary: 
    +---------+---------+-----------+----------+-----+--------+---------+
    |  Latency (cycles) |  Latency (absolute)  |   Interval   | Pipeline|
    |   min   |   max   |    min    |    max   | min |   max  |   Type  |
    +---------+---------+-----------+----------+-----+--------+---------+
    |        1|   942481| 10.000 ns | 9.425 ms |    1|  942481|   none  |
    +---------+---------+-----------+----------+-----+--------+---------+

    + Detail: 
        * Instance: 
        N/A

        * Loop: 
        +---------------+---------+---------+----------+-----------+-----------+----------+----------+
        |               |  Latency (cycles) | Iteration|  Initiation Interval  |   Trip   |          |
        |   Loop Name   |   min   |   max   |  Latency |  achieved |   target  |   Count  | Pipelined|
        +---------------+---------+---------+----------+-----------+-----------+----------+----------+
        |- loop_height  |        0|   942480| 3 ~ 1309 |          -|          -|  0 ~ 720 |    no    |
        | + loop_width  |        0|     1306|        28|          1|          1| 0 ~ 1280 |    yes   |
        +---------------+---------+---------+----------+-----------+-----------+----------+----------+



================================================================
== Utilization Estimates
================================================================
* Summary: 
+-----------------+---------+-------+--------+-------+-----+
|       Name      | BRAM_18K| DSP48E|   FF   |  LUT  | URAM|
+-----------------+---------+-------+--------+-------+-----+
|DSP              |        -|      -|       -|      -|    -|
|Expression       |        -|      -|       0|   1433|    -|
|FIFO             |        -|      -|       -|      -|    -|
|Instance         |        -|     28|    2348|   4744|    -|
|Memory           |        -|      -|       -|      -|    -|
|Multiplexer      |        -|      -|       -|    144|    -|
|Register         |        0|      -|    1192|    128|    -|
+-----------------+---------+-------+--------+-------+-----+
|Total            |        0|     28|    3540|   6449|    0|
+-----------------+---------+-------+--------+-------+-----+
|Available        |      280|    220|  106400|  53200|    0|
+-----------------+---------+-------+--------+-------+-----+
|Utilization (%)  |        0|     12|       3|     12|    0|
+-----------------+---------+-------+--------+-------+-----+

+ Detail: 
    * Instance: 
    +--------------------------+----------------------+---------+-------+-----+------+-----+
    |         Instance         |        Module        | BRAM_18K| DSP48E|  FF |  LUT | URAM|
    +--------------------------+----------------------+---------+-------+-----+------+-----+
    |sobel_accel_dadd_udo_U88  |sobel_accel_dadd_udo  |        0|      3|  445|  1149|    0|
    |sobel_accel_dadd_udo_U89  |sobel_accel_dadd_udo  |        0|      3|  445|  1149|    0|
    |sobel_accel_dmul_vdy_U90  |sobel_accel_dmul_vdy  |        0|     11|  317|   578|    0|
    |sobel_accel_dmul_vdy_U91  |sobel_accel_dmul_vdy  |        0|     11|  317|   578|    0|
    |sobel_accel_uitodwdI_U92  |sobel_accel_uitodwdI  |        0|      0|  412|   645|    0|
    |sobel_accel_uitodwdI_U93  |sobel_accel_uitodwdI  |        0|      0|  412|   645|    0|
    +--------------------------+----------------------+---------+-------+-----+------+-----+
    |Total                     |                      |        0|     28| 2348|  4744|    0|
    +--------------------------+----------------------+---------+-------+-----+------+-----+

    * DSP48E: 
    N/A

    * Memory: 
    N/A

    * FIFO: 
    N/A

    * Expression: 
    +------------------------------------+----------+-------+---+-----+------------+------------+
    |            Variable Name           | Operation| DSP48E| FF| LUT | Bitwidth P0| Bitwidth P1|
    +------------------------------------+----------+-------+---+-----+------------+------------+
    |add_ln591_fu_516_p2                 |     +    |      0|  0|   12|           2|          12|
    |i_V_fu_315_p2                       |     +    |      0|  0|   39|          32|           1|
    |j_V_fu_326_p2                       |     +    |      0|  0|   39|          32|           1|
    |p_Val2_24_fu_552_p2                 |     +    |      0|  0|   15|           8|           8|
    |pos1_fu_615_p2                      |     +    |      0|  0|   12|           4|          12|
    |pos2_fu_624_p2                      |     +    |      0|  0|   12|           4|          12|
    |F2_fu_409_p2                        |     -    |      0|  0|   12|          11|          12|
    |man_V_1_fu_397_p2                   |     -    |      0|  0|   61|           1|          54|
    |sub_ln581_fu_421_p2                 |     -    |      0|  0|   12|           1|          12|
    |Range1_all_ones_3_fu_673_p2         |    and   |      0|  0|    2|           1|           1|
    |Range1_all_ones_fu_828_p2           |    and   |      0|  0|    2|           1|           1|
    |and_ln340_1_fu_1014_p2              |    and   |      0|  0|    2|           1|           1|
    |and_ln340_fu_947_p2                 |    and   |      0|  0|    2|           1|           1|
    |and_ln403_3_fu_758_p2               |    and   |      0|  0|    2|           1|           1|
    |and_ln403_fu_582_p2                 |    and   |      0|  0|    2|           1|           1|
    |and_ln428_3_fu_970_p2               |    and   |      0|  0|    2|           1|           1|
    |and_ln428_fu_938_p2                 |    and   |      0|  0|    2|           1|           1|
    |and_ln557_fu_915_p2                 |    and   |      0|  0|    2|           1|           1|
    |and_ln571_fu_980_p2                 |    and   |      0|  0|    2|           1|           1|
    |and_ln581_fu_577_p2                 |    and   |      0|  0|    2|           1|           1|
    |and_ln603_5_fu_603_p2               |    and   |      0|  0|    2|           1|           1|
    |and_ln603_6_fu_609_p2               |    and   |      0|  0|    2|           1|           1|
    |and_ln603_fu_775_p2                 |    and   |      0|  0|    2|           1|           1|
    |and_ln621_4_fu_904_p2               |    and   |      0|  0|    2|           1|           1|
    |and_ln621_5_fu_910_p2               |    and   |      0|  0|    2|           1|           1|
    |and_ln621_fu_667_p2                 |    and   |      0|  0|    2|           1|           1|
    |and_ln631_fu_801_p2                 |    and   |      0|  0|    2|           1|           1|
    |and_ln639_fu_824_p2                 |    and   |      0|  0|    2|           1|           1|
    |and_ln641_fu_843_p2                 |    and   |      0|  0|    2|           1|           1|
    |and_ln642_fu_727_p2                 |    and   |      0|  0|    2|           1|           1|
    |and_ln654_fu_888_p2                 |    and   |      0|  0|    2|           1|           1|
    |ap_block_state30_pp0_stage0_iter27  |    and   |      0|  0|    2|           1|           1|
    |ashr_ln586_fu_479_p2                |   ashr   |      0|  0|  162|          54|          54|
    |ashr_ln623_fu_657_p2                |   ashr   |      0|  0|  162|          54|          54|
    |Range1_all_zeros_3_fu_709_p2        |   icmp   |      0|  0|   29|          54|           1|
    |Range2_all_ones_fu_811_p2           |   icmp   |      0|  0|   29|          54|          54|
    |icmp_ln354_fu_310_p2                |   icmp   |      0|  0|   18|          32|          32|
    |icmp_ln355_fu_321_p2                |   icmp   |      0|  0|   18|          32|          32|
    |icmp_ln571_fu_403_p2                |   icmp   |      0|  0|   29|          63|           1|
    |icmp_ln581_fu_415_p2                |   icmp   |      0|  0|   13|          12|           1|
    |icmp_ln582_fu_435_p2                |   icmp   |      0|  0|   13|          11|          11|
    |icmp_ln585_fu_441_p2                |   icmp   |      0|  0|   13|          12|           6|
    |icmp_ln591_fu_511_p2                |   icmp   |      0|  0|   13|          12|           6|
    |icmp_ln603_fu_457_p2                |   icmp   |      0|  0|   13|           9|           1|
    |icmp_ln621_fu_633_p2                |   icmp   |      0|  0|   13|          12|           6|
    |icmp_ln631_fu_687_p2                |   icmp   |      0|  0|   13|          12|           6|
    |icmp_ln641_fu_833_p2                |   icmp   |      0|  0|   29|          54|           1|
    |icmp_ln642_fu_703_p2                |   icmp   |      0|  0|   13|          12|           6|
    |icmp_ln833_fu_357_p2                |   icmp   |      0|  0|   13|          11|           2|
    |icmp_ln837_fu_363_p2                |   icmp   |      0|  0|   29|          52|           1|
    |Range2_V_3_fu_697_p2                |   lshr   |      0|  0|  162|          54|          54|
    |r_V_fu_806_p2                       |   lshr   |      0|  0|  162|           2|          54|
    |ap_block_pp0_stage0_01001           |    or    |      0|  0|    2|           1|           1|
    |ap_block_state1                     |    or    |      0|  0|    2|           1|           1|
    |ap_block_state4_pp0_stage0_iter1    |    or    |      0|  0|    2|           1|           1|
    |or_ln340_fu_957_p2                  |    or    |      0|  0|    2|           1|           1|
    |or_ln571_3_fu_1003_p2               |    or    |      0|  0|    2|           1|           1|
    |or_ln571_4_fu_991_p2                |    or    |      0|  0|    2|           1|           1|
    |or_ln571_fu_985_p2                  |    or    |      0|  0|    2|           1|           1|
    |or_ln581_fu_588_p2                  |    or    |      0|  0|    2|           1|           1|
    |or_ln603_fu_597_p2                  |    or    |      0|  0|    2|           1|           1|
    |or_ln639_fu_721_p2                  |    or    |      0|  0|    2|           1|           1|
    |or_ln645_fu_849_p2                  |    or    |      0|  0|    2|           1|           1|
    |or_ln658_1_fu_932_p2                |    or    |      0|  0|    2|           1|           1|
    |or_ln658_fu_927_p2                  |    or    |      0|  0|    2|           1|           1|
    |F2_6_fu_427_p3                      |  select  |      0|  0|   12|           1|          12|
    |deleted_zeros_fu_881_p3             |  select  |      0|  0|    2|           1|           1|
    |dst_data_stream_V_din               |  select  |      0|  0|    8|           1|           8|
    |p_Val2_23_fu_504_p3                 |  select  |      0|  0|    8|           1|           8|
    |p_Val2_25_fu_780_p3                 |  select  |      0|  0|    8|           1|           8|
    |p_Val2_s_fu_463_p3                  |  select  |      0|  0|   54|           1|          54|
    |qb_fu_533_p3                        |  select  |      0|  0|    2|           1|           1|
    |select_ln340_fu_963_p3              |  select  |      0|  0|    8|           1|           8|
    |select_ln403_3_fu_763_p3            |  select  |      0|  0|    8|           1|           8|
    |select_ln403_fu_747_p3              |  select  |      0|  0|    8|           1|           8|
    |select_ln571_fu_996_p3              |  select  |      0|  0|    8|           1|           1|
    |select_ln582_fu_741_p3              |  select  |      0|  0|    8|           1|           8|
    |select_ln588_fu_496_p3              |  select  |      0|  0|    2|           1|           2|
    |select_ln631_fu_816_p3              |  select  |      0|  0|    2|           1|           1|
    |select_ln639_3_fu_873_p3            |  select  |      0|  0|    2|           1|           1|
    |select_ln639_fu_858_p3              |  select  |      0|  0|    2|           1|           1|
    |select_ln642_3_fu_866_p3            |  select  |      0|  0|    2|           1|           1|
    |select_ln642_fu_853_p3              |  select  |      0|  0|    2|           1|           1|
    |underflow_fu_919_p3                 |  select  |      0|  0|    2|           1|           1|
    |shl_ln604_fu_736_p2                 |    shl   |      0|  0|   19|           8|           8|
    |Range1_all_zeros_fu_838_p2          |    xor   |      0|  0|    2|           2|           1|
    |ap_enable_pp0                       |    xor   |      0|  0|    2|           1|           2|
    |ap_enable_reg_pp0_iter1             |    xor   |      0|  0|    2|           2|           1|
    |empty_118_fu_893_p2                 |    xor   |      0|  0|    2|           2|           1|
    |xor_ln340_1_fu_952_p2               |    xor   |      0|  0|    2|           1|           2|
    |xor_ln340_fu_942_p2                 |    xor   |      0|  0|    2|           1|           2|
    |xor_ln403_fu_753_p2                 |    xor   |      0|  0|    2|           1|           2|
    |xor_ln416_fu_566_p2                 |    xor   |      0|  0|    2|           1|           2|
    |xor_ln428_fu_974_p2                 |    xor   |      0|  0|    2|           2|           1|
    |xor_ln571_fu_1008_p2                |    xor   |      0|  0|    2|           1|           2|
    |xor_ln581_fu_770_p2                 |    xor   |      0|  0|    2|           1|           2|
    |xor_ln582_fu_572_p2                 |    xor   |      0|  0|    2|           1|           2|
    |xor_ln603_fu_592_p2                 |    xor   |      0|  0|    2|           1|           2|
    |xor_ln621_3_fu_647_p2               |    xor   |      0|  0|    2|           1|           2|
    |xor_ln621_fu_899_p2                 |    xor   |      0|  0|    2|           1|           2|
    |xor_ln631_fu_796_p2                 |    xor   |      0|  0|    2|           1|           2|
    |xor_ln639_3_fu_715_p2               |    xor   |      0|  0|    2|           1|           2|
    +------------------------------------+----------+-------+---+-----+------------+------------+
    |Total                               |          |      0|  0| 1433|         787|         714|
    +------------------------------------+----------+-------+---+-----+------------+------------+

    * Multiplexer: 
    +--------------------------+----+-----------+-----+-----------+
    |           Name           | LUT| Input Size| Bits| Total Bits|
    +--------------------------+----+-----------+-----+-----------+
    |ap_NS_fsm                 |  27|          5|    1|          5|
    |ap_done                   |   9|          2|    1|          2|
    |ap_enable_reg_pp0_iter1   |   9|          2|    1|          2|
    |ap_enable_reg_pp0_iter27  |   9|          2|    1|          2|
    |dst_cols_V_blk_n          |   9|          2|    1|          2|
    |dst_cols_V_out_blk_n      |   9|          2|    1|          2|
    |dst_data_stream_V_blk_n   |   9|          2|    1|          2|
    |dst_rows_V_blk_n          |   9|          2|    1|          2|
    |dst_rows_V_out_blk_n      |   9|          2|    1|          2|
    |real_start                |   9|          2|    1|          2|
    |src1_data_stream_V_blk_n  |   9|          2|    1|          2|
    |src2_data_stream_V_blk_n  |   9|          2|    1|          2|
    |t_V_4_reg_266             |   9|          2|   32|         64|
    |t_V_reg_255               |   9|          2|   32|         64|
    +--------------------------+----+-----------+-----+-----------+
    |Total                     | 144|         31|   76|        155|
    +--------------------------+----+-----------+-----+-----------+

    * Register: 
    +-------------------------------------+----+----+-----+-----------+
    |                 Name                | FF | LUT| Bits| Const Bits|
    +-------------------------------------+----+----+-----+-----------+
    |F2_6_reg_1163                        |  12|   0|   12|          0|
    |F2_6_reg_1163_pp0_iter25_reg         |  12|   0|   12|          0|
    |F2_reg_1149                          |  12|   0|   12|          0|
    |Range1_all_ones_3_reg_1238           |   1|   0|    1|          0|
    |Range1_all_zeros_3_reg_1267          |   1|   0|    1|          0|
    |Range2_V_3_reg_1261                  |  54|   0|   54|          0|
    |and_ln403_reg_1209                   |   1|   0|    1|          0|
    |and_ln581_reg_1204                   |   1|   0|    1|          0|
    |and_ln603_6_reg_1219                 |   1|   0|    1|          0|
    |and_ln642_reg_1272                   |   1|   0|    1|          0|
    |ap_CS_fsm                            |   4|   0|    4|          0|
    |ap_done_reg                          |   1|   0|    1|          0|
    |ap_enable_reg_pp0_iter0              |   1|   0|    1|          0|
    |ap_enable_reg_pp0_iter1              |   1|   0|    1|          0|
    |ap_enable_reg_pp0_iter10             |   1|   0|    1|          0|
    |ap_enable_reg_pp0_iter11             |   1|   0|    1|          0|
    |ap_enable_reg_pp0_iter12             |   1|   0|    1|          0|
    |ap_enable_reg_pp0_iter13             |   1|   0|    1|          0|
    |ap_enable_reg_pp0_iter14             |   1|   0|    1|          0|
    |ap_enable_reg_pp0_iter15             |   1|   0|    1|          0|
    |ap_enable_reg_pp0_iter16             |   1|   0|    1|          0|
    |ap_enable_reg_pp0_iter17             |   1|   0|    1|          0|
    |ap_enable_reg_pp0_iter18             |   1|   0|    1|          0|
    |ap_enable_reg_pp0_iter19             |   1|   0|    1|          0|
    |ap_enable_reg_pp0_iter2              |   1|   0|    1|          0|
    |ap_enable_reg_pp0_iter20             |   1|   0|    1|          0|
    |ap_enable_reg_pp0_iter21             |   1|   0|    1|          0|
    |ap_enable_reg_pp0_iter22             |   1|   0|    1|          0|
    |ap_enable_reg_pp0_iter23             |   1|   0|    1|          0|
    |ap_enable_reg_pp0_iter24             |   1|   0|    1|          0|
    |ap_enable_reg_pp0_iter25             |   1|   0|    1|          0|
    |ap_enable_reg_pp0_iter26             |   1|   0|    1|          0|
    |ap_enable_reg_pp0_iter27             |   1|   0|    1|          0|
    |ap_enable_reg_pp0_iter3              |   1|   0|    1|          0|
    |ap_enable_reg_pp0_iter4              |   1|   0|    1|          0|
    |ap_enable_reg_pp0_iter5              |   1|   0|    1|          0|
    |ap_enable_reg_pp0_iter6              |   1|   0|    1|          0|
    |ap_enable_reg_pp0_iter7              |   1|   0|    1|          0|
    |ap_enable_reg_pp0_iter8              |   1|   0|    1|          0|
    |ap_enable_reg_pp0_iter9              |   1|   0|    1|          0|
    |cols_V_reg_1034                      |  32|   0|   32|          0|
    |i_V_reg_1043                         |  32|   0|   32|          0|
    |icmp_ln355_reg_1048                  |   1|   0|    1|          0|
    |icmp_ln571_reg_1143                  |   1|   0|    1|          0|
    |icmp_ln581_reg_1157                  |   1|   0|    1|          0|
    |icmp_ln582_reg_1169                  |   1|   0|    1|          0|
    |icmp_ln582_reg_1169_pp0_iter25_reg   |   1|   0|    1|          0|
    |icmp_ln585_reg_1176                  |   1|   0|    1|          0|
    |icmp_ln603_reg_1181                  |   1|   0|    1|          0|
    |icmp_ln603_reg_1181_pp0_iter25_reg   |   1|   0|    1|          0|
    |icmp_ln621_reg_1225                  |   1|   0|    1|          0|
    |icmp_ln631_reg_1250                  |   1|   0|    1|          0|
    |icmp_ln833_reg_1112                  |   1|   0|    1|          0|
    |icmp_ln837_reg_1118                  |   1|   0|    1|          0|
    |man_V_1_reg_1138                     |  54|   0|   54|          0|
    |or_ln581_reg_1214                    |   1|   0|    1|          0|
    |or_ln658_1_reg_1290                  |   1|   0|    1|          0|
    |p_Result_20_reg_1124                 |   1|   0|    1|          0|
    |p_Result_20_reg_1124_pp0_iter25_reg  |   1|   0|    1|          0|
    |p_Result_21_reg_1133                 |  52|   0|   54|          2|
    |p_Result_22_reg_1193                 |   1|   0|    1|          0|
    |p_Val2_22_reg_1107                   |  64|   0|   64|          0|
    |p_Val2_24_reg_1198                   |   8|   0|    8|          0|
    |p_Val2_25_reg_1278                   |   8|   0|    8|          0|
    |rows_V_reg_1029                      |  32|   0|   32|          0|
    |start_once_reg                       |   1|   0|    1|          0|
    |sum_reg_1102                         |  64|   0|   64|          0|
    |t1_reg_1087                          |  64|   0|   64|          0|
    |t2_reg_1092                          |  64|   0|   64|          0|
    |t_V_4_reg_266                        |  32|   0|   32|          0|
    |t_V_reg_255                          |  32|   0|   32|          0|
    |tmp_62_reg_1062                      |   8|   0|    8|          0|
    |tmp_70_reg_1245                      |   1|   0|    1|          0|
    |tmp_8_i_i_reg_1082                   |  64|   0|   64|          0|
    |tmp_9_i_i_reg_1097                   |  64|   0|   64|          0|
    |tmp_i_i_reg_1077                     |  64|   0|   64|          0|
    |tmp_reg_1057                         |   8|   0|    8|          0|
    |trunc_ln583_reg_1187                 |   8|   0|    8|          0|
    |underflow_reg_1284                   |   1|   0|    1|          0|
    |xor_ln621_3_reg_1231                 |   1|   0|    1|          0|
    |zext_ln635_reg_1256                  |  32|   0|   54|         22|
    |icmp_ln355_reg_1048                  |  64|  32|    1|          0|
    |icmp_ln571_reg_1143                  |  64|  32|    1|          0|
    |icmp_ln833_reg_1112                  |  64|  32|    1|          0|
    |icmp_ln837_reg_1118                  |  64|  32|    1|          0|
    +-------------------------------------+----+----+-----+-----------+
    |Total                                |1192| 128|  964|         24|
    +-------------------------------------+----+----+-----+-----------+



================================================================
== Interface
================================================================
* Summary: 
+----------------------------+-----+-----+------------+--------------------+--------------+
|          RTL Ports         | Dir | Bits|  Protocol  |    Source Object   |    C Type    |
+----------------------------+-----+-----+------------+--------------------+--------------+
|ap_clk                      |  in |    1| ap_ctrl_hs |     AddWeighted    | return value |
|ap_rst                      |  in |    1| ap_ctrl_hs |     AddWeighted    | return value |
|ap_start                    |  in |    1| ap_ctrl_hs |     AddWeighted    | return value |
|start_full_n                |  in |    1| ap_ctrl_hs |     AddWeighted    | return value |
|ap_done                     | out |    1| ap_ctrl_hs |     AddWeighted    | return value |
|ap_continue                 |  in |    1| ap_ctrl_hs |     AddWeighted    | return value |
|ap_idle                     | out |    1| ap_ctrl_hs |     AddWeighted    | return value |
|ap_ready                    | out |    1| ap_ctrl_hs |     AddWeighted    | return value |
|start_out                   | out |    1| ap_ctrl_hs |     AddWeighted    | return value |
|start_write                 | out |    1| ap_ctrl_hs |     AddWeighted    | return value |
|src1_data_stream_V_dout     |  in |    8|   ap_fifo  | src1_data_stream_V |    pointer   |
|src1_data_stream_V_empty_n  |  in |    1|   ap_fifo  | src1_data_stream_V |    pointer   |
|src1_data_stream_V_read     | out |    1|   ap_fifo  | src1_data_stream_V |    pointer   |
|src2_data_stream_V_dout     |  in |    8|   ap_fifo  | src2_data_stream_V |    pointer   |
|src2_data_stream_V_empty_n  |  in |    1|   ap_fifo  | src2_data_stream_V |    pointer   |
|src2_data_stream_V_read     | out |    1|   ap_fifo  | src2_data_stream_V |    pointer   |
|dst_rows_V_dout             |  in |   11|   ap_fifo  |     dst_rows_V     |    pointer   |
|dst_rows_V_empty_n          |  in |    1|   ap_fifo  |     dst_rows_V     |    pointer   |
|dst_rows_V_read             | out |    1|   ap_fifo  |     dst_rows_V     |    pointer   |
|dst_cols_V_dout             |  in |   12|   ap_fifo  |     dst_cols_V     |    pointer   |
|dst_cols_V_empty_n          |  in |    1|   ap_fifo  |     dst_cols_V     |    pointer   |
|dst_cols_V_read             | out |    1|   ap_fifo  |     dst_cols_V     |    pointer   |
|dst_data_stream_V_din       | out |    8|   ap_fifo  |  dst_data_stream_V |    pointer   |
|dst_data_stream_V_full_n    |  in |    1|   ap_fifo  |  dst_data_stream_V |    pointer   |
|dst_data_stream_V_write     | out |    1|   ap_fifo  |  dst_data_stream_V |    pointer   |
|dst_rows_V_out_din          | out |   11|   ap_fifo  |   dst_rows_V_out   |    pointer   |
|dst_rows_V_out_full_n       |  in |    1|   ap_fifo  |   dst_rows_V_out   |    pointer   |
|dst_rows_V_out_write        | out |    1|   ap_fifo  |   dst_rows_V_out   |    pointer   |
|dst_cols_V_out_din          | out |   12|   ap_fifo  |   dst_cols_V_out   |    pointer   |
|dst_cols_V_out_full_n       |  in |    1|   ap_fifo  |   dst_cols_V_out   |    pointer   |
|dst_cols_V_out_write        | out |    1|   ap_fifo  |   dst_cols_V_out   |    pointer   |
+----------------------------+-----+-----+------------+--------------------+--------------+

