

================================================================
== Vivado HLS Report for 'GaussianBlur'
================================================================
* Date:           Wed Nov 22 22:28:28 2023

* Version:        2019.2 (Build 2704478 on Wed Nov 06 22:10:23 MST 2019)
* Project:        lab04_HLS
* Solution:       solution1
* Product family: zynq
* Target device:  xc7z020-clg400-1


================================================================
== Performance Estimates
================================================================
+ Timing: 
    * Summary: 
    +--------+----------+-----------+------------+
    |  Clock |  Target  | Estimated | Uncertainty|
    +--------+----------+-----------+------------+
    |ap_clk  | 10.00 ns | 10.575 ns |   1.25 ns  |
    +--------+----------+-----------+------------+

+ Latency: 
    * Summary: 
    +---------+---------+----------+----------+--------+--------+---------+
    |  Latency (cycles) |  Latency (absolute) |     Interval    | Pipeline|
    |   min   |   max   |    min   |    max   |   min  |   max  |   Type  |
    +---------+---------+----------+----------+--------+--------+---------+
    |   930660|   930660| 9.842 ms | 9.842 ms |  930660|  930660|   none  |
    +---------+---------+----------+----------+--------+--------+---------+

    + Detail: 
        * Instance: 
        +----------------------+------------+---------+---------+----------+----------+--------+--------+---------+
        |                      |            |  Latency (cycles) |  Latency (absolute) |     Interval    | Pipeline|
        |       Instance       |   Module   |   min   |   max   |    min   |    max   |   min  |   max  |   Type  |
        +----------------------+------------+---------+---------+----------+----------+--------+--------+---------+
        |grp_Filter2D_1_fu_40  |Filter2D_1  |   930659|   930659| 9.842 ms | 9.842 ms |  930659|  930659|   none  |
        +----------------------+------------+---------+---------+----------+----------+--------+--------+---------+

        * Loop: 
        N/A



================================================================
== Utilization Estimates
================================================================
* Summary: 
+-----------------+---------+-------+--------+-------+-----+
|       Name      | BRAM_18K| DSP48E|   FF   |  LUT  | URAM|
+-----------------+---------+-------+--------+-------+-----+
|DSP              |        -|      -|       -|      -|    -|
|Expression       |        -|      -|       0|      2|    -|
|FIFO             |        -|      -|       -|      -|    -|
|Instance         |        3|      4|     481|    991|    0|
|Memory           |        -|      -|       -|      -|    -|
|Multiplexer      |        -|      -|       -|     51|    -|
|Register         |        -|      -|       5|      -|    -|
+-----------------+---------+-------+--------+-------+-----+
|Total            |        3|      4|     486|   1044|    0|
+-----------------+---------+-------+--------+-------+-----+
|Available        |      280|    220|  106400|  53200|    0|
+-----------------+---------+-------+--------+-------+-----+
|Utilization (%)  |        1|      1|   ~0   |      1|    0|
+-----------------+---------+-------+--------+-------+-----+

+ Detail: 
    * Instance: 
    +----------------------+------------+---------+-------+-----+-----+-----+
    |       Instance       |   Module   | BRAM_18K| DSP48E|  FF | LUT | URAM|
    +----------------------+------------+---------+-------+-----+-----+-----+
    |grp_Filter2D_1_fu_40  |Filter2D_1  |        3|      4|  481|  991|    0|
    +----------------------+------------+---------+-------+-----+-----+-----+
    |Total                 |            |        3|      4|  481|  991|    0|
    +----------------------+------------+---------+-------+-----+-----+-----+

    * DSP48E: 
    N/A

    * Memory: 
    N/A

    * FIFO: 
    N/A

    * Expression: 
    +-----------------+----------+-------+---+----+------------+------------+
    |  Variable Name  | Operation| DSP48E| FF| LUT| Bitwidth P0| Bitwidth P1|
    +-----------------+----------+-------+---+----+------------+------------+
    |ap_block_state1  |    or    |      0|  0|   2|           1|           1|
    +-----------------+----------+-------+---+----+------------+------------+
    |Total            |          |      0|  0|   2|           1|           1|
    +-----------------+----------+-------+---+----+------------+------------+

    * Multiplexer: 
    +---------------------------+----+-----------+-----+-----------+
    |            Name           | LUT| Input Size| Bits| Total Bits|
    +---------------------------+----+-----------+-----+-----------+
    |ap_NS_fsm                  |  15|          3|    1|          3|
    |ap_done                    |   9|          2|    1|          2|
    |p_dst_data_stream_V_write  |   9|          2|    1|          2|
    |p_src_data_stream_V_read   |   9|          2|    1|          2|
    |real_start                 |   9|          2|    1|          2|
    +---------------------------+----+-----------+-----+-----------+
    |Total                      |  51|         11|    5|         11|
    +---------------------------+----+-----------+-----+-----------+

    * Register: 
    +-----------------------------------+---+----+-----+-----------+
    |                Name               | FF| LUT| Bits| Const Bits|
    +-----------------------------------+---+----+-----+-----------+
    |ap_CS_fsm                          |  2|   0|    2|          0|
    |ap_done_reg                        |  1|   0|    1|          0|
    |grp_Filter2D_1_fu_40_ap_start_reg  |  1|   0|    1|          0|
    |start_once_reg                     |  1|   0|    1|          0|
    +-----------------------------------+---+----+-----+-----------+
    |Total                              |  5|   0|    5|          0|
    +-----------------------------------+---+----+-----+-----------+



================================================================
== Interface
================================================================
* Summary: 
+-----------------------------+-----+-----+------------+---------------------+--------------+
|          RTL Ports          | Dir | Bits|  Protocol  |    Source Object    |    C Type    |
+-----------------------------+-----+-----+------------+---------------------+--------------+
|ap_clk                       |  in |    1| ap_ctrl_hs |     GaussianBlur    | return value |
|ap_rst                       |  in |    1| ap_ctrl_hs |     GaussianBlur    | return value |
|ap_start                     |  in |    1| ap_ctrl_hs |     GaussianBlur    | return value |
|start_full_n                 |  in |    1| ap_ctrl_hs |     GaussianBlur    | return value |
|ap_done                      | out |    1| ap_ctrl_hs |     GaussianBlur    | return value |
|ap_continue                  |  in |    1| ap_ctrl_hs |     GaussianBlur    | return value |
|ap_idle                      | out |    1| ap_ctrl_hs |     GaussianBlur    | return value |
|ap_ready                     | out |    1| ap_ctrl_hs |     GaussianBlur    | return value |
|start_out                    | out |    1| ap_ctrl_hs |     GaussianBlur    | return value |
|start_write                  | out |    1| ap_ctrl_hs |     GaussianBlur    | return value |
|p_src_data_stream_V_dout     |  in |    8|   ap_fifo  | p_src_data_stream_V |    pointer   |
|p_src_data_stream_V_empty_n  |  in |    1|   ap_fifo  | p_src_data_stream_V |    pointer   |
|p_src_data_stream_V_read     | out |    1|   ap_fifo  | p_src_data_stream_V |    pointer   |
|p_dst_data_stream_V_din      | out |    8|   ap_fifo  | p_dst_data_stream_V |    pointer   |
|p_dst_data_stream_V_full_n   |  in |    1|   ap_fifo  | p_dst_data_stream_V |    pointer   |
|p_dst_data_stream_V_write    | out |    1|   ap_fifo  | p_dst_data_stream_V |    pointer   |
+-----------------------------+-----+-----+------------+---------------------+--------------+

