

================================================================
== Vivado HLS Report for 'ConvertScaleAbs'
================================================================
* Date:           Wed Nov 22 22:28:31 2023

* Version:        2019.2 (Build 2704478 on Wed Nov 06 22:10:23 MST 2019)
* Project:        lab04_HLS
* Solution:       solution1
* Product family: zynq
* Target device:  xc7z020-clg400-1


================================================================
== Performance Estimates
================================================================
+ Timing: 
    * Summary: 
    +--------+----------+----------+------------+
    |  Clock |  Target  | Estimated| Uncertainty|
    +--------+----------+----------+------------+
    |ap_clk  | 10.00 ns | 8.151 ns |   1.25 ns  |
    +--------+----------+----------+------------+

+ Latency: 
    * Summary: 
    +---------+---------+----------+----------+--------+--------+---------+
    |  Latency (cycles) |  Latency (absolute) |     Interval    | Pipeline|
    |   min   |   max   |    min   |    max   |   min  |   max  |   Type  |
    +---------+---------+----------+----------+--------+--------+---------+
    |   930961|   930961| 9.310 ms | 9.310 ms |  930961|  930961|   none  |
    +---------+---------+----------+----------+--------+--------+---------+

    + Detail: 
        * Instance: 
        N/A

        * Loop: 
        +---------------+---------+---------+----------+-----------+-----------+------+----------+
        |               |  Latency (cycles) | Iteration|  Initiation Interval  | Trip |          |
        |   Loop Name   |   min   |   max   |  Latency |  achieved |   target  | Count| Pipelined|
        +---------------+---------+---------+----------+-----------+-----------+------+----------+
        |- loop_height  |   930960|   930960|      1293|          -|          -|   720|    no    |
        | + loop_width  |     1290|     1290|        12|          1|          1|  1280|    yes   |
        +---------------+---------+---------+----------+-----------+-----------+------+----------+



================================================================
== Utilization Estimates
================================================================
* Summary: 
+-----------------+---------+-------+--------+-------+-----+
|       Name      | BRAM_18K| DSP48E|   FF   |  LUT  | URAM|
+-----------------+---------+-------+--------+-------+-----+
|DSP              |        -|      -|       -|      -|    -|
|Expression       |        -|      -|       0|   1229|    -|
|FIFO             |        -|      -|       -|      -|    -|
|Instance         |        -|      0|     412|    645|    -|
|Memory           |        -|      -|       -|      -|    -|
|Multiplexer      |        -|      -|       -|     90|    -|
|Register         |        0|      -|     553|     96|    -|
+-----------------+---------+-------+--------+-------+-----+
|Total            |        0|      0|     965|   2060|    0|
+-----------------+---------+-------+--------+-------+-----+
|Available        |      280|    220|  106400|  53200|    0|
+-----------------+---------+-------+--------+-------+-----+
|Utilization (%)  |        0|      0|   ~0   |      3|    0|
+-----------------+---------+-------+--------+-------+-----+

+ Detail: 
    * Instance: 
    +--------------------------+----------------------+---------+-------+-----+-----+-----+
    |         Instance         |        Module        | BRAM_18K| DSP48E|  FF | LUT | URAM|
    +--------------------------+----------------------+---------+-------+-----+-----+-----+
    |sobel_accel_sitodtde_U85  |sobel_accel_sitodtde  |        0|      0|  412|  645|    0|
    +--------------------------+----------------------+---------+-------+-----+-----+-----+
    |Total                     |                      |        0|      0|  412|  645|    0|
    +--------------------------+----------------------+---------+-------+-----+-----+-----+

    * DSP48E: 
    N/A

    * Memory: 
    N/A

    * FIFO: 
    N/A

    * Expression: 
    +------------------------------------+----------+-------+---+-----+------------+------------+
    |            Variable Name           | Operation| DSP48E| FF| LUT | Bitwidth P0| Bitwidth P1|
    +------------------------------------+----------+-------+---+-----+------------+------------+
    |add_ln591_fu_346_p2                 |     +    |      0|  0|   12|           2|          12|
    |i_fu_184_p2                         |     +    |      0|  0|   14|          10|           1|
    |j_fu_196_p2                         |     +    |      0|  0|   13|          11|           1|
    |p_Val2_19_fu_383_p2                 |     +    |      0|  0|   15|           8|           8|
    |pos1_fu_446_p2                      |     +    |      0|  0|   12|           4|          12|
    |pos2_fu_455_p2                      |     +    |      0|  0|   12|           4|          12|
    |F2_fu_243_p2                        |     -    |      0|  0|   12|          11|          12|
    |sub_ln581_fu_255_p2                 |     -    |      0|  0|   12|           1|          12|
    |Range1_all_ones_2_fu_504_p2         |    and   |      0|  0|    2|           1|           1|
    |Range1_all_ones_fu_651_p2           |    and   |      0|  0|    2|           1|           1|
    |and_ln403_2_fu_589_p2               |    and   |      0|  0|    2|           1|           1|
    |and_ln403_fu_413_p2                 |    and   |      0|  0|    2|           1|           1|
    |and_ln428_2_fu_731_p2               |    and   |      0|  0|    2|           1|           1|
    |and_ln428_fu_704_p2                 |    and   |      0|  0|    2|           1|           1|
    |and_ln571_fu_741_p2                 |    and   |      0|  0|    2|           1|           1|
    |and_ln581_fu_408_p2                 |    and   |      0|  0|    2|           1|           1|
    |and_ln603_3_fu_434_p2               |    and   |      0|  0|    2|           1|           1|
    |and_ln603_4_fu_440_p2               |    and   |      0|  0|    2|           1|           1|
    |and_ln603_fu_606_p2                 |    and   |      0|  0|    2|           1|           1|
    |and_ln621_fu_498_p2                 |    and   |      0|  0|    2|           1|           1|
    |and_ln631_fu_624_p2                 |    and   |      0|  0|    2|           1|           1|
    |and_ln639_fu_647_p2                 |    and   |      0|  0|    2|           1|           1|
    |and_ln641_fu_666_p2                 |    and   |      0|  0|    2|           1|           1|
    |and_ln642_fu_558_p2                 |    and   |      0|  0|    2|           1|           1|
    |ap_block_state14_pp0_stage0_iter11  |    and   |      0|  0|    2|           1|           1|
    |ap_block_state4_pp0_stage0_iter1    |    and   |      0|  0|    2|           1|           1|
    |ashr_ln586_fu_324_p2                |   ashr   |      0|  0|  162|          54|          54|
    |ashr_ln623_fu_488_p2                |   ashr   |      0|  0|  162|          54|          54|
    |Range1_all_zeros_2_fu_540_p2        |   icmp   |      0|  0|   29|          54|           1|
    |Range2_all_ones_fu_634_p2           |   icmp   |      0|  0|   29|          54|          54|
    |icmp_ln2526_fu_178_p2               |   icmp   |      0|  0|   13|          10|          10|
    |icmp_ln2527_fu_190_p2               |   icmp   |      0|  0|   13|          11|          11|
    |icmp_ln571_fu_237_p2                |   icmp   |      0|  0|   29|          63|           1|
    |icmp_ln581_fu_249_p2                |   icmp   |      0|  0|   13|          12|           1|
    |icmp_ln582_fu_269_p2                |   icmp   |      0|  0|   13|          11|          11|
    |icmp_ln585_fu_279_p2                |   icmp   |      0|  0|   13|          12|           6|
    |icmp_ln591_fu_341_p2                |   icmp   |      0|  0|   13|          12|           6|
    |icmp_ln603_fu_295_p2                |   icmp   |      0|  0|   13|           9|           1|
    |icmp_ln621_fu_464_p2                |   icmp   |      0|  0|   13|          12|           6|
    |icmp_ln631_fu_518_p2                |   icmp   |      0|  0|   13|          12|           6|
    |icmp_ln641_fu_656_p2                |   icmp   |      0|  0|   29|          54|           1|
    |icmp_ln642_fu_534_p2                |   icmp   |      0|  0|   13|          12|           6|
    |icmp_ln833_fu_227_p2                |   icmp   |      0|  0|   13|          11|           2|
    |icmp_ln837_fu_301_p2                |   icmp   |      0|  0|   29|          52|           1|
    |Range2_V_2_fu_528_p2                |   lshr   |      0|  0|  162|          54|          54|
    |r_V_fu_629_p2                       |   lshr   |      0|  0|  162|           2|          54|
    |ap_block_pp0_stage0_01001           |    or    |      0|  0|    2|           1|           1|
    |ap_block_state1                     |    or    |      0|  0|    2|           1|           1|
    |or_ln571_2_fu_759_p2                |    or    |      0|  0|    2|           1|           1|
    |or_ln571_fu_746_p2                  |    or    |      0|  0|    2|           1|           1|
    |or_ln581_fu_419_p2                  |    or    |      0|  0|    2|           1|           1|
    |or_ln603_fu_428_p2                  |    or    |      0|  0|    2|           1|           1|
    |or_ln639_fu_552_p2                  |    or    |      0|  0|    2|           1|           1|
    |or_ln645_fu_672_p2                  |    or    |      0|  0|    2|           1|           1|
    |or_ln658_fu_718_p2                  |    or    |      0|  0|    2|           1|           1|
    |F2_4_fu_261_p3                      |  select  |      0|  0|   12|           1|          12|
    |deleted_zeros_fu_708_p3             |  select  |      0|  0|    2|           1|           1|
    |p_Val2_18_fu_334_p3                 |  select  |      0|  0|    8|           1|           8|
    |p_Val2_20_fu_611_p3                 |  select  |      0|  0|    8|           1|           8|
    |p_dst_data_stream_V_din             |  select  |      0|  0|    8|           1|           8|
    |qb_fu_363_p3                        |  select  |      0|  0|    2|           1|           1|
    |select_ln340_fu_724_p3              |  select  |      0|  0|    8|           1|           8|
    |select_ln403_2_fu_594_p3            |  select  |      0|  0|    8|           1|           8|
    |select_ln403_fu_578_p3              |  select  |      0|  0|    8|           1|           8|
    |select_ln571_fu_752_p3              |  select  |      0|  0|    8|           1|           1|
    |select_ln582_fu_572_p3              |  select  |      0|  0|    8|           1|           8|
    |select_ln631_fu_639_p3              |  select  |      0|  0|    2|           1|           1|
    |select_ln639_2_fu_696_p3            |  select  |      0|  0|    2|           1|           1|
    |select_ln639_fu_681_p3              |  select  |      0|  0|    2|           1|           1|
    |select_ln642_2_fu_689_p3            |  select  |      0|  0|    2|           1|           1|
    |select_ln642_fu_676_p3              |  select  |      0|  0|    2|           1|           1|
    |shl_ln604_fu_567_p2                 |    shl   |      0|  0|   19|           8|           8|
    |Range1_all_zeros_fu_661_p2          |    xor   |      0|  0|    2|           2|           1|
    |ap_enable_pp0                       |    xor   |      0|  0|    2|           1|           2|
    |ap_enable_reg_pp0_iter1             |    xor   |      0|  0|    2|           2|           1|
    |xor_ln403_fu_584_p2                 |    xor   |      0|  0|    2|           1|           2|
    |xor_ln416_fu_397_p2                 |    xor   |      0|  0|    2|           1|           2|
    |xor_ln428_fu_735_p2                 |    xor   |      0|  0|    2|           2|           1|
    |xor_ln571_fu_764_p2                 |    xor   |      0|  0|    2|           1|           2|
    |xor_ln581_fu_601_p2                 |    xor   |      0|  0|    2|           1|           2|
    |xor_ln582_fu_403_p2                 |    xor   |      0|  0|    2|           1|           2|
    |xor_ln603_fu_423_p2                 |    xor   |      0|  0|    2|           1|           2|
    |xor_ln621_2_fu_478_p2               |    xor   |      0|  0|    2|           1|           2|
    |xor_ln621_fu_713_p2                 |    xor   |      0|  0|    2|           1|           2|
    |xor_ln631_fu_619_p2                 |    xor   |      0|  0|    2|           1|           2|
    |xor_ln639_2_fu_546_p2               |    xor   |      0|  0|    2|           1|           2|
    +------------------------------------+----------+-------+---+-----+------------+------------+
    |Total                               |          |      0|  0| 1229|         684|         546|
    +------------------------------------+----------+-------+---+-----+------------+------------+

    * Multiplexer: 
    +---------------------------+----+-----------+-----+-----------+
    |            Name           | LUT| Input Size| Bits| Total Bits|
    +---------------------------+----+-----------+-----+-----------+
    |ap_NS_fsm                  |  27|          5|    1|          5|
    |ap_done                    |   9|          2|    1|          2|
    |ap_enable_reg_pp0_iter1    |   9|          2|    1|          2|
    |ap_enable_reg_pp0_iter11   |   9|          2|    1|          2|
    |i_0_reg_153                |   9|          2|   10|         20|
    |j_0_reg_164                |   9|          2|   11|         22|
    |p_dst_data_stream_V_blk_n  |   9|          2|    1|          2|
    |p_src_data_stream_V_blk_n  |   9|          2|    1|          2|
    +---------------------------+----+-----------+-----+-----------+
    |Total                      |  90|         19|   27|         57|
    +---------------------------+----+-----------+-----+-----------+

    * Register: 
    +------------------------------------+----+----+-----+-----------+
    |                Name                | FF | LUT| Bits| Const Bits|
    +------------------------------------+----+----+-----+-----------+
    |F2_4_reg_844                        |  12|   0|   12|          0|
    |F2_4_reg_844_pp0_iter9_reg          |  12|   0|   12|          0|
    |F2_reg_830                          |  12|   0|   12|          0|
    |Range1_all_ones_2_reg_923           |   1|   0|    1|          0|
    |Range1_all_zeros_2_reg_952          |   1|   0|    1|          0|
    |Range2_V_2_reg_946                  |  54|   0|   54|          0|
    |and_ln403_reg_896                   |   1|   0|    1|          0|
    |and_ln581_reg_891                   |   1|   0|    1|          0|
    |and_ln603_4_reg_906                 |   1|   0|    1|          0|
    |and_ln603_4_reg_906_pp0_iter10_reg  |   1|   0|    1|          0|
    |and_ln642_reg_957                   |   1|   0|    1|          0|
    |ap_CS_fsm                           |   4|   0|    4|          0|
    |ap_done_reg                         |   1|   0|    1|          0|
    |ap_enable_reg_pp0_iter0             |   1|   0|    1|          0|
    |ap_enable_reg_pp0_iter1             |   1|   0|    1|          0|
    |ap_enable_reg_pp0_iter10            |   1|   0|    1|          0|
    |ap_enable_reg_pp0_iter11            |   1|   0|    1|          0|
    |ap_enable_reg_pp0_iter2             |   1|   0|    1|          0|
    |ap_enable_reg_pp0_iter3             |   1|   0|    1|          0|
    |ap_enable_reg_pp0_iter4             |   1|   0|    1|          0|
    |ap_enable_reg_pp0_iter5             |   1|   0|    1|          0|
    |ap_enable_reg_pp0_iter6             |   1|   0|    1|          0|
    |ap_enable_reg_pp0_iter7             |   1|   0|    1|          0|
    |ap_enable_reg_pp0_iter8             |   1|   0|    1|          0|
    |ap_enable_reg_pp0_iter9             |   1|   0|    1|          0|
    |i_0_reg_153                         |  10|   0|   10|          0|
    |i_reg_783                           |  10|   0|   10|          0|
    |icmp_ln2527_reg_788                 |   1|   0|    1|          0|
    |icmp_ln571_reg_824                  |   1|   0|    1|          0|
    |icmp_ln581_reg_838                  |   1|   0|    1|          0|
    |icmp_ln582_reg_850                  |   1|   0|    1|          0|
    |icmp_ln582_reg_850_pp0_iter9_reg    |   1|   0|    1|          0|
    |icmp_ln585_reg_863                  |   1|   0|    1|          0|
    |icmp_ln603_reg_868                  |   1|   0|    1|          0|
    |icmp_ln603_reg_868_pp0_iter9_reg    |   1|   0|    1|          0|
    |icmp_ln621_reg_911                  |   1|   0|    1|          0|
    |icmp_ln621_reg_911_pp0_iter10_reg   |   1|   0|    1|          0|
    |icmp_ln631_reg_935                  |   1|   0|    1|          0|
    |icmp_ln833_reg_818                  |   1|   0|    1|          0|
    |icmp_ln837_reg_874                  |   1|   0|    1|          0|
    |icmp_ln837_reg_874_pp0_iter10_reg   |   1|   0|    1|          0|
    |j_0_reg_164                         |  11|   0|   11|          0|
    |or_ln581_reg_901                    |   1|   0|    1|          0|
    |p_Result_13_reg_880                 |   1|   0|    1|          0|
    |p_Val2_19_reg_885                   |   8|   0|    8|          0|
    |p_Val2_20_reg_963                   |   8|   0|    8|          0|
    |select_ln639_2_reg_974              |   1|   0|    1|          0|
    |select_ln639_reg_969                |   1|   0|    1|          0|
    |tmp_60_reg_930                      |   1|   0|    1|          0|
    |tmp_V_4_reg_812                     |  52|   0|   52|          0|
    |tmp_reg_797                         |  16|   0|   16|          0|
    |trunc_ln583_reg_857                 |   8|   0|    8|          0|
    |trunc_ln583_reg_857_pp0_iter9_reg   |   8|   0|    8|          0|
    |x_assign_reg_807                    |  64|   0|   64|          0|
    |xor_ln621_2_reg_916                 |   1|   0|    1|          0|
    |zext_ln635_reg_941                  |  32|   0|   54|         22|
    |icmp_ln2527_reg_788                 |  64|  32|    1|          0|
    |icmp_ln571_reg_824                  |  64|  32|    1|          0|
    |icmp_ln833_reg_818                  |  64|  32|    1|          0|
    +------------------------------------+----+----+-----+-----------+
    |Total                               | 553|  96|  386|         22|
    +------------------------------------+----+----+-----+-----------+



================================================================
== Interface
================================================================
* Summary: 
+-----------------------------+-----+-----+------------+---------------------+--------------+
|          RTL Ports          | Dir | Bits|  Protocol  |    Source Object    |    C Type    |
+-----------------------------+-----+-----+------------+---------------------+--------------+
|ap_clk                       |  in |    1| ap_ctrl_hs |   ConvertScaleAbs   | return value |
|ap_rst                       |  in |    1| ap_ctrl_hs |   ConvertScaleAbs   | return value |
|ap_start                     |  in |    1| ap_ctrl_hs |   ConvertScaleAbs   | return value |
|ap_done                      | out |    1| ap_ctrl_hs |   ConvertScaleAbs   | return value |
|ap_continue                  |  in |    1| ap_ctrl_hs |   ConvertScaleAbs   | return value |
|ap_idle                      | out |    1| ap_ctrl_hs |   ConvertScaleAbs   | return value |
|ap_ready                     | out |    1| ap_ctrl_hs |   ConvertScaleAbs   | return value |
|p_src_data_stream_V_dout     |  in |   16|   ap_fifo  | p_src_data_stream_V |    pointer   |
|p_src_data_stream_V_empty_n  |  in |    1|   ap_fifo  | p_src_data_stream_V |    pointer   |
|p_src_data_stream_V_read     | out |    1|   ap_fifo  | p_src_data_stream_V |    pointer   |
|p_dst_data_stream_V_din      | out |    8|   ap_fifo  | p_dst_data_stream_V |    pointer   |
|p_dst_data_stream_V_full_n   |  in |    1|   ap_fifo  | p_dst_data_stream_V |    pointer   |
|p_dst_data_stream_V_write    | out |    1|   ap_fifo  | p_dst_data_stream_V |    pointer   |
+-----------------------------+-----+-----+------------+---------------------+--------------+

