

================================================================
== Vivado HLS Report for 'Filter2D'
================================================================
* Date:           Wed Nov 22 22:28:29 2023

* Version:        2019.2 (Build 2704478 on Wed Nov 06 22:10:23 MST 2019)
* Project:        lab04_HLS
* Solution:       solution1
* Product family: zynq
* Target device:  xc7z020-clg400-1


================================================================
== Performance Estimates
================================================================
+ Timing: 
    * Summary: 
    +--------+----------+-----------+------------+
    |  Clock |  Target  | Estimated | Uncertainty|
    +--------+----------+-----------+------------+
    |ap_clk  | 10.00 ns | 10.166 ns |   1.25 ns  |
    +--------+----------+-----------+------------+

+ Latency: 
    * Summary: 
    +---------+---------+----------+----------+--------+--------+---------+
    |  Latency (cycles) |  Latency (absolute) |     Interval    | Pipeline|
    |   min   |   max   |    min   |    max   |   min  |   max  |   Type  |
    +---------+---------+----------+----------+--------+--------+---------+
    |   930659|   930659| 9.461 ms | 9.461 ms |  930659|  930659|   none  |
    +---------+---------+----------+----------+--------+--------+---------+

    + Detail: 
        * Instance: 
        N/A

        * Loop: 
        +---------------+---------+---------+----------+-----------+-----------+------+----------+
        |               |  Latency (cycles) | Iteration|  Initiation Interval  | Trip |          |
        |   Loop Name   |   min   |   max   |  Latency |  achieved |   target  | Count| Pipelined|
        +---------------+---------+---------+----------+-----------+-----------+------+----------+
        |- loop_height  |   930658|   930658|      1289|          -|          -|   722|    no    |
        | + loop_width  |     1286|     1286|         6|          1|          1|  1282|    yes   |
        +---------------+---------+---------+----------+-----------+-----------+------+----------+



================================================================
== Utilization Estimates
================================================================
* Summary: 
+-----------------+---------+-------+--------+-------+-----+
|       Name      | BRAM_18K| DSP48E|   FF   |  LUT  | URAM|
+-----------------+---------+-------+--------+-------+-----+
|DSP              |        -|      4|       -|      -|    -|
|Expression       |        -|      0|       0|    719|    -|
|FIFO             |        -|      -|       -|      -|    -|
|Instance         |        -|      -|       0|     90|    -|
|Memory           |        3|      -|       0|      0|    0|
|Multiplexer      |        -|      -|       -|    108|    -|
|Register         |        0|      -|     477|     64|    -|
+-----------------+---------+-------+--------+-------+-----+
|Total            |        3|      4|     477|    981|    0|
+-----------------+---------+-------+--------+-------+-----+
|Available        |      280|    220|  106400|  53200|    0|
+-----------------+---------+-------+--------+-------+-----+
|Utilization (%)  |        1|      1|   ~0   |      1|    0|
+-----------------+---------+-------+--------+-------+-----+

+ Detail: 
    * Instance: 
    +--------------------------+----------------------+---------+-------+---+----+-----+
    |         Instance         |        Module        | BRAM_18K| DSP48E| FF| LUT| URAM|
    +--------------------------+----------------------+---------+-------+---+----+-----+
    |sobel_accel_mux_3hbi_U55  |sobel_accel_mux_3hbi  |        0|      0|  0|  15|    0|
    |sobel_accel_mux_3hbi_U56  |sobel_accel_mux_3hbi  |        0|      0|  0|  15|    0|
    |sobel_accel_mux_3hbi_U57  |sobel_accel_mux_3hbi  |        0|      0|  0|  15|    0|
    |sobel_accel_mux_3hbi_U58  |sobel_accel_mux_3hbi  |        0|      0|  0|  15|    0|
    |sobel_accel_mux_3hbi_U59  |sobel_accel_mux_3hbi  |        0|      0|  0|  15|    0|
    |sobel_accel_mux_3hbi_U60  |sobel_accel_mux_3hbi  |        0|      0|  0|  15|    0|
    +--------------------------+----------------------+---------+-------+---+----+-----+
    |Total                     |                      |        0|      0|  0|  90|    0|
    +--------------------------+----------------------+---------+-------+---+----+-----+

    * DSP48E: 
    +--------------------------+----------------------+--------------+
    |         Instance         |        Module        |  Expression  |
    +--------------------------+----------------------+--------------+
    |sobel_accel_mac_mpcA_U61  |sobel_accel_mac_mpcA  | i0 * i1 + i2 |
    |sobel_accel_mac_mqcK_U62  |sobel_accel_mac_mqcK  | i0 + i1 * i2 |
    |sobel_accel_mac_mrcU_U63  |sobel_accel_mac_mrcU  | i0 + i1 * i2 |
    |sobel_accel_mac_msc4_U64  |sobel_accel_mac_msc4  | i0 + i1 * i2 |
    +--------------------------+----------------------+--------------+

    * Memory: 
    +-----------------+----------------------+---------+---+----+-----+------+-----+------+-------------+
    |      Memory     |        Module        | BRAM_18K| FF| LUT| URAM| Words| Bits| Banks| W*Bits*Banks|
    +-----------------+----------------------+---------+---+----+-----+------+-----+------+-------------+
    |k_buf_0_val_3_U  |Filter2D_1_k_buf_eOg  |        1|  0|   0|    0|  1280|    8|     1|        10240|
    |k_buf_0_val_4_U  |Filter2D_1_k_buf_eOg  |        1|  0|   0|    0|  1280|    8|     1|        10240|
    |k_buf_0_val_5_U  |Filter2D_1_k_buf_eOg  |        1|  0|   0|    0|  1280|    8|     1|        10240|
    +-----------------+----------------------+---------+---+----+-----+------+-----+------+-------------+
    |Total            |                      |        3|  0|   0|    0|  3840|   24|     3|        30720|
    +-----------------+----------------------+---------+---+----+-----+------+-----+------+-------------+

    * FIFO: 
    N/A

    * Expression: 
    +-----------------------------------+----------+-------+---+----+------------+------------+
    |           Variable Name           | Operation| DSP48E| FF| LUT| Bitwidth P0| Bitwidth P1|
    +-----------------------------------+----------+-------+---+----+------------+------------+
    |mul_ln1118_4_fu_1032_p2            |     *    |      0|  0|  41|           8|           2|
    |mul_ln1118_5_fu_1041_p2            |     *    |      0|  0|  41|           8|           3|
    |ImagLoc_x_fu_688_p2                |     +    |      0|  0|  12|           2|          12|
    |add_ln118_fu_618_p2                |     +    |      0|  0|  10|           1|           2|
    |add_ln506_1_fu_506_p2              |     +    |      0|  0|  13|           3|          11|
    |add_ln506_2_fu_532_p2              |     +    |      0|  0|  13|           3|          11|
    |add_ln506_fu_430_p2                |     +    |      0|  0|  13|           2|          11|
    |add_ln507_fu_436_p2                |     +    |      0|  0|  10|           2|           2|
    |add_ln703_5_fu_1091_p2             |     +    |      0|  0|  13|          11|          11|
    |add_ln703_6_fu_1100_p2             |     +    |      0|  0|  12|          12|          12|
    |add_ln703_8_fu_1125_p2             |     +    |      0|  0|  12|          12|          12|
    |add_ln703_9_fu_1130_p2             |     +    |      0|  0|  14|          10|          10|
    |i_V_fu_374_p2                      |     +    |      0|  0|  14|          10|           1|
    |j_V_fu_666_p2                      |     +    |      0|  0|  13|          11|           1|
    |p_Val2_5_fu_1139_p2                |     +    |      0|  0|  12|          12|          12|
    |p_Val2_s_fu_1111_p2                |     +    |      0|  0|  12|          12|          12|
    |sub_ln1118_fu_995_p2               |     -    |      0|  0|  15|           1|           9|
    |sub_ln118_fu_586_p2                |     -    |      0|  0|  12|           3|           2|
    |sub_ln142_2_fu_728_p2              |     -    |      0|  0|  12|           1|          12|
    |sub_ln142_fu_476_p2                |     -    |      0|  0|  13|           1|          11|
    |sub_ln147_fu_752_p2                |     -    |      0|  0|  12|          12|          12|
    |sub_ln507_fu_500_p2                |     -    |      0|  0|  12|           3|           2|
    |and_ln118_1_fu_462_p2              |    and   |      0|  0|   2|           1|           1|
    |and_ln118_fu_714_p2                |    and   |      0|  0|   2|           1|           1|
    |and_ln144_fu_782_p2                |    and   |      0|  0|   2|           1|           1|
    |and_ln512_fu_805_p2                |    and   |      0|  0|   2|           1|           1|
    |and_ln786_fu_1179_p2               |    and   |      0|  0|   2|           1|           1|
    |ap_block_pp0                       |    and   |      0|  0|   2|           1|           1|
    |ap_block_state8_pp0_stage0_iter5   |    and   |      0|  0|   2|           1|           1|
    |ap_enable_state4_pp0_iter1_stage0  |    and   |      0|  0|   2|           1|           1|
    |ap_enable_state5_pp0_iter2_stage0  |    and   |      0|  0|   2|           1|           1|
    |ap_predicate_op140_load_state4     |    and   |      0|  0|   2|           1|           1|
    |ap_predicate_op141_read_state4     |    and   |      0|  0|   2|           1|           1|
    |ap_predicate_op142_store_state4    |    and   |      0|  0|   2|           1|           1|
    |ap_predicate_op144_store_state4    |    and   |      0|  0|   2|           1|           1|
    |ap_predicate_op148_read_state4     |    and   |      0|  0|   2|           1|           1|
    |ap_predicate_op170_store_state5    |    and   |      0|  0|   2|           1|           1|
    |overflow_fu_1173_p2                |    and   |      0|  0|   2|           1|           1|
    |underflow_fu_1189_p2               |    and   |      0|  0|   2|           1|           1|
    |icmp_ln118_1_fu_708_p2             |   icmp   |      0|  0|  13|          12|          11|
    |icmp_ln118_fu_456_p2               |   icmp   |      0|  0|  13|          11|          10|
    |icmp_ln144_1_fu_494_p2             |   icmp   |      0|  0|  13|          11|          10|
    |icmp_ln144_fu_746_p2               |   icmp   |      0|  0|  13|          12|          11|
    |icmp_ln443_fu_368_p2               |   icmp   |      0|  0|  13|          10|          10|
    |icmp_ln444_fu_660_p2               |   icmp   |      0|  0|  13|          11|          11|
    |icmp_ln879_1_fu_414_p2             |   icmp   |      0|  0|  13|          10|           1|
    |icmp_ln879_fu_408_p2               |   icmp   |      0|  0|  13|          10|           1|
    |icmp_ln887_fu_380_p2               |   icmp   |      0|  0|  13|          10|          10|
    |icmp_ln891_fu_682_p2               |   icmp   |      0|  0|  13|          10|           1|
    |icmp_ln899_1_fu_420_p2             |   icmp   |      0|  0|  13|          10|          10|
    |icmp_ln899_fu_402_p2               |   icmp   |      0|  0|  13|           9|           1|
    |ap_block_pp0_stage0_01001          |    or    |      0|  0|   2|           1|           1|
    |ap_block_state4_pp0_stage0_iter1   |    or    |      0|  0|   2|           1|           1|
    |or_ln118_fu_776_p2                 |    or    |      0|  0|   2|           1|           1|
    |or_ln340_1_fu_1200_p2              |    or    |      0|  0|   2|           1|           1|
    |or_ln340_fu_1194_p2                |    or    |      0|  0|   2|           1|           1|
    |or_ln457_fu_800_p2                 |    or    |      0|  0|   2|           1|           1|
    |or_ln785_fu_1164_p2                |    or    |      0|  0|   2|           1|           1|
    |col_buf_0_val_0_0_fu_854_p3        |  select  |      0|  0|   8|           1|           8|
    |col_buf_0_val_1_0_fu_872_p3        |  select  |      0|  0|   8|           1|           8|
    |col_buf_0_val_2_0_fu_889_p3        |  select  |      0|  0|   8|           1|           8|
    |p_dst_data_stream_V_din            |  select  |      0|  0|  16|           1|          16|
    |select_ln118_1_fu_642_p3           |  select  |      0|  0|   2|           1|           2|
    |select_ln118_3_fu_758_p3           |  select  |      0|  0|  12|           1|          12|
    |select_ln118_fu_604_p3             |  select  |      0|  0|   2|           1|           2|
    |select_ln139_1_fu_482_p3           |  select  |      0|  0|  11|           1|          11|
    |select_ln139_4_fu_596_p3           |  select  |      0|  0|   2|           1|           2|
    |select_ln139_5_fu_634_p3           |  select  |      0|  0|   2|           1|           2|
    |select_ln139_fu_734_p3             |  select  |      0|  0|  12|           1|          12|
    |select_ln340_fu_1206_p3            |  select  |      0|  0|  16|           1|          15|
    |select_ln388_fu_1214_p3            |  select  |      0|  0|  17|           1|          17|
    |select_ln507_1_fu_566_p3           |  select  |      0|  0|   2|           1|           2|
    |select_ln507_fu_558_p3             |  select  |      0|  0|   2|           1|           2|
    |src_kernel_win_0_va_23_fu_942_p3   |  select  |      0|  0|   8|           1|           8|
    |src_kernel_win_0_va_24_fu_960_p3   |  select  |      0|  0|   8|           1|           8|
    |src_kernel_win_0_va_25_fu_978_p3   |  select  |      0|  0|   8|           1|           8|
    |x_fu_788_p3                        |  select  |      0|  0|  13|           1|          13|
    |ap_enable_pp0                      |    xor   |      0|  0|   2|           1|           2|
    |xor_ln118_1_fu_580_p2              |    xor   |      0|  0|   3|           2|           3|
    |xor_ln118_6_fu_450_p2              |    xor   |      0|  0|   2|           1|           2|
    |xor_ln118_7_fu_624_p2              |    xor   |      0|  0|   2|           2|           2|
    |xor_ln118_8_fu_702_p2              |    xor   |      0|  0|   2|           1|           2|
    |xor_ln118_9_fu_770_p2              |    xor   |      0|  0|   2|           1|           2|
    |xor_ln457_fu_386_p2                |    xor   |      0|  0|   2|           1|           2|
    |xor_ln493_1_fu_574_p2              |    xor   |      0|  0|   2|           2|           2|
    |xor_ln493_2_fu_612_p2              |    xor   |      0|  0|   2|           2|           2|
    |xor_ln493_3_fu_650_p2              |    xor   |      0|  0|   2|           2|           2|
    |xor_ln493_fu_823_p2                |    xor   |      0|  0|   2|           2|           2|
    |xor_ln785_fu_1168_p2               |    xor   |      0|  0|   2|           1|           2|
    |xor_ln786_fu_1183_p2               |    xor   |      0|  0|   2|           2|           1|
    +-----------------------------------+----------+-------+---+----+------------+------------+
    |Total                              |          |      0|  0| 719|         329|         466|
    +-----------------------------------+----------+-------+---+----+------------+------------+

    * Multiplexer: 
    +-----------------------------------------+----+-----------+-----+-----------+
    |                   Name                  | LUT| Input Size| Bits| Total Bits|
    +-----------------------------------------+----+-----------+-----+-----------+
    |ap_NS_fsm                                |  27|          5|    1|          5|
    |ap_enable_reg_pp0_iter2                  |   9|          2|    1|          2|
    |ap_enable_reg_pp0_iter5                  |   9|          2|    1|          2|
    |ap_sig_allocacmp_right_border_buf_0_19   |   9|          2|    8|         16|
    |ap_sig_allocacmp_src_kernel_win_0_va_29  |   9|          2|    8|         16|
    |ap_sig_allocacmp_src_kernel_win_0_va_30  |   9|          2|    8|         16|
    |p_dst_data_stream_V_blk_n                |   9|          2|    1|          2|
    |p_src_data_stream_V_blk_n                |   9|          2|    1|          2|
    |t_V_2_reg_329                            |   9|          2|   11|         22|
    |t_V_reg_318                              |   9|          2|   10|         20|
    +-----------------------------------------+----+-----------+-----+-----------+
    |Total                                    | 108|         23|   50|        103|
    +-----------------------------------------+----+-----------+-----+-----------+

    * Register: 
    +-----------------------------------------------+----+----+-----+-----------+
    |                      Name                     | FF | LUT| Bits| Const Bits|
    +-----------------------------------------------+----+----+-----+-----------+
    |add_ln703_2_reg_1507                           |  12|   0|   12|          0|
    |add_ln703_reg_1502                             |  11|   0|   11|          0|
    |and_ln118_reg_1428                             |   1|   0|    1|          0|
    |and_ln118_reg_1428_pp0_iter1_reg               |   1|   0|    1|          0|
    |and_ln512_reg_1449                             |   1|   0|    1|          0|
    |ap_CS_fsm                                      |   4|   0|    4|          0|
    |ap_enable_reg_pp0_iter0                        |   1|   0|    1|          0|
    |ap_enable_reg_pp0_iter1                        |   1|   0|    1|          0|
    |ap_enable_reg_pp0_iter2                        |   1|   0|    1|          0|
    |ap_enable_reg_pp0_iter3                        |   1|   0|    1|          0|
    |ap_enable_reg_pp0_iter4                        |   1|   0|    1|          0|
    |ap_enable_reg_pp0_iter5                        |   1|   0|    1|          0|
    |i_V_reg_1370                                   |  10|   0|   10|          0|
    |icmp_ln444_reg_1419                            |   1|   0|    1|          0|
    |icmp_ln879_1_reg_1393                          |   1|   0|    1|          0|
    |icmp_ln879_reg_1389                            |   1|   0|    1|          0|
    |icmp_ln887_reg_1375                            |   1|   0|    1|          0|
    |icmp_ln899_1_reg_1397                          |   1|   0|    1|          0|
    |icmp_ln899_reg_1384                            |   1|   0|    1|          0|
    |k_buf_0_val_4_addr_reg_1471                    |  11|   0|   11|          0|
    |k_buf_0_val_5_addr_reg_1477                    |  11|   0|   11|          0|
    |mul_ln1118_4_reg_1512                          |  10|   0|   10|          0|
    |mul_ln1118_5_reg_1518                          |  11|   0|   11|          0|
    |or_ln457_reg_1442                              |   1|   0|    1|          0|
    |or_ln457_reg_1442_pp0_iter1_reg                |   1|   0|    1|          0|
    |p_Result_1_reg_1535                            |   1|   0|    1|          0|
    |p_Result_s_reg_1524                            |   1|   0|    1|          0|
    |p_Val2_5_reg_1530                              |  12|   0|   12|          0|
    |right_border_buf_0_14_fu_182                   |   8|   0|    8|          0|
    |right_border_buf_0_15_fu_186                   |   8|   0|    8|          0|
    |right_border_buf_0_16_fu_190                   |   8|   0|    8|          0|
    |right_border_buf_0_17_fu_194                   |   8|   0|    8|          0|
    |right_border_buf_0_18_fu_198                   |   8|   0|    8|          0|
    |right_border_buf_0_19_reg_1453                 |   8|   0|    8|          0|
    |right_border_buf_0_s_fu_178                    |   8|   0|    8|          0|
    |sext_ln1118_1_reg_1341                         |  10|   0|   10|          0|
    |sext_ln1118_2_reg_1346                         |  11|   0|   11|          0|
    |sext_ln1118_3_reg_1356                         |  10|   0|   10|          0|
    |sext_ln1118_reg_1336                           |  10|   0|   10|          0|
    |src_kernel_win_0_va_18_fu_158                  |   8|   0|    8|          0|
    |src_kernel_win_0_va_19_fu_162                  |   8|   0|    8|          0|
    |src_kernel_win_0_va_20_fu_166                  |   8|   0|    8|          0|
    |src_kernel_win_0_va_21_fu_170                  |   8|   0|    8|          0|
    |src_kernel_win_0_va_22_fu_174                  |   8|   0|    8|          0|
    |src_kernel_win_0_va_23_reg_1483                |   8|   0|    8|          0|
    |src_kernel_win_0_va_23_reg_1483_pp0_iter3_reg  |   8|   0|    8|          0|
    |src_kernel_win_0_va_24_reg_1490                |   8|   0|    8|          0|
    |src_kernel_win_0_va_24_reg_1490_pp0_iter3_reg  |   8|   0|    8|          0|
    |src_kernel_win_0_va_25_reg_1496                |   8|   0|    8|          0|
    |src_kernel_win_0_va_fu_154                     |   8|   0|    8|          0|
    |t_V_2_reg_329                                  |  11|   0|   11|          0|
    |t_V_reg_318                                    |  10|   0|   10|          0|
    |tmp_41_reg_1541                                |   1|   0|    1|          0|
    |trunc_ln458_reg_1437                           |   2|   0|    2|          0|
    |x_reg_1432                                     |  13|   0|   13|          0|
    |xor_ln457_reg_1379                             |   1|   0|    1|          0|
    |xor_ln493_1_reg_1404                           |   2|   0|    2|          0|
    |xor_ln493_2_reg_1409                           |   2|   0|    2|          0|
    |xor_ln493_3_reg_1414                           |   2|   0|    2|          0|
    |xor_ln493_reg_1464                             |   2|   0|    2|          0|
    |zext_ln1118_4_reg_1351                         |   4|   0|   12|          8|
    |zext_ln1118_5_reg_1361                         |   3|   0|   11|          8|
    |and_ln512_reg_1449                             |  64|  32|    1|          0|
    |icmp_ln444_reg_1419                            |  64|  32|    1|          0|
    +-----------------------------------------------+----+----+-----+-----------+
    |Total                                          | 477|  64|  367|         16|
    +-----------------------------------------------+----+----+-----+-----------+



================================================================
== Interface
================================================================
* Summary: 
+-----------------------------+-----+-----+------------+-------------------------+--------------+
|          RTL Ports          | Dir | Bits|  Protocol  |      Source Object      |    C Type    |
+-----------------------------+-----+-----+------------+-------------------------+--------------+
|ap_clk                       |  in |    1| ap_ctrl_hs |         Filter2D        | return value |
|ap_rst                       |  in |    1| ap_ctrl_hs |         Filter2D        | return value |
|ap_start                     |  in |    1| ap_ctrl_hs |         Filter2D        | return value |
|ap_done                      | out |    1| ap_ctrl_hs |         Filter2D        | return value |
|ap_idle                      | out |    1| ap_ctrl_hs |         Filter2D        | return value |
|ap_ready                     | out |    1| ap_ctrl_hs |         Filter2D        | return value |
|p_src_data_stream_V_dout     |  in |    8|   ap_fifo  |   p_src_data_stream_V   |    pointer   |
|p_src_data_stream_V_empty_n  |  in |    1|   ap_fifo  |   p_src_data_stream_V   |    pointer   |
|p_src_data_stream_V_read     | out |    1|   ap_fifo  |   p_src_data_stream_V   |    pointer   |
|p_dst_data_stream_V_din      | out |   16|   ap_fifo  |   p_dst_data_stream_V   |    pointer   |
|p_dst_data_stream_V_full_n   |  in |    1|   ap_fifo  |   p_dst_data_stream_V   |    pointer   |
|p_dst_data_stream_V_write    | out |    1|   ap_fifo  |   p_dst_data_stream_V   |    pointer   |
|p_kernel_val_0_V_1_read      |  in |    2|   ap_none  | p_kernel_val_0_V_1_read |    scalar    |
|p_kernel_val_0_V_2_read      |  in |    2|   ap_none  | p_kernel_val_0_V_2_read |    scalar    |
|p_kernel_val_1_V_0_read      |  in |    3|   ap_none  | p_kernel_val_1_V_0_read |    scalar    |
|p_kernel_val_1_V_2_read      |  in |    4|   ap_none  | p_kernel_val_1_V_2_read |    scalar    |
|p_kernel_val_2_V_0_read      |  in |    2|   ap_none  | p_kernel_val_2_V_0_read |    scalar    |
|p_kernel_val_2_V_1_read      |  in |    3|   ap_none  | p_kernel_val_2_V_1_read |    scalar    |
+-----------------------------+-----+-----+------------+-------------------------+--------------+

