

================================================================
== Vivado HLS Report for 'sobel_accel'
================================================================
* Date:           Wed Nov 22 22:28:33 2023

* Version:        2019.2 (Build 2704478 on Wed Nov 06 22:10:23 MST 2019)
* Project:        lab04_HLS
* Solution:       solution1
* Product family: zynq
* Target device:  xc7z020-clg400-1


================================================================
== Performance Estimates
================================================================
+ Timing: 
    * Summary: 
    +--------+----------+-----------+------------+
    |  Clock |  Target  | Estimated | Uncertainty|
    +--------+----------+-----------+------------+
    |ap_clk  | 10.00 ns | 10.575 ns |   1.25 ns  |
    +--------+----------+-----------+------------+

+ Latency: 
    * Summary: 
    +---------+---------+----------+----------+--------+--------+----------+
    |  Latency (cycles) |  Latency (absolute) |     Interval    | Pipeline |
    |   min   |   max   |    min   |    max   |   min  |   max  |   Type   |
    +---------+---------+----------+----------+--------+--------+----------+
    |   930980|   942511| 9.846 ms | 9.968 ms |  930962|  942482| dataflow |
    +---------+---------+----------+----------+--------+--------+----------+

    + Detail: 
        * Instance: 
        +-----------------------+--------------------+---------+---------+-----------+----------+--------+--------+---------+
        |                       |                    |  Latency (cycles) |  Latency (absolute)  |     Interval    | Pipeline|
        |        Instance       |       Module       |   min   |   max   |    min    |    max   |   min  |   max  |   Type  |
        +-----------------------+--------------------+---------+---------+-----------+----------+--------+--------+---------+
        |AddWeighted_U0         |AddWeighted         |        1|   942481| 10.575 ns | 9.967 ms |       1|  942481|   none  |
        |ConvertScaleAbs273_U0  |ConvertScaleAbs273  |   930961|   930961|  9.845 ms | 9.845 ms |  930961|  930961|   none  |
        |ConvertScaleAbs_U0     |ConvertScaleAbs     |   930961|   930961|  9.845 ms | 9.845 ms |  930961|  930961|   none  |
        |Sobel_U0               |Sobel               |   930660|   930660|  9.842 ms | 9.842 ms |  930660|  930660|   none  |
        |Sobel_1_U0             |Sobel_1             |   930660|   930660|  9.842 ms | 9.842 ms |  930660|  930660|   none  |
        |GaussianBlur_U0        |GaussianBlur        |   930660|   930660|  9.842 ms | 9.842 ms |  930660|  930660|   none  |
        |AXIvideo2Mat_U0        |AXIvideo2Mat        |        3|   925203| 31.726 ns | 9.784 ms |       3|  925203|   none  |
        |CvtColor_1_U0          |CvtColor_1          |        1|   925921| 10.575 ns | 9.792 ms |       1|  925921|   none  |
        |Mat2AXIvideo_U0        |Mat2AXIvideo        |   924481|   924481|  9.777 ms | 9.777 ms |  924481|  924481|   none  |
        |CvtColor_U0            |CvtColor            |        1|   923761| 10.575 ns | 9.769 ms |       1|  923761|   none  |
        |Duplicate_U0           |Duplicate           |   923761|   923761|  9.769 ms | 9.769 ms |  923761|  923761|   none  |
        |Block_proc_U0          |Block_proc          |        0|        0|    0 ns   |   0 ns   |       0|       0|   none  |
        +-----------------------+--------------------+---------+---------+-----------+----------+--------+--------+---------+

        * Loop: 
        N/A



================================================================
== Utilization Estimates
================================================================
* Summary: 
+-----------------+---------+-------+--------+-------+-----+
|       Name      | BRAM_18K| DSP48E|   FF   |  LUT  | URAM|
+-----------------+---------+-------+--------+-------+-----+
|DSP              |        -|      -|       -|      -|    -|
|Expression       |        -|      -|       0|     34|    -|
|FIFO             |        0|      -|     117|    508|    -|
|Instance         |        9|     43|    7668|  15034|    0|
|Memory           |        -|      -|       -|      -|    -|
|Multiplexer      |        -|      -|       -|     36|    -|
|Register         |        -|      -|       6|      -|    -|
+-----------------+---------+-------+--------+-------+-----+
|Total            |        9|     43|    7791|  15612|    0|
+-----------------+---------+-------+--------+-------+-----+
|Available        |      280|    220|  106400|  53200|    0|
+-----------------+---------+-------+--------+-------+-----+
|Utilization (%)  |        3|     19|       7|     29|    0|
+-----------------+---------+-------+--------+-------+-----+

+ Detail: 
    * Instance: 
    +---------------------------------+-------------------------------+---------+-------+------+------+-----+
    |             Instance            |             Module            | BRAM_18K| DSP48E|  FF  |  LUT | URAM|
    +---------------------------------+-------------------------------+---------+-------+------+------+-----+
    |AXIvideo2Mat_U0                  |AXIvideo2Mat                   |        0|      0|   325|   445|    0|
    |AddWeighted_U0                   |AddWeighted                    |        0|     28|  3540|  6449|    0|
    |Block_proc_U0                    |Block_proc                     |        0|      0|     3|    56|    0|
    |ConvertScaleAbs_U0               |ConvertScaleAbs                |        0|      0|   965|  2060|    0|
    |ConvertScaleAbs273_U0            |ConvertScaleAbs273             |        0|      0|   965|  2060|    0|
    |CvtColor_U0                      |CvtColor                       |        0|      0|    63|   195|    0|
    |CvtColor_1_U0                    |CvtColor_1                     |        0|      3|   238|   259|    0|
    |Duplicate_U0                     |Duplicate                      |        0|      0|    40|   168|    0|
    |GaussianBlur_U0                  |GaussianBlur                   |        3|      4|   486|  1044|    0|
    |Mat2AXIvideo_U0                  |Mat2AXIvideo                   |        0|      0|    43|   190|    0|
    |Sobel_U0                         |Sobel                          |        3|      4|   482|  1034|    0|
    |Sobel_1_U0                       |Sobel_1                        |        3|      4|   482|  1034|    0|
    |sobel_accel_CONTROL_BUS_s_axi_U  |sobel_accel_CONTROL_BUS_s_axi  |        0|      0|    36|    40|    0|
    +---------------------------------+-------------------------------+---------+-------+------+------+-----+
    |Total                            |                               |        9|     43|  7668| 15034|    0|
    +---------------------------------+-------------------------------+---------+-------+------+------+-----+

    * DSP48E: 
    N/A

    * Memory: 
    N/A

    * FIFO: 
    +-------------------------+---------+---+----+-----+------+-----+---------+
    |           Name          | BRAM_18K| FF| LUT| URAM| Depth| Bits| Size:D*B|
    +-------------------------+---------+---+----+-----+------+-----+---------+
    |blurred_data_stream_s_U  |        0|  5|   0|    -|     2|    8|       16|
    |dst_data_stream_0_V_U    |        0|  5|   0|    -|     2|    8|       16|
    |dst_data_stream_1_V_U    |        0|  5|   0|    -|     2|    8|       16|
    |dst_data_stream_2_V_U    |        0|  5|   0|    -|     2|    8|       16|
    |gray1_data_stream_0_U    |        0|  5|   0|    -|     2|    8|       16|
    |gray2_data_stream_0_U    |        0|  5|   0|    -|     2|    8|       16|
    |gray_data_stream_0_s_U   |        0|  5|   0|    -|     2|    8|       16|
    |sobel_g_cols_V_c29_U     |        0|  5|   0|    -|     2|   12|       24|
    |sobel_g_cols_V_c_U       |        0|  6|   0|    -|     8|   12|       96|
    |sobel_g_data_stream_s_U  |        0|  5|   0|    -|     2|    8|       16|
    |sobel_g_rows_V_c28_U     |        0|  5|   0|    -|     2|   11|       22|
    |sobel_g_rows_V_c_U       |        0|  6|   0|    -|     8|   11|       88|
    |sobel_x64_data_strea_U   |        0|  5|   0|    -|     2|   16|       32|
    |sobel_x_data_stream_s_U  |        0|  5|   0|    -|     2|    8|       16|
    |sobel_y64_data_strea_U   |        0|  5|   0|    -|     2|   16|       32|
    |sobel_y_data_stream_s_U  |        0|  5|   0|    -|     2|    8|       16|
    |src_cols_V_c27_U         |        0|  5|   0|    -|     2|   12|       24|
    |src_cols_V_c_U           |        0|  5|   0|    -|     2|   12|       24|
    |src_data_stream_0_V_U    |        0|  5|   0|    -|     2|    8|       16|
    |src_data_stream_1_V_U    |        0|  5|   0|    -|     2|    8|       16|
    |src_data_stream_2_V_U    |        0|  5|   0|    -|     2|    8|       16|
    |src_rows_V_c26_U         |        0|  5|   0|    -|     2|   11|       22|
    |src_rows_V_c_U           |        0|  5|   0|    -|     2|   11|       22|
    +-------------------------+---------+---+----+-----+------+-----+---------+
    |Total                    |        0|117|   0|    0|    58|  228|      594|
    +-------------------------+---------+---+----+-----+------+-----+---------+

    * Expression: 
    +----------------------------------+----------+-------+---+----+------------+------------+
    |           Variable Name          | Operation| DSP48E| FF| LUT| Bitwidth P0| Bitwidth P1|
    +----------------------------------+----------+-------+---+----+------------+------------+
    |AXIvideo2Mat_U0_ap_ready_count    |     +    |      0|  0|  10|           2|           1|
    |Block_proc_U0_ap_ready_count      |     +    |      0|  0|  10|           2|           1|
    |AXIvideo2Mat_U0_ap_start          |    and   |      0|  0|   2|           1|           1|
    |Block_proc_U0_ap_start            |    and   |      0|  0|   2|           1|           1|
    |Duplicate_U0_start_full_n         |    and   |      0|  0|   2|           1|           1|
    |ap_idle                           |    and   |      0|  0|   2|           1|           1|
    |ap_sync_ready                     |    and   |      0|  0|   2|           1|           1|
    |ap_sync_AXIvideo2Mat_U0_ap_ready  |    or    |      0|  0|   2|           1|           1|
    |ap_sync_Block_proc_U0_ap_ready    |    or    |      0|  0|   2|           1|           1|
    +----------------------------------+----------+-------+---+----+------------+------------+
    |Total                             |          |      0|  0|  34|          11|           9|
    +----------------------------------+----------+-------+---+----+------------+------------+

    * Multiplexer: 
    +--------------------------------------+----+-----------+-----+-----------+
    |                 Name                 | LUT| Input Size| Bits| Total Bits|
    +--------------------------------------+----+-----------+-----+-----------+
    |AXIvideo2Mat_U0_ap_ready_count        |   9|          2|    2|          4|
    |Block_proc_U0_ap_ready_count          |   9|          2|    2|          4|
    |ap_sync_reg_AXIvideo2Mat_U0_ap_ready  |   9|          2|    1|          2|
    |ap_sync_reg_Block_proc_U0_ap_ready    |   9|          2|    1|          2|
    +--------------------------------------+----+-----------+-----+-----------+
    |Total                                 |  36|          8|    6|         12|
    +--------------------------------------+----+-----------+-----+-----------+

    * Register: 
    +--------------------------------------+---+----+-----+-----------+
    |                 Name                 | FF| LUT| Bits| Const Bits|
    +--------------------------------------+---+----+-----+-----------+
    |AXIvideo2Mat_U0_ap_ready_count        |  2|   0|    2|          0|
    |Block_proc_U0_ap_ready_count          |  2|   0|    2|          0|
    |ap_sync_reg_AXIvideo2Mat_U0_ap_ready  |  1|   0|    1|          0|
    |ap_sync_reg_Block_proc_U0_ap_ready    |  1|   0|    1|          0|
    +--------------------------------------+---+----+-----+-----------+
    |Total                                 |  6|   0|    6|          0|
    +--------------------------------------+---+----+-----+-----------+



================================================================
== Interface
================================================================
* Summary: 
+---------------------------+-----+-----+------------+------------------------+--------------+
|         RTL Ports         | Dir | Bits|  Protocol  |      Source Object     |    C Type    |
+---------------------------+-----+-----+------------+------------------------+--------------+
|s_axi_CONTROL_BUS_AWVALID  |  in |    1|    s_axi   |       CONTROL_BUS      |  return void |
|s_axi_CONTROL_BUS_AWREADY  | out |    1|    s_axi   |       CONTROL_BUS      |  return void |
|s_axi_CONTROL_BUS_AWADDR   |  in |    4|    s_axi   |       CONTROL_BUS      |  return void |
|s_axi_CONTROL_BUS_WVALID   |  in |    1|    s_axi   |       CONTROL_BUS      |  return void |
|s_axi_CONTROL_BUS_WREADY   | out |    1|    s_axi   |       CONTROL_BUS      |  return void |
|s_axi_CONTROL_BUS_WDATA    |  in |   32|    s_axi   |       CONTROL_BUS      |  return void |
|s_axi_CONTROL_BUS_WSTRB    |  in |    4|    s_axi   |       CONTROL_BUS      |  return void |
|s_axi_CONTROL_BUS_ARVALID  |  in |    1|    s_axi   |       CONTROL_BUS      |  return void |
|s_axi_CONTROL_BUS_ARREADY  | out |    1|    s_axi   |       CONTROL_BUS      |  return void |
|s_axi_CONTROL_BUS_ARADDR   |  in |    4|    s_axi   |       CONTROL_BUS      |  return void |
|s_axi_CONTROL_BUS_RVALID   | out |    1|    s_axi   |       CONTROL_BUS      |  return void |
|s_axi_CONTROL_BUS_RREADY   |  in |    1|    s_axi   |       CONTROL_BUS      |  return void |
|s_axi_CONTROL_BUS_RDATA    | out |   32|    s_axi   |       CONTROL_BUS      |  return void |
|s_axi_CONTROL_BUS_RRESP    | out |    2|    s_axi   |       CONTROL_BUS      |  return void |
|s_axi_CONTROL_BUS_BVALID   | out |    1|    s_axi   |       CONTROL_BUS      |  return void |
|s_axi_CONTROL_BUS_BREADY   |  in |    1|    s_axi   |       CONTROL_BUS      |  return void |
|s_axi_CONTROL_BUS_BRESP    | out |    2|    s_axi   |       CONTROL_BUS      |  return void |
|ap_clk                     |  in |    1| ap_ctrl_hs |       sobel_accel      | return value |
|ap_rst_n                   |  in |    1| ap_ctrl_hs |       sobel_accel      | return value |
|interrupt                  | out |    1| ap_ctrl_hs |       sobel_accel      | return value |
|INPUT_STREAM_TDATA         |  in |   24|    axis    |  INPUT_STREAM_V_data_V |    pointer   |
|INPUT_STREAM_TKEEP         |  in |    3|    axis    |  INPUT_STREAM_V_keep_V |    pointer   |
|INPUT_STREAM_TSTRB         |  in |    3|    axis    |  INPUT_STREAM_V_strb_V |    pointer   |
|INPUT_STREAM_TUSER         |  in |    1|    axis    |  INPUT_STREAM_V_user_V |    pointer   |
|INPUT_STREAM_TLAST         |  in |    1|    axis    |  INPUT_STREAM_V_last_V |    pointer   |
|INPUT_STREAM_TID           |  in |    1|    axis    |   INPUT_STREAM_V_id_V  |    pointer   |
|INPUT_STREAM_TDEST         |  in |    1|    axis    |  INPUT_STREAM_V_dest_V |    pointer   |
|INPUT_STREAM_TVALID        |  in |    1|    axis    |  INPUT_STREAM_V_dest_V |    pointer   |
|INPUT_STREAM_TREADY        | out |    1|    axis    |  INPUT_STREAM_V_dest_V |    pointer   |
|OUTPUT_STREAM_TDATA        | out |   24|    axis    | OUTPUT_STREAM_V_data_V |    pointer   |
|OUTPUT_STREAM_TKEEP        | out |    3|    axis    | OUTPUT_STREAM_V_keep_V |    pointer   |
|OUTPUT_STREAM_TSTRB        | out |    3|    axis    | OUTPUT_STREAM_V_strb_V |    pointer   |
|OUTPUT_STREAM_TUSER        | out |    1|    axis    | OUTPUT_STREAM_V_user_V |    pointer   |
|OUTPUT_STREAM_TLAST        | out |    1|    axis    | OUTPUT_STREAM_V_last_V |    pointer   |
|OUTPUT_STREAM_TID          | out |    1|    axis    |  OUTPUT_STREAM_V_id_V  |    pointer   |
|OUTPUT_STREAM_TDEST        | out |    1|    axis    | OUTPUT_STREAM_V_dest_V |    pointer   |
|OUTPUT_STREAM_TVALID       | out |    1|    axis    | OUTPUT_STREAM_V_dest_V |    pointer   |
|OUTPUT_STREAM_TREADY       |  in |    1|    axis    | OUTPUT_STREAM_V_dest_V |    pointer   |
+---------------------------+-----+-----+------------+------------------------+--------------+

